#
# A fatal error has been detected by the Java Runtime Environment:
#
#  SIGBUS (0xa) at pc=0x00000001280014f0, pid=7725, tid=30731
#
# JRE version: OpenJDK Runtime Environment Temurin-17.0.5+8 (17.0.5+8) (build 17.0.5+8)
# Java VM: OpenJDK 64-Bit Server VM Temurin-17.0.5+8 (17.0.5+8, mixed mode, tiered, compressed oops, compressed class ptrs, g1 gc, bsd-aarch64)
# Problematic frame:
# v  ~StubRoutines::SafeFetchN
#
# No core dump will be written. Core dumps have been disabled. To enable core dumping, try "ulimit -c unlimited" before starting Java again
#
# If you would like to submit a bug report, please visit:
#   https://github.com/adoptium/adoptium-support/issues
# The crash happened outside the Java Virtual Machine in native code.
# See problematic frame for where to report the bug.
#

---------------  S U M M A R Y ------------

Command Line: -XX:+ShowCodeDetailsInExceptionMessages --module-path=/Users/pattingkasit/Documents/Gitlab Directory/Edit 3/2059/GUI/target/classes:/Users/pattingkasit/.m2/repository/org/openjfx/javafx-controls/17/javafx-controls-17-mac-aarch64.jar:/Users/pattingkasit/.m2/repository/org/openjfx/javafx-graphics/17/javafx-graphics-17-mac-aarch64.jar:/Users/pattingkasit/.m2/repository/org/openjfx/javafx-base/17/javafx-base-17-mac-aarch64.jar:/Users/pattingkasit/.m2/repository/org/openjfx/javafx-fxml/17/javafx-fxml-17-mac-aarch64.jar -Djdk.module.main=com.example.demo6 com.example.demo6/com.example.demo6.HelloApplication

Host: "Macmini9,1" arm64, 8 cores, 8G, Darwin 21.6.0, macOS 12.5 (21G72)
Time: Thu Dec  1 15:57:38 2022 +07 elapsed time: 0.526306 seconds (0d 0h 0m 0s)

---------------  T H R E A D  ---------------

Current thread (0x000000011e2b0800):  JavaThread "InvokeLaterDispatcher" daemon [_thread_in_native, id=30731, stack(0x00000001722b0000,0x00000001724b3000)]

Stack: [0x00000001722b0000,0x00000001724b3000],  sp=0x00000001724b2780,  free space=2057k
Native frames: (J=compiled Java code, j=interpreted, Vv=VM code, C=native code)
v  ~StubRoutines::SafeFetchN
V  [libjvm.dylib+0x7bf10c]  _ZN10OopStorage7releaseEPKP7oopDesc+0x20
V  [libjvm.dylib+0x4c8cf0]  jni_DeleteGlobalRef+0xd8
C  [libglass.dylib+0xab08]  -[GlassRunnable dealloc]+0x34
C  [Foundation+0x852e8]  -[_NSThreadPerformInfo dealloc]+0x30
C  [Foundation+0x5187c]  -[NSObject(NSThreadPerformAdditions) performSelectorOnMainThread:withObject:waitUntilDone:]+0x88
C  0xfa0c0001280098ac
j  com.sun.glass.ui.mac.MacApplication.submitForLaterInvocation(Ljava/lang/Runnable;)V+2 javafx.graphics
j  com.sun.glass.ui.InvokeLaterDispatcher.run()V+82 javafx.graphics
v  ~StubRoutines::call_stub
V  [libjvm.dylib+0x46d4f0]  _ZN9JavaCalls11call_helperEP9JavaValueRK12methodHandleP17JavaCallArgumentsP10JavaThread+0x38c
V  [libjvm.dylib+0x46c50c]  _ZN9JavaCalls12call_virtualEP9JavaValueP5KlassP6SymbolS5_P17JavaCallArgumentsP10JavaThread+0x11c
V  [libjvm.dylib+0x46c5d8]  _ZN9JavaCalls12call_virtualEP9JavaValue6HandleP5KlassP6SymbolS6_P10JavaThread+0x64
V  [libjvm.dylib+0x524abc]  _ZL12thread_entryP10JavaThreadS0_+0xc4
V  [libjvm.dylib+0x9a7184]  _ZN10JavaThread17thread_main_innerEv+0x150
V  [libjvm.dylib+0x9a580c]  _ZN6Thread8call_runEv+0xe0
V  [libjvm.dylib+0x7c5e4c]  _ZL19thread_native_entryP6Thread+0x158
C  [libsystem_pthread.dylib+0x726c]  _pthread_start+0x94

Java frames: (J=compiled Java code, j=interpreted, Vv=VM code)
j  com.sun.glass.ui.mac.MacApplication._submitForLaterInvocation(Ljava/lang/Runnable;)V+0 javafx.graphics
j  com.sun.glass.ui.mac.MacApplication.submitForLaterInvocation(Ljava/lang/Runnable;)V+2 javafx.graphics
j  com.sun.glass.ui.InvokeLaterDispatcher.run()V+82 javafx.graphics
v  ~StubRoutines::call_stub

siginfo: si_signo: 10 (SIGBUS), si_code: 1 (BUS_ADRALN), si_addr: 0x00000001280014f0

Register to memory mapping:

 x0=0x000000011cf0db08 points into unknown readable memory: 0x0000000000000000 | 00 00 00 00 00 00 00 00
 x1=0x0 is NULL
 x2=0x0000000787ac9b60 is an oop: com.sun.glass.ui.InvokeLaterDispatcher$Future 
{0x0000000787ac9b60} - klass: 'com/sun/glass/ui/InvokeLaterDispatcher$Future'
 - ---- fields (total size 3 words):
 - private 'done' 'Z' @12  true
 - private final 'runnable' 'Ljava/lang/Runnable;' @16  a 'com/sun/javafx/application/PlatformImpl$$Lambda$90+0x00000008001041f8'{0x0000000787a86460} (f0f50c8c)
 - final synthetic 'this$0' 'Lcom/sun/glass/ui/InvokeLaterDispatcher;' @20  a 'com/sun/glass/ui/InvokeLaterDispatcher'{0x000000078681fff8} (f0d03fff)
 x3=0x0 is NULL
 x4=0x00000000000130a8 is an unknown value
 x5=0x0 is NULL
 x6=0x0 is NULL
 x7=0x0 is NULL
 x8=0x00000001280014ec is at begin+0 in a stub
StubRoutines::SafeFetchN [0x00000001280014ec, 0x00000001280014f8] (12 bytes)
 x9=0x0 is NULL
x10=0x2010000030300000 is an unknown value
x11=0x0000000000000007 is an unknown value
x12=0x0000000000000003 is an unknown value
x13=0x000000011d92aa50 points into unknown readable memory: 0x947f000181d3d7f4 | f4 d7 d3 81 01 00 7f 94
x14=0x0000010000000000 is an unknown value
x15=0x00000001174d1f98: OBJC_CLASS_$_GlassRunnable+0 in /Users/pattingkasit/.openjfx/cache/17/libglass.dylib at 0x000000011748c000
x16=0x0000000180d9b0fc: pthread_getspecific+0 in /usr/lib/system/libsystem_pthread.dylib at 0x0000000180d99000
x17=0x000000011cfbd140 points into unknown readable memory: 0xfffffffffffffffe | fe ff ff ff ff ff ff ff
x18=0x0 is NULL
x19=0x000000011ce241d0 points into unknown readable memory: 0x000000011ce24240 | 40 42 e2 1c 01 00 00 00
x20=0x000000011cf0d900 points into unknown readable memory: 0x0000000000000000 | 00 00 00 00 00 00 00 00
x21=0x000000011cf0db08 points into unknown readable memory: 0x0000000000000000 | 00 00 00 00 00 00 00 00
x22=0x000000011e2b0800 is a thread
x23=0x0000000000000001 is an unknown value
x24=0x000000011cf0dac0 is a global jni handle
x25=0x0000000106474a98: _ZN12StubRoutines17_safefetchN_entryE+0 in /Library/Java/JavaVirtualMachines/temurin-17.jdk/Contents/Home/lib/server/libjvm.dylib at 0x000000010580c000
x26=0x000000011783dbe8 is pointing into metadata
x27=0x0 is NULL
x28=0x000000011e2b0800 is a thread


Registers:
 x0=0x000000011cf0db08  x1=0x0000000000000000  x2=0x0000000787ac9b60  x3=0x0000000000000000
 x4=0x00000000000130a8  x5=0x0000000000000000  x6=0x0000000000000000  x7=0x0000000000000000
 x8=0x00000001280014ec  x9=0x0000000000000000 x10=0x2010000030300000 x11=0x0000000000000007
x12=0x0000000000000003 x13=0x000000011d92aa50 x14=0x0000010000000000 x15=0x00000001174d1f98
x16=0x0000000180d9b0fc x17=0x000000011cfbd140 x18=0x0000000000000000 x19=0x000000011ce241d0
x20=0x000000011cf0d900 x21=0x000000011cf0db08 x22=0x000000011e2b0800 x23=0x0000000000000001
x24=0x000000011cf0dac0 x25=0x0000000106474a98 x26=0x000000011783dbe8 x27=0x0000000000000000
x28=0x000000011e2b0800  fp=0x00000001724b27c0  lr=0x0000000105fc9f00  sp=0x00000001724b2780
pc=0x00000001280014f0 cpsr=0x0000000060001000
Top of Stack: (sp=0x00000001724b2780)
0x00000001724b2780:   000000011783dbe8 0000000000000001
0x00000001724b2790:   00000001724b2988 0000000000000000
0x00000001724b27a0:   000000011d00dea8 000000011cf0dac0
0x00000001724b27b0:   000000011cf0dac0 000000011ce241d0
0x00000001724b27c0:   00000001724b2800 0000000105fcb10c
0x00000001724b27d0:   0000000000000001 000000011cf0dac0
0x00000001724b27e0:   000000011d00dea8 000000011cf0dac0
0x00000001724b27f0:   0000000000000001 000000011d00dc00
0x00000001724b2800:   00000001724b2840 0000000105cd4cf0
0x00000001724b2810:   00000001724b2988 000000011da14ff0
0x00000001724b2820:   000000011da220c0 00000001cb0db8f7
0x00000001724b2830:   0000000000000000 000000011da220c0
0x00000001724b2840:   00000001724b2870 0000000117496b08
0x00000001724b2850:   39492282c26600ea 0000000000000000
0x00000001724b2860:   0000000000000000 000000011cf12c60
0x00000001724b2870:   00000001724b28b0 0000000181d712e8
0x00000001724b2880:   00000001724b2988 000000011da14ff0
0x00000001724b2890:   000000011da220c0 39492282c26600ea
0x00000001724b28a0:   0000000000000000 0000000000000000
0x00000001724b28b0:   00000001724b28f0 a14e000181d3d87c
0x00000001724b28c0:   00000001724b2988 00000001280087c0
0x00000001724b28d0:   0000000000000000 000000010647c458
0x00000001724b28e0:   00000001724b2900 0000000128007730
0x00000001724b28f0:   00000001724b2960 fa0c0001280098ac
0x00000001724b2900:   00000001724b2900 00000001145a153d
0x00000001724b2910:   00000001724b2910 0000000000000000
0x00000001724b2920:   00000001724b2988 000000011783dbe8
0x00000001724b2930:   0000000786759d08 0000000000000000
0x00000001724b2940:   0000000000000000 0000000117818928
0x00000001724b2950:   0000000000000000 00000001724b2960
0x00000001724b2960:   00000001724b29e0 0000000128005fc8
0x00000001724b2970:   0000000000000000 0000000000000000 

Instructions: (pc=0x00000001280014f0)
0x00000001280013f0:   f2a0c889 f2c00029 6d425935 1e640886
0x0000000128001400:   0c402d31 1e6408c7 1f5654d0 1e6c1017
0x0000000128001410:   1f5050d0 1f504cd0 1f5048d0 1e650af6
0x0000000128001420:   1f50d8f6 1f5694d6 1f5158f6 1e762880
0x0000000128001430:   36000501 1e614000 14000026 2e251ca5
0x0000000128001440:   d2823009 f2a0c889 f2c00029 6d425d36
0x0000000128001450:   1e600806 0c402d32 1f5758c7 1e6c101a
0x0000000128001460:   1f4754c7 1e650805 1f4750c7 d2866668
0x0000000128001470:   f2a7fa68 1f474cc7 1e6608c0 1f4748c7
0x0000000128001480:   1e6e1019 eb08007f 540000ac 1f479400
0x0000000128001490:   1f460340 1e603b20 1400000e d2a7fd29
0x00000001280014a0:   eb09007f 540000ac 51480069 d3607d29
0x00000001280014b0:   9e670121 14000002 1e6a5001 1f679417
0x00000001280014c0:   1f668742 1e613b23 1e773857 1e773860
0x00000001280014d0:   a8c17ff3 910003bf a8c17bfd d65f03c0
0x00000001280014e0:   b9400001 aa0103e0 d65f03c0 f9400001
0x00000001280014f0:   aa0103e0 d65f03c0 00000000 00000000
0x0000000128001500:   00000000 00000000 00000000 00000000
0x0000000128001510:   00000000 00000000 00000000 00000000
0x0000000128001520:   00000000 00000000 00000000 00000000
0x0000000128001530:   00000000 00000000 00000000 00000000
0x0000000128001540:   00000000 00000000 00000000 00000000
0x0000000128001550:   00000000 00000000 00000000 00000000
0x0000000128001560:   00000000 00000000 00000000 00000000
0x0000000128001570:   00000000 00000000 00000000 00000000
0x0000000128001580:   00000000 00000000 00000000 00000000
0x0000000128001590:   00000000 00000000 00000000 00000000
0x00000001280015a0:   00000000 00000000 00000000 00000000
0x00000001280015b0:   00000000 00000000 00000000 00000000
0x00000001280015c0:   00000000 00000000 00000000 00000000
0x00000001280015d0:   00000000 00000000 00000000 00000000
0x00000001280015e0:   00000000 00000000 00000000 00000000 


Stack slot to memory mapping:
stack at sp + 0 slots: 0x000000011783dbe8 is pointing into metadata
stack at sp + 1 slots: 0x0000000000000001 is an unknown value
stack at sp + 2 slots: 0x00000001724b2988 is pointing into the stack for thread: 0x000000011e2b0800
stack at sp + 3 slots: 0x0 is NULL
stack at sp + 4 slots: 0x000000011d00dea8 points into unknown readable memory: 0x000000010642e8a8 | a8 e8 42 06 01 00 00 00
stack at sp + 5 slots: 0x000000011cf0dac0 is a global jni handle
stack at sp + 6 slots: 0x000000011cf0dac0 is a global jni handle
stack at sp + 7 slots: 0x000000011ce241d0 points into unknown readable memory: 0x000000011ce24240 | 40 42 e2 1c 01 00 00 00

StubRoutines::SafeFetchN [0x00000001280014ec, 0x00000001280014f8] (12 bytes)
[MachCode]
  0x00000001280014ec: 0100 40f9 | e003 01aa | c003 5fd6 
[/MachCode]

---------------  P R O C E S S  ---------------

Threads class SMR info:
_java_thread_list=0x000000011cfc8bb0, length=16, elements={
0x000000011d00b800, 0x000000011e0bbe00, 0x000000011e0be600, 0x000000011f01fa00,
0x000000011e80aa00, 0x000000011e80b000, 0x000000011e80b600, 0x000000011e80bc00,
0x000000011e814200, 0x000000011f020000, 0x000000011f074e00, 0x000000011e0c3200,
0x000000011e2b0800, 0x000000011d00dc00, 0x000000011d181e00, 0x000000011f184400
}

Java Threads: ( => current thread )
  0x000000011d00b800 JavaThread "main" [_thread_blocked, id=10243, stack(0x000000016fab4000,0x000000016fcb7000)]
  0x000000011e0bbe00 JavaThread "Reference Handler" daemon [_thread_blocked, id=14851, stack(0x0000000170908000,0x0000000170b0b000)]
  0x000000011e0be600 JavaThread "Finalizer" daemon [_thread_blocked, id=16131, stack(0x0000000170b14000,0x0000000170d17000)]
  0x000000011f01fa00 JavaThread "Signal Dispatcher" daemon [_thread_blocked, id=23555, stack(0x0000000170e38000,0x000000017103b000)]
  0x000000011e80aa00 JavaThread "Service Thread" daemon [_thread_blocked, id=43011, stack(0x0000000171044000,0x0000000171247000)]
  0x000000011e80b000 JavaThread "Monitor Deflation Thread" daemon [_thread_blocked, id=42499, stack(0x0000000171250000,0x0000000171453000)]
  0x000000011e80b600 JavaThread "C2 CompilerThread0" daemon [_thread_in_native, id=24067, stack(0x000000017145c000,0x000000017165f000)]
  0x000000011e80bc00 JavaThread "C1 CompilerThread0" daemon [_thread_blocked, id=41731, stack(0x0000000171668000,0x000000017186b000)]
  0x000000011e814200 JavaThread "Sweeper thread" daemon [_thread_blocked, id=41475, stack(0x0000000171874000,0x0000000171a77000)]
  0x000000011f020000 JavaThread "Common-Cleaner" daemon [_thread_blocked, id=41219, stack(0x0000000171a80000,0x0000000171c83000)]
  0x000000011f074e00 JavaThread "Notification Thread" daemon [_thread_blocked, id=24835, stack(0x0000000171c8c000,0x0000000171e8f000)]
  0x000000011e0c3200 JavaThread "QuantumRenderer-0" daemon [_thread_blocked, id=25603, stack(0x00000001720a4000,0x00000001722a7000)]
=>0x000000011e2b0800 JavaThread "InvokeLaterDispatcher" daemon [_thread_in_native, id=30731, stack(0x00000001722b0000,0x00000001724b3000)]
  0x000000011d00dc00 JavaThread "JavaFX Application Thread" [_thread_in_vm, id=259, stack(0x000000016f22c000,0x000000016fa28000)]
  0x000000011d181e00 JavaThread "JavaFX-Launcher" [_thread_blocked, id=78339, stack(0x0000000172754000,0x0000000172957000)]
  0x000000011f184400 JavaThread "PulseTimer-CVDisplayLink thread" daemon [_thread_in_native, id=80899, stack(0x00000001724bc000,0x000000017253f000)]

Other Threads:
  0x000000011d8541c0 VMThread "VM Thread" [stack: 0x00000001706fc000,0x00000001708ff000] [id=16643]
  0x000000011d87d100 WatcherThread [stack: 0x0000000171e98000,0x000000017209b000] [id=25091]
  0x000000011d80ec80 GCTaskThread "GC Thread#0" [stack: 0x000000016fcc0000,0x000000016fec3000] [id=11523]
  0x000000011da1d9c0 GCTaskThread "GC Thread#1" [stack: 0x0000000172960000,0x0000000172b63000] [id=77827]
  0x000000011da1e290 GCTaskThread "GC Thread#2" [stack: 0x0000000172b6c000,0x0000000172d6f000] [id=77315]
  0x000000011da1eb60 GCTaskThread "GC Thread#3" [stack: 0x0000000172d78000,0x0000000172f7b000] [id=57859]
  0x000000011da1f430 GCTaskThread "GC Thread#4" [stack: 0x0000000172f84000,0x0000000173187000] [id=58115]
  0x00000001180e1250 GCTaskThread "GC Thread#5" [stack: 0x0000000173190000,0x0000000173393000] [id=76803]
  0x000000011da220e0 GCTaskThread "GC Thread#6" [stack: 0x000000017339c000,0x000000017359f000] [id=76547]
  0x000000011d80fac0 ConcurrentGCThread "G1 Main Marker" [stack: 0x000000016fecc000,0x00000001700cf000] [id=18691]
  0x000000011d810820 ConcurrentGCThread "G1 Conc#0" [stack: 0x00000001700d8000,0x00000001702db000] [id=12291]
  0x000000011d82a660 ConcurrentGCThread "G1 Refine#0" [stack: 0x00000001702e4000,0x00000001704e7000] [id=12547]
  0x000000011d82b390 ConcurrentGCThread "G1 Service" [stack: 0x00000001704f0000,0x00000001706f3000] [id=12803]

Threads with active compile tasks:
C2 CompilerThread0      537 1039   !   4       com.sun.javafx.css.ParsedValueImpl::readBinary (688 bytes)

VM state: not at safepoint (normal execution)

VM Mutex/Monitor currently owned by a thread: None

Heap address: 0x0000000780000000, size: 2048 MB, Compressed Oops mode: Zero based, Oop shift amount: 3

CDS archive(s) not mapped
Compressed class space mapped at: 0x0000000800000000-0x0000000840000000, reserved size: 1073741824
Narrow klass base: 0x0000000800000000, Narrow klass shift: 0, Narrow klass range: 0x40000000

GC Precious Log:
 CPUs: 8 total, 8 available
 Memory: 8192M
 Large Page Support: Disabled
 NUMA Support: Disabled
 Compressed Oops: Enabled (Zero based)
 Heap Region Size: 1M
 Heap Min Capacity: 8M
 Heap Initial Capacity: 128M
 Heap Max Capacity: 2G
 Pre-touch: Disabled
 Parallel Workers: 8
 Concurrent Workers: 2
 Concurrent Refinement Workers: 8
 Periodic GC: Disabled

Heap:
 garbage-first heap   total 131072K, used 8711K [0x0000000780000000, 0x0000000800000000)
  region size 1024K, 9 young (9216K), 3 survivors (3072K)
 Metaspace       used 16684K, committed 16896K, reserved 1064960K
  class space    used 1805K, committed 1920K, reserved 1048576K

Heap Regions: E=young(eden), S=young(survivor), O=old, HS=humongous(starts), HC=humongous(continues), CS=collection set, F=free, OA=open archive, CA=closed archive, TAMS=top-at-mark-start (previous, next)
|   0|0x0000000780000000, 0x0000000780081c00, 0x0000000780100000| 50%| O|  |TAMS 0x0000000780000000, 0x0000000780000000| Untracked 
|   1|0x0000000780100000, 0x0000000780100000, 0x0000000780200000|  0%| F|  |TAMS 0x0000000780100000, 0x0000000780100000| Untracked 
|   2|0x0000000780200000, 0x0000000780200000, 0x0000000780300000|  0%| F|  |TAMS 0x0000000780200000, 0x0000000780200000| Untracked 
|   3|0x0000000780300000, 0x0000000780300000, 0x0000000780400000|  0%| F|  |TAMS 0x0000000780300000, 0x0000000780300000| Untracked 
|   4|0x0000000780400000, 0x0000000780400000, 0x0000000780500000|  0%| F|  |TAMS 0x0000000780400000, 0x0000000780400000| Untracked 
|   5|0x0000000780500000, 0x0000000780500000, 0x0000000780600000|  0%| F|  |TAMS 0x0000000780500000, 0x0000000780500000| Untracked 
|   6|0x0000000780600000, 0x0000000780600000, 0x0000000780700000|  0%| F|  |TAMS 0x0000000780600000, 0x0000000780600000| Untracked 
|   7|0x0000000780700000, 0x0000000780700000, 0x0000000780800000|  0%| F|  |TAMS 0x0000000780700000, 0x0000000780700000| Untracked 
|   8|0x0000000780800000, 0x0000000780800000, 0x0000000780900000|  0%| F|  |TAMS 0x0000000780800000, 0x0000000780800000| Untracked 
|   9|0x0000000780900000, 0x0000000780900000, 0x0000000780a00000|  0%| F|  |TAMS 0x0000000780900000, 0x0000000780900000| Untracked 
|  10|0x0000000780a00000, 0x0000000780a00000, 0x0000000780b00000|  0%| F|  |TAMS 0x0000000780a00000, 0x0000000780a00000| Untracked 
|  11|0x0000000780b00000, 0x0000000780b00000, 0x0000000780c00000|  0%| F|  |TAMS 0x0000000780b00000, 0x0000000780b00000| Untracked 
|  12|0x0000000780c00000, 0x0000000780c00000, 0x0000000780d00000|  0%| F|  |TAMS 0x0000000780c00000, 0x0000000780c00000| Untracked 
|  13|0x0000000780d00000, 0x0000000780d00000, 0x0000000780e00000|  0%| F|  |TAMS 0x0000000780d00000, 0x0000000780d00000| Untracked 
|  14|0x0000000780e00000, 0x0000000780e00000, 0x0000000780f00000|  0%| F|  |TAMS 0x0000000780e00000, 0x0000000780e00000| Untracked 
|  15|0x0000000780f00000, 0x0000000780f00000, 0x0000000781000000|  0%| F|  |TAMS 0x0000000780f00000, 0x0000000780f00000| Untracked 
|  16|0x0000000781000000, 0x0000000781000000, 0x0000000781100000|  0%| F|  |TAMS 0x0000000781000000, 0x0000000781000000| Untracked 
|  17|0x0000000781100000, 0x0000000781100000, 0x0000000781200000|  0%| F|  |TAMS 0x0000000781100000, 0x0000000781100000| Untracked 
|  18|0x0000000781200000, 0x0000000781200000, 0x0000000781300000|  0%| F|  |TAMS 0x0000000781200000, 0x0000000781200000| Untracked 
|  19|0x0000000781300000, 0x0000000781300000, 0x0000000781400000|  0%| F|  |TAMS 0x0000000781300000, 0x0000000781300000| Untracked 
|  20|0x0000000781400000, 0x0000000781400000, 0x0000000781500000|  0%| F|  |TAMS 0x0000000781400000, 0x0000000781400000| Untracked 
|  21|0x0000000781500000, 0x0000000781500000, 0x0000000781600000|  0%| F|  |TAMS 0x0000000781500000, 0x0000000781500000| Untracked 
|  22|0x0000000781600000, 0x0000000781600000, 0x0000000781700000|  0%| F|  |TAMS 0x0000000781600000, 0x0000000781600000| Untracked 
|  23|0x0000000781700000, 0x0000000781700000, 0x0000000781800000|  0%| F|  |TAMS 0x0000000781700000, 0x0000000781700000| Untracked 
|  24|0x0000000781800000, 0x0000000781800000, 0x0000000781900000|  0%| F|  |TAMS 0x0000000781800000, 0x0000000781800000| Untracked 
|  25|0x0000000781900000, 0x0000000781900000, 0x0000000781a00000|  0%| F|  |TAMS 0x0000000781900000, 0x0000000781900000| Untracked 
|  26|0x0000000781a00000, 0x0000000781a00000, 0x0000000781b00000|  0%| F|  |TAMS 0x0000000781a00000, 0x0000000781a00000| Untracked 
|  27|0x0000000781b00000, 0x0000000781b00000, 0x0000000781c00000|  0%| F|  |TAMS 0x0000000781b00000, 0x0000000781b00000| Untracked 
|  28|0x0000000781c00000, 0x0000000781c00000, 0x0000000781d00000|  0%| F|  |TAMS 0x0000000781c00000, 0x0000000781c00000| Untracked 
|  29|0x0000000781d00000, 0x0000000781d00000, 0x0000000781e00000|  0%| F|  |TAMS 0x0000000781d00000, 0x0000000781d00000| Untracked 
|  30|0x0000000781e00000, 0x0000000781e00000, 0x0000000781f00000|  0%| F|  |TAMS 0x0000000781e00000, 0x0000000781e00000| Untracked 
|  31|0x0000000781f00000, 0x0000000781f00000, 0x0000000782000000|  0%| F|  |TAMS 0x0000000781f00000, 0x0000000781f00000| Untracked 
|  32|0x0000000782000000, 0x0000000782000000, 0x0000000782100000|  0%| F|  |TAMS 0x0000000782000000, 0x0000000782000000| Untracked 
|  33|0x0000000782100000, 0x0000000782100000, 0x0000000782200000|  0%| F|  |TAMS 0x0000000782100000, 0x0000000782100000| Untracked 
|  34|0x0000000782200000, 0x0000000782200000, 0x0000000782300000|  0%| F|  |TAMS 0x0000000782200000, 0x0000000782200000| Untracked 
|  35|0x0000000782300000, 0x0000000782300000, 0x0000000782400000|  0%| F|  |TAMS 0x0000000782300000, 0x0000000782300000| Untracked 
|  36|0x0000000782400000, 0x0000000782400000, 0x0000000782500000|  0%| F|  |TAMS 0x0000000782400000, 0x0000000782400000| Untracked 
|  37|0x0000000782500000, 0x0000000782500000, 0x0000000782600000|  0%| F|  |TAMS 0x0000000782500000, 0x0000000782500000| Untracked 
|  38|0x0000000782600000, 0x0000000782600000, 0x0000000782700000|  0%| F|  |TAMS 0x0000000782600000, 0x0000000782600000| Untracked 
|  39|0x0000000782700000, 0x0000000782700000, 0x0000000782800000|  0%| F|  |TAMS 0x0000000782700000, 0x0000000782700000| Untracked 
|  40|0x0000000782800000, 0x0000000782800000, 0x0000000782900000|  0%| F|  |TAMS 0x0000000782800000, 0x0000000782800000| Untracked 
|  41|0x0000000782900000, 0x0000000782900000, 0x0000000782a00000|  0%| F|  |TAMS 0x0000000782900000, 0x0000000782900000| Untracked 
|  42|0x0000000782a00000, 0x0000000782a00000, 0x0000000782b00000|  0%| F|  |TAMS 0x0000000782a00000, 0x0000000782a00000| Untracked 
|  43|0x0000000782b00000, 0x0000000782b00000, 0x0000000782c00000|  0%| F|  |TAMS 0x0000000782b00000, 0x0000000782b00000| Untracked 
|  44|0x0000000782c00000, 0x0000000782c00000, 0x0000000782d00000|  0%| F|  |TAMS 0x0000000782c00000, 0x0000000782c00000| Untracked 
|  45|0x0000000782d00000, 0x0000000782d00000, 0x0000000782e00000|  0%| F|  |TAMS 0x0000000782d00000, 0x0000000782d00000| Untracked 
|  46|0x0000000782e00000, 0x0000000782e00000, 0x0000000782f00000|  0%| F|  |TAMS 0x0000000782e00000, 0x0000000782e00000| Untracked 
|  47|0x0000000782f00000, 0x0000000782f00000, 0x0000000783000000|  0%| F|  |TAMS 0x0000000782f00000, 0x0000000782f00000| Untracked 
|  48|0x0000000783000000, 0x0000000783000000, 0x0000000783100000|  0%| F|  |TAMS 0x0000000783000000, 0x0000000783000000| Untracked 
|  49|0x0000000783100000, 0x0000000783100000, 0x0000000783200000|  0%| F|  |TAMS 0x0000000783100000, 0x0000000783100000| Untracked 
|  50|0x0000000783200000, 0x0000000783200000, 0x0000000783300000|  0%| F|  |TAMS 0x0000000783200000, 0x0000000783200000| Untracked 
|  51|0x0000000783300000, 0x0000000783300000, 0x0000000783400000|  0%| F|  |TAMS 0x0000000783300000, 0x0000000783300000| Untracked 
|  52|0x0000000783400000, 0x0000000783400000, 0x0000000783500000|  0%| F|  |TAMS 0x0000000783400000, 0x0000000783400000| Untracked 
|  53|0x0000000783500000, 0x0000000783500000, 0x0000000783600000|  0%| F|  |TAMS 0x0000000783500000, 0x0000000783500000| Untracked 
|  54|0x0000000783600000, 0x0000000783600000, 0x0000000783700000|  0%| F|  |TAMS 0x0000000783600000, 0x0000000783600000| Untracked 
|  55|0x0000000783700000, 0x0000000783700000, 0x0000000783800000|  0%| F|  |TAMS 0x0000000783700000, 0x0000000783700000| Untracked 
|  56|0x0000000783800000, 0x0000000783800000, 0x0000000783900000|  0%| F|  |TAMS 0x0000000783800000, 0x0000000783800000| Untracked 
|  57|0x0000000783900000, 0x0000000783900000, 0x0000000783a00000|  0%| F|  |TAMS 0x0000000783900000, 0x0000000783900000| Untracked 
|  58|0x0000000783a00000, 0x0000000783a00000, 0x0000000783b00000|  0%| F|  |TAMS 0x0000000783a00000, 0x0000000783a00000| Untracked 
|  59|0x0000000783b00000, 0x0000000783b00000, 0x0000000783c00000|  0%| F|  |TAMS 0x0000000783b00000, 0x0000000783b00000| Untracked 
|  60|0x0000000783c00000, 0x0000000783c00000, 0x0000000783d00000|  0%| F|  |TAMS 0x0000000783c00000, 0x0000000783c00000| Untracked 
|  61|0x0000000783d00000, 0x0000000783d00000, 0x0000000783e00000|  0%| F|  |TAMS 0x0000000783d00000, 0x0000000783d00000| Untracked 
|  62|0x0000000783e00000, 0x0000000783e00000, 0x0000000783f00000|  0%| F|  |TAMS 0x0000000783e00000, 0x0000000783e00000| Untracked 
|  63|0x0000000783f00000, 0x0000000783f00000, 0x0000000784000000|  0%| F|  |TAMS 0x0000000783f00000, 0x0000000783f00000| Untracked 
|  64|0x0000000784000000, 0x0000000784000000, 0x0000000784100000|  0%| F|  |TAMS 0x0000000784000000, 0x0000000784000000| Untracked 
|  65|0x0000000784100000, 0x0000000784100000, 0x0000000784200000|  0%| F|  |TAMS 0x0000000784100000, 0x0000000784100000| Untracked 
|  66|0x0000000784200000, 0x0000000784200000, 0x0000000784300000|  0%| F|  |TAMS 0x0000000784200000, 0x0000000784200000| Untracked 
|  67|0x0000000784300000, 0x0000000784300000, 0x0000000784400000|  0%| F|  |TAMS 0x0000000784300000, 0x0000000784300000| Untracked 
|  68|0x0000000784400000, 0x0000000784400000, 0x0000000784500000|  0%| F|  |TAMS 0x0000000784400000, 0x0000000784400000| Untracked 
|  69|0x0000000784500000, 0x0000000784500000, 0x0000000784600000|  0%| F|  |TAMS 0x0000000784500000, 0x0000000784500000| Untracked 
|  70|0x0000000784600000, 0x0000000784600000, 0x0000000784700000|  0%| F|  |TAMS 0x0000000784600000, 0x0000000784600000| Untracked 
|  71|0x0000000784700000, 0x0000000784700000, 0x0000000784800000|  0%| F|  |TAMS 0x0000000784700000, 0x0000000784700000| Untracked 
|  72|0x0000000784800000, 0x0000000784800000, 0x0000000784900000|  0%| F|  |TAMS 0x0000000784800000, 0x0000000784800000| Untracked 
|  73|0x0000000784900000, 0x0000000784900000, 0x0000000784a00000|  0%| F|  |TAMS 0x0000000784900000, 0x0000000784900000| Untracked 
|  74|0x0000000784a00000, 0x0000000784a00000, 0x0000000784b00000|  0%| F|  |TAMS 0x0000000784a00000, 0x0000000784a00000| Untracked 
|  75|0x0000000784b00000, 0x0000000784b00000, 0x0000000784c00000|  0%| F|  |TAMS 0x0000000784b00000, 0x0000000784b00000| Untracked 
|  76|0x0000000784c00000, 0x0000000784c00000, 0x0000000784d00000|  0%| F|  |TAMS 0x0000000784c00000, 0x0000000784c00000| Untracked 
|  77|0x0000000784d00000, 0x0000000784d00000, 0x0000000784e00000|  0%| F|  |TAMS 0x0000000784d00000, 0x0000000784d00000| Untracked 
|  78|0x0000000784e00000, 0x0000000784e00000, 0x0000000784f00000|  0%| F|  |TAMS 0x0000000784e00000, 0x0000000784e00000| Untracked 
|  79|0x0000000784f00000, 0x0000000784f00000, 0x0000000785000000|  0%| F|  |TAMS 0x0000000784f00000, 0x0000000784f00000| Untracked 
|  80|0x0000000785000000, 0x0000000785000000, 0x0000000785100000|  0%| F|  |TAMS 0x0000000785000000, 0x0000000785000000| Untracked 
|  81|0x0000000785100000, 0x0000000785100000, 0x0000000785200000|  0%| F|  |TAMS 0x0000000785100000, 0x0000000785100000| Untracked 
|  82|0x0000000785200000, 0x0000000785200000, 0x0000000785300000|  0%| F|  |TAMS 0x0000000785200000, 0x0000000785200000| Untracked 
|  83|0x0000000785300000, 0x0000000785300000, 0x0000000785400000|  0%| F|  |TAMS 0x0000000785300000, 0x0000000785300000| Untracked 
|  84|0x0000000785400000, 0x0000000785400000, 0x0000000785500000|  0%| F|  |TAMS 0x0000000785400000, 0x0000000785400000| Untracked 
|  85|0x0000000785500000, 0x0000000785500000, 0x0000000785600000|  0%| F|  |TAMS 0x0000000785500000, 0x0000000785500000| Untracked 
|  86|0x0000000785600000, 0x0000000785600000, 0x0000000785700000|  0%| F|  |TAMS 0x0000000785600000, 0x0000000785600000| Untracked 
|  87|0x0000000785700000, 0x0000000785700000, 0x0000000785800000|  0%| F|  |TAMS 0x0000000785700000, 0x0000000785700000| Untracked 
|  88|0x0000000785800000, 0x0000000785800000, 0x0000000785900000|  0%| F|  |TAMS 0x0000000785800000, 0x0000000785800000| Untracked 
|  89|0x0000000785900000, 0x0000000785900000, 0x0000000785a00000|  0%| F|  |TAMS 0x0000000785900000, 0x0000000785900000| Untracked 
|  90|0x0000000785a00000, 0x0000000785a00000, 0x0000000785b00000|  0%| F|  |TAMS 0x0000000785a00000, 0x0000000785a00000| Untracked 
|  91|0x0000000785b00000, 0x0000000785b00000, 0x0000000785c00000|  0%| F|  |TAMS 0x0000000785b00000, 0x0000000785b00000| Untracked 
|  92|0x0000000785c00000, 0x0000000785c00000, 0x0000000785d00000|  0%| F|  |TAMS 0x0000000785c00000, 0x0000000785c00000| Untracked 
|  93|0x0000000785d00000, 0x0000000785d00000, 0x0000000785e00000|  0%| F|  |TAMS 0x0000000785d00000, 0x0000000785d00000| Untracked 
|  94|0x0000000785e00000, 0x0000000785e00000, 0x0000000785f00000|  0%| F|  |TAMS 0x0000000785e00000, 0x0000000785e00000| Untracked 
|  95|0x0000000785f00000, 0x0000000785f00000, 0x0000000786000000|  0%| F|  |TAMS 0x0000000785f00000, 0x0000000785f00000| Untracked 
|  96|0x0000000786000000, 0x0000000786000000, 0x0000000786100000|  0%| F|  |TAMS 0x0000000786000000, 0x0000000786000000| Untracked 
|  97|0x0000000786100000, 0x0000000786100000, 0x0000000786200000|  0%| F|  |TAMS 0x0000000786100000, 0x0000000786100000| Untracked 
|  98|0x0000000786200000, 0x0000000786200000, 0x0000000786300000|  0%| F|  |TAMS 0x0000000786200000, 0x0000000786200000| Untracked 
|  99|0x0000000786300000, 0x0000000786300000, 0x0000000786400000|  0%| F|  |TAMS 0x0000000786300000, 0x0000000786300000| Untracked 
| 100|0x0000000786400000, 0x0000000786400000, 0x0000000786500000|  0%| F|  |TAMS 0x0000000786400000, 0x0000000786400000| Untracked 
| 101|0x0000000786500000, 0x0000000786500000, 0x0000000786600000|  0%| F|  |TAMS 0x0000000786500000, 0x0000000786500000| Untracked 
| 102|0x0000000786600000, 0x0000000786700000, 0x0000000786700000|100%| S|CS|TAMS 0x0000000786600000, 0x0000000786600000| Complete 
| 103|0x0000000786700000, 0x0000000786800000, 0x0000000786800000|100%| S|CS|TAMS 0x0000000786700000, 0x0000000786700000| Complete 
| 104|0x0000000786800000, 0x0000000786900000, 0x0000000786900000|100%| S|CS|TAMS 0x0000000786800000, 0x0000000786800000| Complete 
| 105|0x0000000786900000, 0x0000000786900000, 0x0000000786a00000|  0%| F|  |TAMS 0x0000000786900000, 0x0000000786900000| Untracked 
| 106|0x0000000786a00000, 0x0000000786a00000, 0x0000000786b00000|  0%| F|  |TAMS 0x0000000786a00000, 0x0000000786a00000| Untracked 
| 107|0x0000000786b00000, 0x0000000786b00000, 0x0000000786c00000|  0%| F|  |TAMS 0x0000000786b00000, 0x0000000786b00000| Untracked 
| 108|0x0000000786c00000, 0x0000000786c00000, 0x0000000786d00000|  0%| F|  |TAMS 0x0000000786c00000, 0x0000000786c00000| Untracked 
| 109|0x0000000786d00000, 0x0000000786d00000, 0x0000000786e00000|  0%| F|  |TAMS 0x0000000786d00000, 0x0000000786d00000| Untracked 
| 110|0x0000000786e00000, 0x0000000786e00000, 0x0000000786f00000|  0%| F|  |TAMS 0x0000000786e00000, 0x0000000786e00000| Untracked 
| 111|0x0000000786f00000, 0x0000000786f00000, 0x0000000787000000|  0%| F|  |TAMS 0x0000000786f00000, 0x0000000786f00000| Untracked 
| 112|0x0000000787000000, 0x0000000787000000, 0x0000000787100000|  0%| F|  |TAMS 0x0000000787000000, 0x0000000787000000| Untracked 
| 113|0x0000000787100000, 0x0000000787100000, 0x0000000787200000|  0%| F|  |TAMS 0x0000000787100000, 0x0000000787100000| Untracked 
| 114|0x0000000787200000, 0x0000000787200000, 0x0000000787300000|  0%| F|  |TAMS 0x0000000787200000, 0x0000000787200000| Untracked 
| 115|0x0000000787300000, 0x0000000787300000, 0x0000000787400000|  0%| F|  |TAMS 0x0000000787300000, 0x0000000787300000| Untracked 
| 116|0x0000000787400000, 0x0000000787400000, 0x0000000787500000|  0%| F|  |TAMS 0x0000000787400000, 0x0000000787400000| Untracked 
| 117|0x0000000787500000, 0x0000000787500000, 0x0000000787600000|  0%| F|  |TAMS 0x0000000787500000, 0x0000000787500000| Untracked 
| 118|0x0000000787600000, 0x0000000787600000, 0x0000000787700000|  0%| F|  |TAMS 0x0000000787600000, 0x0000000787600000| Untracked 
| 119|0x0000000787700000, 0x0000000787700000, 0x0000000787800000|  0%| F|  |TAMS 0x0000000787700000, 0x0000000787700000| Untracked 
| 120|0x0000000787800000, 0x0000000787800000, 0x0000000787900000|  0%| F|  |TAMS 0x0000000787800000, 0x0000000787800000| Untracked 
| 121|0x0000000787900000, 0x0000000787900000, 0x0000000787a00000|  0%| F|  |TAMS 0x0000000787900000, 0x0000000787900000| Untracked 
| 122|0x0000000787a00000, 0x0000000787b00000, 0x0000000787b00000|100%| E|  |TAMS 0x0000000787a00000, 0x0000000787a00000| Complete 
| 123|0x0000000787b00000, 0x0000000787c00000, 0x0000000787c00000|100%| E|CS|TAMS 0x0000000787b00000, 0x0000000787b00000| Complete 
| 124|0x0000000787c00000, 0x0000000787d00000, 0x0000000787d00000|100%| E|CS|TAMS 0x0000000787c00000, 0x0000000787c00000| Complete 
| 125|0x0000000787d00000, 0x0000000787e00000, 0x0000000787e00000|100%| E|CS|TAMS 0x0000000787d00000, 0x0000000787d00000| Complete 
| 126|0x0000000787e00000, 0x0000000787f00000, 0x0000000787f00000|100%| E|CS|TAMS 0x0000000787e00000, 0x0000000787e00000| Complete 
| 127|0x0000000787f00000, 0x0000000788000000, 0x0000000788000000|100%| E|CS|TAMS 0x0000000787f00000, 0x0000000787f00000| Complete 

Card table byte_map: [0x0000000104cec000,0x00000001050ec000] _byte_map_base: 0x00000001010ec000

Marking Bits (Prev, Next): (CMBitMap*) 0x000000011e027610, (CMBitMap*) 0x000000011e027650
 Prev Bits: [0x000000010e2a0000, 0x00000001102a0000)
 Next Bits: [0x00000001102a0000, 0x00000001122a0000)

Polling page: 0x0000000100558000

Metaspace:

Usage:
  Non-class:     14.53 MB used.
      Class:      1.76 MB used.
       Both:     16.29 MB used.

Virtual space:
  Non-class space:       16.00 MB reserved,      14.62 MB ( 91%) committed,  2 nodes.
      Class space:        1.00 GB reserved,       1.88 MB ( <1%) committed,  1 nodes.
             Both:        1.02 GB reserved,      16.50 MB (  2%) committed. 

Chunk freelists:
   Non-Class:  642.00 KB
       Class:  2.00 MB
        Both:  2.62 MB

MaxMetaspaceSize: unlimited
CompressedClassSpaceSize: 1.00 GB
Initial GC threshold: 21.00 MB
Current GC threshold: 21.00 MB
CDS: off
MetaspaceReclaimPolicy: balanced
 - commit_granule_bytes: 65536.
 - commit_granule_words: 8192.
 - virtual_space_node_default_size: 1048576.
 - enlarge_chunks_in_place: 1.
 - new_chunks_are_fully_committed: 0.
 - uncommit_free_chunks: 1.
 - use_allocation_guard: 0.
 - handle_deallocations: 1.


Internal statistics:

num_allocs_failed_limit: 0.
num_arena_births: 122.
num_arena_deaths: 0.
num_vsnodes_births: 3.
num_vsnodes_deaths: 0.
num_space_committed: 264.
num_space_uncommitted: 0.
num_chunks_returned_to_freelist: 0.
num_chunks_taken_from_freelist: 375.
num_chunk_merges: 0.
num_chunk_splits: 247.
num_chunks_enlarged: 190.
num_purges: 0.
num_inconsistent_stats: 0.

CodeHeap 'non-profiled nmethods': size=120032Kb used=290Kb max_used=290Kb free=119741Kb
 bounds [0x000000012fac8000, 0x000000012fd38000, 0x0000000137000000]
CodeHeap 'profiled nmethods': size=120016Kb used=2125Kb max_used=2125Kb free=117890Kb
 bounds [0x0000000128594000, 0x0000000128804000, 0x000000012fac8000]
CodeHeap 'non-nmethods': size=5712Kb used=1245Kb max_used=1257Kb free=4466Kb
 bounds [0x0000000128000000, 0x0000000128270000, 0x0000000128594000]
 total_blobs=1688 nmethods=1110 adapters=495
 compilation: enabled
              stopped_count=0, restarted_count=0
 full_count=0

Compilation events (20 events):
Event: 0.516 Thread 0x000000011e80bc00 nmethod 1146 0x00000001287a0e10 code [0x00000001287a1000, 0x00000001287a1508]
Event: 0.516 Thread 0x000000011e80bc00 1148       3       java.util.ImmutableCollections$MapN::probe (60 bytes)
Event: 0.516 Thread 0x000000011e80bc00 nmethod 1148 0x00000001287a1710 code [0x00000001287a1900, 0x00000001287a1ec8]
Event: 0.516 Thread 0x000000011e80bc00 1147       3       java.util.Map::entry (10 bytes)
Event: 0.516 Thread 0x000000011e80bc00 nmethod 1147 0x00000001287a2110 code [0x00000001287a2340, 0x00000001287a2888]
Event: 0.517 Thread 0x000000011e80bc00 1149       3       com.sun.org.apache.xerces.internal.impl.XMLEntityScanner::checkBeforeLoad (140 bytes)
Event: 0.517 Thread 0x000000011e80bc00 nmethod 1149 0x00000001287a2a90 code [0x00000001287a2cc0, 0x00000001287a3328]
Event: 0.517 Thread 0x000000011e80bc00 1150       3       com.sun.org.apache.xerces.internal.impl.XMLEntityScanner::checkEntityLimit (50 bytes)
Event: 0.517 Thread 0x000000011e80bc00 nmethod 1150 0x00000001287a3510 code [0x00000001287a3700, 0x00000001287a3a88]
Event: 0.517 Thread 0x000000011e80bc00 1151       3       java.lang.Class::reflectionData (43 bytes)
Event: 0.517 Thread 0x000000011e80bc00 nmethod 1151 0x00000001287a3c10 code [0x00000001287a3e00, 0x00000001287a4288]
Event: 0.517 Thread 0x000000011e80bc00 1152       3       com.sun.org.apache.xerces.internal.util.XMLChar::isSpace (22 bytes)
Event: 0.517 Thread 0x000000011e80bc00 nmethod 1152 0x00000001287a4410 code [0x00000001287a45c0, 0x00000001287a4768]
Event: 0.517 Thread 0x000000011e80bc00 1154       3       com.sun.javafx.fxml.BeanAdapter$MethodCache::getMethod (99 bytes)
Event: 0.517 Thread 0x000000011e80bc00 nmethod 1154 0x00000001287a4810 code [0x00000001287a4ac0, 0x00000001287a56f8]
Event: 0.518 Thread 0x000000011e80bc00 1155       3       java.lang.invoke.BoundMethodHandle::rebind (14 bytes)
Event: 0.518 Thread 0x000000011e80bc00 nmethod 1155 0x00000001287a5a90 code [0x00000001287a5cc0, 0x00000001287a62f8]
Event: 0.518 Thread 0x000000011e80bc00 1156       3       java.lang.invoke.BoundMethodHandle::tooComplex (27 bytes)
Event: 0.518 Thread 0x000000011e80bc00 nmethod 1156 0x00000001287a6510 code [0x00000001287a6700, 0x00000001287a6c48]
Event: 0.526 Thread 0x000000011e80bc00 1157       3       java.util.Arrays::hashCode (56 bytes)

GC Heap History (2 events):
Event: 0.458 GC heap before
{Heap before GC invocations=0 (full 0):
 garbage-first heap   total 131072K, used 22528K [0x0000000780000000, 0x0000000800000000)
  region size 1024K, 23 young (23552K), 0 survivors (0K)
 Metaspace       used 13994K, committed 14144K, reserved 1064960K
  class space    used 1517K, committed 1600K, reserved 1048576K
}
Event: 0.460 GC heap after
{Heap after GC invocations=1 (full 0):
 garbage-first heap   total 131072K, used 3591K [0x0000000780000000, 0x0000000800000000)
  region size 1024K, 3 young (3072K), 3 survivors (3072K)
 Metaspace       used 13994K, committed 14144K, reserved 1064960K
  class space    used 1517K, committed 1600K, reserved 1048576K
}

Dll operation events (11 events):
Event: 0.014 Loaded shared library /Library/Java/JavaVirtualMachines/temurin-17.jdk/Contents/Home/lib/libjava.dylib
Event: 0.047 Loaded shared library /Library/Java/JavaVirtualMachines/temurin-17.jdk/Contents/Home/lib/libnio.dylib
Event: 0.066 Loaded shared library /Library/Java/JavaVirtualMachines/temurin-17.jdk/Contents/Home/lib/libnet.dylib
Event: 0.078 Loaded shared library /Library/Java/JavaVirtualMachines/temurin-17.jdk/Contents/Home/lib/libzip.dylib
Event: 0.143 Loading shared library /Users/pattingkasit/.m2/repository/org/openjfx/javafx-graphics/17/libprism_es2.dylib failed, dlopen(/Users/pattingkasit/.m2/repository/org/openjfx/javafx-graphics/17/libprism_es2.dylib, 0x0001): tried: '/Users/pattingkasit/.m2/repos
Event: 0.159 Loaded shared library /Users/pattingkasit/.openjfx/cache/17/libprism_es2.dylib
Event: 0.200 Loading shared library /Users/pattingkasit/.m2/repository/org/openjfx/javafx-graphics/17/libglass.dylib failed, dlopen(/Users/pattingkasit/.m2/repository/org/openjfx/javafx-graphics/17/libglass.dylib, 0x0001): tried: '/Users/pattingkasit/.m2/repository/or
Event: 0.206 Loaded shared library /Users/pattingkasit/.openjfx/cache/17/libglass.dylib
Event: 0.391 Loaded shared library /Library/Java/JavaVirtualMachines/temurin-17.jdk/Contents/Home/lib/libjimage.dylib
Event: 0.440 Loading shared library /Users/pattingkasit/.m2/repository/org/openjfx/javafx-graphics/17/libjavafx_font.dylib failed, dlopen(/Users/pattingkasit/.m2/repository/org/openjfx/javafx-graphics/17/libjavafx_font.dylib, 0x0001): tried: '/Users/pattingkasit/.m2/r
Event: 0.442 Loaded shared library /Users/pattingkasit/.openjfx/cache/17/libjavafx_font.dylib

Deoptimization events (20 events):
Event: 0.455 Thread 0x000000011d00dc00 Uncommon trap: trap_request=0xffffffde fr.pc=0x000000012fb064ec relative=0x000000000000042c
Event: 0.455 Thread 0x000000011d00dc00 Uncommon trap: reason=class_check action=maybe_recompile pc=0x000000012fb064ec method=java.io.DataInputStream.readShort()S @ 4 c2
Event: 0.455 Thread 0x000000011d00dc00 DEOPT PACKING pc=0x000000012fb064ec sp=0x000000016fa212e0
Event: 0.455 Thread 0x000000011d00dc00 DEOPT UNPACKING pc=0x000000012803ed1c sp=0x000000016fa21280 mode 2
Event: 0.458 Thread 0x000000011d00dc00 Uncommon trap: trap_request=0xffffffde fr.pc=0x000000012fb064ec relative=0x000000000000042c
Event: 0.458 Thread 0x000000011d00dc00 Uncommon trap: reason=class_check action=maybe_recompile pc=0x000000012fb064ec method=java.io.DataInputStream.readShort()S @ 4 c2
Event: 0.458 Thread 0x000000011d00dc00 DEOPT PACKING pc=0x000000012fb064ec sp=0x000000016fa212e0
Event: 0.458 Thread 0x000000011d00dc00 DEOPT UNPACKING pc=0x000000012803ed1c sp=0x000000016fa21280 mode 2
Event: 0.458 Thread 0x000000011d00dc00 Uncommon trap: trap_request=0xffffffde fr.pc=0x000000012fb064ec relative=0x000000000000042c
Event: 0.458 Thread 0x000000011d00dc00 Uncommon trap: reason=class_check action=maybe_recompile pc=0x000000012fb064ec method=java.io.DataInputStream.readShort()S @ 4 c2
Event: 0.458 Thread 0x000000011d00dc00 DEOPT PACKING pc=0x000000012fb064ec sp=0x000000016fa21180
Event: 0.458 Thread 0x000000011d00dc00 DEOPT UNPACKING pc=0x000000012803ed1c sp=0x000000016fa21120 mode 2
Event: 0.462 Thread 0x000000011d00dc00 Uncommon trap: trap_request=0xffffff45 fr.pc=0x000000012fb020a4 relative=0x0000000000000464
Event: 0.462 Thread 0x000000011d00dc00 Uncommon trap: reason=unstable_if action=reinterpret pc=0x000000012fb020a4 method=java.util.HashMap.putVal(ILjava/lang/Object;Ljava/lang/Object;ZZ)Ljava/lang/Object; @ 162 c2
Event: 0.462 Thread 0x000000011d00dc00 DEOPT PACKING pc=0x000000012fb020a4 sp=0x000000016fa212d0
Event: 0.462 Thread 0x000000011d00dc00 DEOPT UNPACKING pc=0x000000012803ed1c sp=0x000000016fa21220 mode 2
Event: 0.497 Thread 0x000000011d00dc00 Uncommon trap: trap_request=0xffffff45 fr.pc=0x000000012fada838 relative=0x00000000000000f8
Event: 0.497 Thread 0x000000011d00dc00 Uncommon trap: reason=unstable_if action=reinterpret pc=0x000000012fada838 method=java.lang.StringLatin1.lastIndexOf([BI[BII)I @ 86 c2
Event: 0.497 Thread 0x000000011d00dc00 DEOPT PACKING pc=0x000000012fada838 sp=0x000000016fa21980
Event: 0.497 Thread 0x000000011d00dc00 DEOPT UNPACKING pc=0x000000012803ed1c sp=0x000000016fa218e0 mode 2

Classes unloaded (0 events):
No events

Classes redefined (0 events):
No events

Internal exceptions (19 events):
Event: 0.070 Thread 0x000000011d00b800 Exception <a 'java/lang/NoSuchMethodError'{0x0000000787e2e768}: 'void java.lang.invoke.DirectMethodHandle$Holder.invokeVirtual(java.lang.Object, java.lang.Object)'> (0x0000000787e2e768) 
thrown [src/hotspot/share/interpreter/linkResolver.cpp, line 759]
Event: 0.102 Thread 0x000000011d00b800 Exception <a 'java/lang/NoSuchMethodError'{0x0000000787b8af80}: 'java.lang.Object java.lang.invoke.DirectMethodHandle$Holder.invokeStaticInit(java.lang.Object)'> (0x0000000787b8af80) 
thrown [src/hotspot/share/interpreter/linkResolver.cpp, line 759]
Event: 0.104 Thread 0x000000011d00b800 Exception <a 'java/lang/NoSuchMethodError'{0x0000000787b99a80}: 'void java.lang.invoke.DirectMethodHandle$Holder.invokeStatic(java.lang.Object, java.lang.Object)'> (0x0000000787b99a80) 
thrown [src/hotspot/share/interpreter/linkResolver.cpp, line 759]
Event: 0.128 Thread 0x000000011d00b800 Exception <a 'java/lang/NoSuchMethodError'{0x00000007878312d0}: 'void java.lang.invoke.DirectMethodHandle$Holder.invokeSpecial(java.lang.Object, java.lang.Object, java.lang.Object)'> (0x00000007878312d0) 
thrown [src/hotspot/share/interpreter/linkResolver.cpp, line 759]
Event: 0.132 Thread 0x000000011d00b800 Exception <a 'java/lang/NoSuchMethodError'{0x00000007878708a0}: 'void java.lang.invoke.DirectMethodHandle$Holder.invokeStatic(java.lang.Object, java.lang.Object, java.lang.Object)'> (0x00000007878708a0) 
thrown [src/hotspot/share/interpreter/linkResolver.cpp, line 759]
Event: 0.195 Thread 0x000000011d00b800 Exception <a 'java/lang/NoSuchMethodError'{0x000000078788d8a0}: 'int java.lang.invoke.DirectMethodHandle$Holder.invokeStaticInit(java.lang.Object, java.lang.Object, java.lang.Object)'> (0x000000078788d8a0) 
thrown [src/hotspot/share/interpreter/linkResolver.cpp, line 759]
Event: 0.367 Thread 0x000000011d00dc00 Exception <a 'java/lang/NoSuchMethodError'{0x00000007873a6918}: 'void java.lang.invoke.DirectMethodHandle$Holder.invokeStaticInit(java.lang.Object)'> (0x00000007873a6918) 
thrown [src/hotspot/share/interpreter/linkResolver.cpp, line 759]
Event: 0.369 Thread 0x000000011d00b800 Exception <a 'java/lang/NoSuchMethodError'{0x00000007876d6fc8}: 'java.lang.Object java.lang.invoke.DirectMethodHandle$Holder.newInvokeSpecial(java.lang.Object, java.lang.Object, java.lang.Object, java.lang.Object, java.lang.Object, java.lang.Object)'> (0x00000007876d6fc8) 
thrown [src/hotspot/share/interpreter/linkResolver.cpp, line 759]
Event: 0.379 Thread 0x000000011d00b800 Exception <a 'java/lang/NoSuchMethodError'{0x00000007872900e8}: 'java.lang.Object java.lang.invoke.DirectMethodHandle$Holder.newInvokeSpecial(java.lang.Object, java.lang.Object, java.lang.Object, java.lang.Object, java.lang.Object)'> (0x00000007872900e8) 
thrown [src/hotspot/share/interpreter/linkResolver.cpp, line 759]
Event: 0.380 Thread 0x000000011d181e00 Exception <a 'java/lang/NoSuchMethodError'{0x00000007872f5d28}: 'void java.lang.invoke.DirectMethodHandle$Holder.invokeStatic(java.lang.Object, java.lang.Object, java.lang.Object, java.lang.Object)'> (0x00000007872f5d28) 
thrown [src/hotspot/share/interpreter/linkResolver.cpp, line 759]
Event: 0.402 Thread 0x000000011d00dc00 Exception <a 'sun/nio/fs/UnixException'{0x00000007870d9818}> (0x00000007870d9818) 
thrown [src/hotspot/share/prims/jni.cpp, line 516]
Event: 0.426 Thread 0x000000011d00dc00 Exception <a 'java/lang/NoSuchMethodError'{0x0000000786dc17d0}: 'java.lang.Object java.lang.invoke.DirectMethodHandle$Holder.invokeStaticInit(java.lang.Object, java.lang.Object, java.lang.Object, java.lang.Object)'> (0x0000000786dc17d0) 
thrown [src/hotspot/share/interpreter/linkResolver.cpp, line 759]
Event: 0.427 Thread 0x000000011d00dc00 Exception <a 'java/lang/NullPointerException'{0x0000000786dcd4b8}> (0x0000000786dcd4b8) 
thrown [src/hotspot/share/interpreter/linkResolver.cpp, line 1350]
Event: 0.470 Thread 0x000000011d00dc00 Exception <a 'java/lang/NoSuchMethodError'{0x0000000787e9d5a0}: 'void java.lang.invoke.DirectMethodHandle$Holder.invokeStaticInit(java.lang.Object, java.lang.Object)'> (0x0000000787e9d5a0) 
thrown [src/hotspot/share/interpreter/linkResolver.cpp, line 759]
Event: 0.473 Thread 0x000000011d00dc00 Exception <a 'java/lang/NoSuchMethodError'{0x0000000787d15030}: 'void java.lang.invoke.DirectMethodHandle$Holder.invokeSpecial(java.lang.Object, java.lang.Object, java.lang.Object, java.lang.Object, java.lang.Object)'> (0x0000000787d15030) 
thrown [src/hotspot/share/interpreter/linkResolver.cpp, line 759]
Event: 0.476 Thread 0x000000011d00dc00 Exception <a 'sun/nio/fs/UnixException'{0x0000000787d5abf0}> (0x0000000787d5abf0) 
thrown [src/hotspot/share/prims/jni.cpp, line 516]
Event: 0.487 Thread 0x000000011d00dc00 Exception <a 'sun/nio/fs/UnixException'{0x0000000787de2560}> (0x0000000787de2560) 
thrown [src/hotspot/share/prims/jni.cpp, line 516]
Event: 0.492 Thread 0x000000011d00dc00 Exception <a 'java/lang/ClassNotFoundException'{0x0000000787df78b8}: sun/util/logging/resources/spi/loggingProvider> (0x0000000787df78b8) 
thrown [src/hotspot/share/classfile/systemDictionary.cpp, line 256]
Event: 0.503 Thread 0x000000011d00dc00 Exception <a 'java/lang/NoSuchMethodError'{0x0000000787b57248}: 'java.lang.Object java.lang.invoke.DirectMethodHandle$Holder.invokeSpecial(java.lang.Object, java.lang.Object, java.lang.Object, int, java.lang.Object)'> (0x0000000787b57248) 
thrown [src/hotspot/share/interpreter/linkResolver.cpp, line 759]

VM Operations (12 events):
Event: 0.092 Executing VM operation: HandshakeAllThreads
Event: 0.092 Executing VM operation: HandshakeAllThreads done
Event: 0.093 Executing VM operation: HandshakeAllThreads
Event: 0.093 Executing VM operation: HandshakeAllThreads done
Event: 0.149 Executing VM operation: ICBufferFull
Event: 0.149 Executing VM operation: ICBufferFull done
Event: 0.445 Executing VM operation: HandshakeAllThreads
Event: 0.445 Executing VM operation: HandshakeAllThreads done
Event: 0.451 Executing VM operation: ICBufferFull
Event: 0.451 Executing VM operation: ICBufferFull done
Event: 0.458 Executing VM operation: G1CollectForAllocation
Event: 0.460 Executing VM operation: G1CollectForAllocation done

Events (20 events):
Event: 0.516 loading class sun/reflect/generics/tree/Signature done
Event: 0.516 loading class sun/reflect/generics/tree/MethodTypeSignature done
Event: 0.516 loading class sun/reflect/generics/reflectiveObjects/ParameterizedTypeImpl
Event: 0.516 loading class java/lang/reflect/ParameterizedType
Event: 0.516 loading class java/lang/reflect/ParameterizedType done
Event: 0.516 loading class sun/reflect/generics/reflectiveObjects/ParameterizedTypeImpl done
Event: 0.516 loading class sun/reflect/generics/tree/ClassSignature
Event: 0.516 loading class sun/reflect/generics/tree/ClassSignature done
Event: 0.516 loading class sun/reflect/generics/tree/TypeVariableSignature
Event: 0.516 loading class sun/reflect/generics/tree/TypeVariableSignature done
Event: 0.516 loading class sun/reflect/generics/reflectiveObjects/TypeVariableImpl
Event: 0.516 loading class sun/reflect/generics/reflectiveObjects/LazyReflectiveObjectGenerator
Event: 0.516 loading class sun/reflect/generics/reflectiveObjects/LazyReflectiveObjectGenerator done
Event: 0.516 loading class sun/reflect/generics/reflectiveObjects/TypeVariableImpl done
Event: 0.518 loading class com/sun/org/apache/xerces/internal/impl/XMLStreamReaderImpl$1
Event: 0.518 loading class javax/xml/stream/Location
Event: 0.518 loading class javax/xml/stream/Location done
Event: 0.518 loading class com/sun/org/apache/xerces/internal/impl/XMLStreamReaderImpl$1 done
Event: 0.525 loading class java/lang/invoke/MethodHandle$1
Event: 0.525 loading class java/lang/invoke/MethodHandle$1 done


Dynamic libraries:
0x000000010050c000 	/Library/Java/JavaVirtualMachines/temurin-17.jdk/Contents/Home/lib/libjli.dylib
0x000000018b84d000 	/usr/lib/libz.1.dylib
0x000000018b904000 	/usr/lib/libSystem.B.dylib
0x000000018b8fe000 	/usr/lib/system/libcache.dylib
0x000000018b8bc000 	/usr/lib/system/libcommonCrypto.dylib
0x000000018b8e5000 	/usr/lib/system/libcompiler_rt.dylib
0x000000018b8dc000 	/usr/lib/system/libcopyfile.dylib
0x0000000180b23000 	/usr/lib/system/libcorecrypto.dylib
0x0000000180bd8000 	/usr/lib/system/libdispatch.dylib
0x0000000180da6000 	/usr/lib/system/libdyld.dylib
0x000000018b8f4000 	/usr/lib/system/libkeymgr.dylib
0x000000018b897000 	/usr/lib/system/libmacho.dylib
0x000000018af87000 	/usr/lib/system/libquarantine.dylib
0x000000018b8f1000 	/usr/lib/system/libremovefile.dylib
0x0000000185f1e000 	/usr/lib/system/libsystem_asl.dylib
0x0000000180ac5000 	/usr/lib/system/libsystem_blocks.dylib
0x0000000180c60000 	/usr/lib/system/libsystem_c.dylib
0x000000018b8e9000 	/usr/lib/system/libsystem_collections.dylib
0x000000018a41c000 	/usr/lib/system/libsystem_configuration.dylib
0x0000000189676000 	/usr/lib/system/libsystem_containermanager.dylib
0x000000018b5f4000 	/usr/lib/system/libsystem_coreservices.dylib
0x00000001834d7000 	/usr/lib/system/libsystem_darwin.dylib
0x000000018b8f5000 	/usr/lib/system/libsystem_dnssd.dylib
0x0000000180c5d000 	/usr/lib/system/libsystem_featureflags.dylib
0x0000000180dbb000 	/usr/lib/system/libsystem_info.dylib
0x000000018b85f000 	/usr/lib/system/libsystem_m.dylib
0x0000000180bad000 	/usr/lib/system/libsystem_malloc.dylib
0x0000000185eac000 	/usr/lib/system/libsystem_networkextension.dylib
0x0000000183930000 	/usr/lib/system/libsystem_notify.dylib
0x0000000191c59000 	/usr/lib/system/libsystem_product_info_filter.dylib
0x000000018a421000 	/usr/lib/system/libsystem_sandbox.dylib
0x000000018b8ee000 	/usr/lib/system/libsystem_secinit.dylib
0x0000000180d61000 	/usr/lib/system/libsystem_kernel.dylib
0x0000000180db3000 	/usr/lib/system/libsystem_platform.dylib
0x0000000180d99000 	/usr/lib/system/libsystem_pthread.dylib
0x0000000187682000 	/usr/lib/system/libsystem_symptoms.dylib
0x0000000180b09000 	/usr/lib/system/libsystem_trace.dylib
0x000000018b8c9000 	/usr/lib/system/libunwind.dylib
0x0000000180ac7000 	/usr/lib/system/libxpc.dylib
0x0000000180d49000 	/usr/lib/libc++abi.dylib
0x0000000180c1f000 	/usr/lib/libobjc.A.dylib
0x000000018b8d4000 	/usr/lib/liboah.dylib
0x0000000180ce2000 	/usr/lib/libc++.1.dylib
0x0000000197787000 	/System/Library/Frameworks/Cocoa.framework/Versions/A/Cocoa
0x0000000183991000 	/System/Library/Frameworks/AppKit.framework/Versions/C/AppKit
0x0000000186ea8000 	/System/Library/Frameworks/CoreData.framework/Versions/A/CoreData
0x0000000181cec000 	/System/Library/Frameworks/Foundation.framework/Versions/C/Foundation
0x000000018484a000 	/System/Library/PrivateFrameworks/UIFoundation.framework/Versions/A/UIFoundation
0x0000000191953000 	/System/Library/PrivateFrameworks/RemoteViewServices.framework/Versions/A/RemoteViewServices
0x0000000189dc4000 	/System/Library/PrivateFrameworks/XCTTargetBootstrap.framework/Versions/A/XCTTargetBootstrap
0x000000018d644000 	/System/Library/PrivateFrameworks/InternationalSupport.framework/Versions/A/InternationalSupport
0x000000018d6cd000 	/System/Library/PrivateFrameworks/UserActivity.framework/Versions/A/UserActivity
0x000000018cb3b000 	/usr/lib/libspindump.dylib
0x0000000184abb000 	/System/Library/Frameworks/UniformTypeIdentifiers.framework/Versions/A/UniformTypeIdentifiers
0x000000018830c000 	/usr/lib/libapp_launch_measurement.dylib
0x0000000187834000 	/System/Library/PrivateFrameworks/CoreAnalytics.framework/Versions/A/CoreAnalytics
0x000000018830f000 	/System/Library/PrivateFrameworks/CoreAutoLayout.framework/Versions/A/CoreAutoLayout
0x00000001896b3000 	/System/Library/Frameworks/Metal.framework/Versions/A/Metal
0x000000018a42c000 	/usr/lib/liblangid.dylib
0x0000000189dc9000 	/System/Library/PrivateFrameworks/CoreSVG.framework/Versions/A/CoreSVG
0x0000000185f52000 	/System/Library/PrivateFrameworks/SkyLight.framework/Versions/A/SkyLight
0x000000018632e000 	/System/Library/Frameworks/CoreGraphics.framework/Versions/A/CoreGraphics
0x000000019201f000 	/System/Library/Frameworks/Accelerate.framework/Versions/A/Accelerate
0x000000018c5b2000 	/System/Library/PrivateFrameworks/IconServices.framework/Versions/A/IconServices
0x0000000189695000 	/System/Library/Frameworks/IOSurface.framework/Versions/A/IOSurface
0x0000000187865000 	/usr/lib/libDiagnosticMessagesClient.dylib
0x0000000195524000 	/System/Library/Frameworks/ApplicationServices.framework/Versions/A/ApplicationServices
0x0000000189dac000 	/System/Library/PrivateFrameworks/DFRFoundation.framework/Versions/A/DFRFoundation
0x0000000183221000 	/usr/lib/libicucore.A.dylib
0x000000018e4f2000 	/System/Library/Frameworks/AudioToolbox.framework/Versions/A/AudioToolbox
0x000000018d650000 	/System/Library/PrivateFrameworks/DataDetectorsCore.framework/Versions/A/DataDetectorsCore
0x00000001a4070000 	/System/Library/PrivateFrameworks/TextInput.framework/Versions/A/TextInput
0x0000000185ec7000 	/usr/lib/libMobileGestalt.dylib
0x0000000189a78000 	/System/Library/Frameworks/Carbon.framework/Versions/A/Frameworks/HIToolbox.framework/Versions/A/HIToolbox
0x0000000187ce5000 	/System/Library/Frameworks/QuartzCore.framework/Versions/A/QuartzCore
0x0000000182ea2000 	/System/Library/Frameworks/Security.framework/Versions/A/Security
0x0000000191993000 	/System/Library/Frameworks/Carbon.framework/Versions/A/Frameworks/SpeechRecognition.framework/Versions/A/SpeechRecognition
0x0000000188061000 	/System/Library/PrivateFrameworks/CoreUI.framework/Versions/A/CoreUI
0x000000018277e000 	/System/Library/Frameworks/CoreAudio.framework/Versions/A/CoreAudio
0x0000000187959000 	/System/Library/Frameworks/DiskArbitration.framework/Versions/A/DiskArbitration
0x000000018cf45000 	/System/Library/PrivateFrameworks/MultitouchSupport.framework/Versions/A/MultitouchSupport
0x0000000185ec5000 	/usr/lib/libenergytrace.dylib
0x0000000183859000 	/System/Library/Frameworks/IOKit.framework/Versions/A/IOKit
0x0000000191d82000 	/System/Library/Frameworks/CoreServices.framework/Versions/A/CoreServices
0x000000018829c000 	/System/Library/PrivateFrameworks/PerformanceAnalysis.framework/Versions/A/PerformanceAnalysis
0x00000001e2517000 	/System/Library/Frameworks/OpenGL.framework/Versions/A/OpenGL
0x000000018ae9f000 	/System/Library/PrivateFrameworks/MobileKeyBag.framework/Versions/A/MobileKeyBag
0x000000018693c000 	/System/Library/Frameworks/ColorSync.framework/Versions/A/ColorSync
0x0000000180de8000 	/System/Library/Frameworks/CoreFoundation.framework/Versions/A/CoreFoundation
0x000000018a048000 	/System/Library/Frameworks/CoreImage.framework/Versions/A/CoreImage
0x00000001825a2000 	/System/Library/Frameworks/CoreText.framework/Versions/A/CoreText
0x0000000189df9000 	/System/Library/Frameworks/ImageIO.framework/Versions/A/ImageIO
0x000000018b90a000 	/System/Library/PrivateFrameworks/SoftLinking.framework/Versions/A/SoftLinking
0x000000018835a000 	/usr/lib/libxml2.2.dylib
0x000000018bba3000 	/usr/lib/libcompression.dylib
0x000000018d5a0000 	/System/Library/PrivateFrameworks/TextureIO.framework/Versions/A/TextureIO
0x000000018c2cb000 	/usr/lib/libate.dylib
0x000000018c190000 	/usr/lib/liblzma.5.dylib
0x00000001819df000 	/System/Library/Frameworks/SystemConfiguration.framework/Versions/A/SystemConfiguration
0x000000018b906000 	/usr/lib/libfakelink.dylib
0x00000001859f7000 	/System/Library/Frameworks/CFNetwork.framework/Versions/A/CFNetwork
0x000000018ba4c000 	/usr/lib/libarchive.2.dylib
0x000000018a428000 	/System/Library/PrivateFrameworks/AppleSystemInfo.framework/Versions/A/AppleSystemInfo
0x000000018afb2000 	/usr/lib/libbsm.0.dylib
0x0000000184f64000 	/usr/lib/libnetwork.dylib
0x000000018b8a0000 	/usr/lib/system/libkxld.dylib
0x000000018abcc000 	/System/Library/PrivateFrameworks/IOMobileFramebuffer.framework/Versions/A/IOMobileFramebuffer
0x0000000200901000 	/usr/lib/libCoreEntitlements.dylib
0x000000018b5d6000 	/System/Library/PrivateFrameworks/AppleFSCompression.framework/Versions/A/AppleFSCompression
0x000000018af9a000 	/usr/lib/libcoretls.dylib
0x000000018c1a9000 	/usr/lib/libcoretls_cfhelpers.dylib
0x000000018bb9e000 	/usr/lib/libpam.2.dylib
0x0000000187298000 	/usr/lib/libsqlite3.dylib
0x000000018c212000 	/usr/lib/libxar.1.dylib
0x000000018b5e7000 	/usr/lib/libbz2.1.0.dylib
0x000000018b90b000 	/usr/lib/libpcap.A.dylib
0x0000000187679000 	/usr/lib/libdns_services.dylib
0x000000018bb71000 	/usr/lib/libapple_nghttp2.dylib
0x000000018b948000 	/usr/lib/libiconv.2.dylib
0x000000018b896000 	/usr/lib/libcharset.1.dylib
0x00000001882d8000 	/System/Library/Frameworks/CoreServices.framework/Versions/A/Frameworks/FSEvents.framework/Versions/A/FSEvents
0x00000001834e2000 	/System/Library/Frameworks/CoreServices.framework/Versions/A/Frameworks/CarbonCore.framework/Versions/A/CarbonCore
0x00000001878b9000 	/System/Library/Frameworks/CoreServices.framework/Versions/A/Frameworks/Metadata.framework/Versions/A/Metadata
0x000000018b5fa000 	/System/Library/Frameworks/CoreServices.framework/Versions/A/Frameworks/OSServices.framework/Versions/A/OSServices
0x000000018bad2000 	/System/Library/Frameworks/CoreServices.framework/Versions/A/Frameworks/SearchKit.framework/Versions/A/SearchKit
0x0000000187607000 	/System/Library/Frameworks/CoreServices.framework/Versions/A/Frameworks/AE.framework/Versions/A/AE
0x000000018132f000 	/System/Library/Frameworks/CoreServices.framework/Versions/A/Frameworks/LaunchServices.framework/Versions/A/LaunchServices
0x000000018c139000 	/System/Library/Frameworks/CoreServices.framework/Versions/A/Frameworks/DictionaryServices.framework/Versions/A/DictionaryServices
0x00000001882e5000 	/System/Library/Frameworks/CoreServices.framework/Versions/A/Frameworks/SharedFileList.framework/Versions/A/SharedFileList
0x000000018af8a000 	/usr/lib/libCheckFix.dylib
0x0000000185f36000 	/System/Library/PrivateFrameworks/TCC.framework/Versions/A/TCC
0x000000018a42e000 	/System/Library/PrivateFrameworks/CoreNLP.framework/Versions/A/CoreNLP
0x0000000187868000 	/System/Library/PrivateFrameworks/MetadataUtilities.framework/Versions/A/MetadataUtilities
0x0000000181a99000 	/usr/lib/libmecabra.dylib
0x000000018afc3000 	/usr/lib/libmecab.dylib
0x0000000181a65000 	/usr/lib/libCRFSuite.dylib
0x000000018b020000 	/usr/lib/libgermantok.dylib
0x000000018bb4a000 	/usr/lib/libThaiTokenizer.dylib
0x0000000187961000 	/System/Library/Frameworks/Accelerate.framework/Versions/A/Frameworks/vImage.framework/Versions/A/vImage
0x0000000191d59000 	/System/Library/Frameworks/Accelerate.framework/Versions/A/Frameworks/vecLib.framework/Versions/A/vecLib
0x000000018c257000 	/System/Library/Frameworks/Accelerate.framework/Versions/A/Frameworks/vecLib.framework/Versions/A/libvMisc.dylib
0x000000018aad3000 	/System/Library/Frameworks/Accelerate.framework/Versions/A/Frameworks/vecLib.framework/Versions/A/libvDSP.dylib
0x00000001816ba000 	/System/Library/Frameworks/Accelerate.framework/Versions/A/Frameworks/vecLib.framework/Versions/A/libBLAS.dylib
0x000000018bc74000 	/System/Library/Frameworks/Accelerate.framework/Versions/A/Frameworks/vecLib.framework/Versions/A/libLAPACK.dylib
0x000000018b023000 	/System/Library/Frameworks/Accelerate.framework/Versions/A/Frameworks/vecLib.framework/Versions/A/libLinearAlgebra.dylib
0x000000018bb89000 	/System/Library/Frameworks/Accelerate.framework/Versions/A/Frameworks/vecLib.framework/Versions/A/libSparseBLAS.dylib
0x000000018bc6f000 	/System/Library/Frameworks/Accelerate.framework/Versions/A/Frameworks/vecLib.framework/Versions/A/libQuadrature.dylib
0x000000018a527000 	/System/Library/Frameworks/Accelerate.framework/Versions/A/Frameworks/vecLib.framework/Versions/A/libBNNS.dylib
0x0000000181978000 	/System/Library/Frameworks/Accelerate.framework/Versions/A/Frameworks/vecLib.framework/Versions/A/libSparse.dylib
0x000000018a51f000 	/System/Library/PrivateFrameworks/LinguisticData.framework/Versions/A/LinguisticData
0x0000000181930000 	/System/Library/PrivateFrameworks/Lexicon.framework/Versions/A/Lexicon
0x000000018c24f000 	/usr/lib/libChineseTokenizer.dylib
0x00000001820de000 	/System/Library/PrivateFrameworks/LanguageModeling.framework/Versions/A/LanguageModeling
0x000000018bb4c000 	/System/Library/PrivateFrameworks/AppleSauce.framework/Versions/A/AppleSauce
0x000000018abb9000 	/System/Library/PrivateFrameworks/CoreEmoji.framework/Versions/A/CoreEmoji
0x000000018ba3a000 	/usr/lib/libcmph.dylib
0x00000001882b8000 	/System/Library/Frameworks/OpenDirectory.framework/Versions/A/Frameworks/CFOpenDirectory.framework/Versions/A/CFOpenDirectory
0x00000001882a8000 	/System/Library/Frameworks/OpenDirectory.framework/Versions/A/OpenDirectory
0x000000018c1ab000 	/System/Library/PrivateFrameworks/APFS.framework/Versions/A/APFS
0x000000018aeda000 	/System/Library/Frameworks/SecurityFoundation.framework/Versions/A/SecurityFoundation
0x000000018c221000 	/usr/lib/libutil.dylib
0x000000018381b000 	/System/Library/PrivateFrameworks/CoreServicesStore.framework/Versions/A/CoreServicesStore
0x000000018c225000 	/usr/lib/libxslt.1.dylib
0x000000018af6e000 	/System/Library/PrivateFrameworks/BackgroundTaskManagement.framework/Versions/A/BackgroundTaskManagement
0x000000018d4c1000 	/System/Library/Frameworks/ImageIO.framework/Versions/A/Resources/libRadiance.dylib
0x000000018d4ca000 	/System/Library/Frameworks/ImageIO.framework/Versions/A/Resources/libJPEG.dylib
0x000000018d41d000 	/System/Library/Frameworks/ImageIO.framework/Versions/A/Resources/libPng.dylib
0x000000018d43f000 	/System/Library/Frameworks/ImageIO.framework/Versions/A/Resources/libTIFF.dylib
0x000000018d525000 	/System/Library/Frameworks/ImageIO.framework/Versions/A/Resources/libGIF.dylib
0x000000018ce55000 	/System/Library/Frameworks/ImageIO.framework/Versions/A/Resources/libJP2.dylib
0x000000018c577000 	/usr/lib/libexpat.1.dylib
0x000000018ce10000 	/System/Library/PrivateFrameworks/AppleJPEG.framework/Versions/A/AppleJPEG
0x0000000189934000 	/System/Library/PrivateFrameworks/FontServices.framework/libFontParser.dylib
0x00000001875ac000 	/System/Library/PrivateFrameworks/RunningBoardServices.framework/Versions/A/RunningBoardServices
0x0000000197e5e000 	/System/Library/PrivateFrameworks/IOSurfaceAccelerator.framework/Versions/A/IOSurfaceAccelerator
0x000000018cf41000 	/System/Library/PrivateFrameworks/WatchdogClient.framework/Versions/A/WatchdogClient
0x00000001821de000 	/System/Library/Frameworks/CoreDisplay.framework/Versions/A/CoreDisplay
0x000000018981e000 	/System/Library/Frameworks/CoreMedia.framework/Versions/A/CoreMedia
0x00000001896a9000 	/System/Library/PrivateFrameworks/IOAccelerator.framework/Versions/A/IOAccelerator
0x0000000188448000 	/System/Library/Frameworks/CoreVideo.framework/Versions/A/CoreVideo
0x000000018bb9c000 	/System/Library/Frameworks/MetalPerformanceShaders.framework/Versions/A/MetalPerformanceShaders
0x000000018cf80000 	/System/Library/Frameworks/VideoToolbox.framework/Versions/A/VideoToolbox
0x00000001874f0000 	/System/Library/PrivateFrameworks/BaseBoard.framework/Versions/A/BaseBoard
0x000000018727e000 	/System/Library/PrivateFrameworks/ProtocolBuffer.framework/Versions/A/ProtocolBuffer
0x000000018d4bc000 	/System/Library/PrivateFrameworks/GPUWrangler.framework/Versions/A/GPUWrangler
0x000000018d49c000 	/System/Library/PrivateFrameworks/IOPresentment.framework/Versions/A/IOPresentment
0x000000018d4c4000 	/System/Library/PrivateFrameworks/DSExternalDisplay.framework/Versions/A/DSExternalDisplay
0x00000001e250a000 	/System/Library/Frameworks/OpenGL.framework/Versions/A/Libraries/libCoreFSCache.dylib
0x00000001ed3d4000 	/System/Library/PrivateFrameworks/GPUCompiler.framework/Versions/31001/Libraries/libGPUCompilerUtils.dylib
0x000000018d52a000 	/System/Library/PrivateFrameworks/CMCaptureCore.framework/Versions/A/CMCaptureCore
0x000000018cb28000 	/System/Library/PrivateFrameworks/AppServerSupport.framework/Versions/A/AppServerSupport
0x000000018edb0000 	/System/Library/PrivateFrameworks/perfdata.framework/Versions/A/perfdata
0x00000001822fe000 	/System/Library/PrivateFrameworks/AudioToolboxCore.framework/Versions/A/AudioToolboxCore
0x00000001897f7000 	/System/Library/PrivateFrameworks/caulk.framework/Versions/A/caulk
0x000000018e6a5000 	/usr/lib/libAudioStatistics.dylib
0x00000001a06c3000 	/System/Library/PrivateFrameworks/SystemPolicy.framework/Versions/A/SystemPolicy
0x000000018e911000 	/usr/lib/libSMC.dylib
0x0000000197665000 	/System/Library/Frameworks/CoreMIDI.framework/Versions/A/CoreMIDI
0x000000018d3eb000 	/usr/lib/libAudioToolboxUtility.dylib
0x000000019c826000 	/System/Library/PrivateFrameworks/OSAServicesClient.framework/Versions/A/OSAServicesClient
0x000000018edbd000 	/usr/lib/libperfcheck.dylib
0x00000001a11e2000 	/usr/lib/libmis.dylib
0x00000001e256c000 	/System/Library/Frameworks/OpenGL.framework/Versions/A/Libraries/libGLU.dylib
0x00000001e252b000 	/System/Library/Frameworks/OpenGL.framework/Versions/A/Libraries/libGFXShared.dylib
0x00000001e2718000 	/System/Library/Frameworks/OpenGL.framework/Versions/A/Libraries/libGL.dylib
0x00000001e2534000 	/System/Library/Frameworks/OpenGL.framework/Versions/A/Libraries/libGLImage.dylib
0x00000001e2528000 	/System/Library/Frameworks/OpenGL.framework/Versions/A/Libraries/libCVMSPluginSupport.dylib
0x00000001e2511000 	/System/Library/Frameworks/OpenGL.framework/Versions/A/Libraries/libCoreVMClient.dylib
0x000000018a3a8000 	/System/Library/Frameworks/MetalPerformanceShaders.framework/Versions/A/Frameworks/MPSCore.framework/Versions/A/MPSCore
0x000000018b549000 	/System/Library/Frameworks/MetalPerformanceShaders.framework/Versions/A/Frameworks/MPSImage.framework/Versions/A/MPSImage
0x000000018b038000 	/System/Library/Frameworks/MetalPerformanceShaders.framework/Versions/A/Frameworks/MPSNeuralNetwork.framework/Versions/A/MPSNeuralNetwork
0x000000018b471000 	/System/Library/Frameworks/MetalPerformanceShaders.framework/Versions/A/Frameworks/MPSMatrix.framework/Versions/A/MPSMatrix
0x000000018b24a000 	/System/Library/Frameworks/MetalPerformanceShaders.framework/Versions/A/Frameworks/MPSRayIntersector.framework/Versions/A/MPSRayIntersector
0x000000018b4a2000 	/System/Library/Frameworks/MetalPerformanceShaders.framework/Versions/A/Frameworks/MPSNDArray.framework/Versions/A/MPSNDArray
0x00000001e5013000 	/System/Library/Frameworks/MetalPerformanceShaders.framework/Versions/A/Frameworks/MPSFunctions.framework/Versions/A/MPSFunctions
0x0000000181590000 	/System/Library/PrivateFrameworks/MetalTools.framework/Versions/A/MetalTools
0x000000018a426000 	/System/Library/PrivateFrameworks/AggregateDictionary.framework/Versions/A/AggregateDictionary
0x000000018c35c000 	/usr/lib/libIOReport.dylib
0x000000019667e000 	/System/Library/PrivateFrameworks/ASEProcessing.framework/Versions/A/ASEProcessing
0x000000018c6d1000 	/System/Library/PrivateFrameworks/FaceCore.framework/Versions/A/FaceCore
0x000000018c6c3000 	/System/Library/PrivateFrameworks/GraphVisualizer.framework/Versions/A/GraphVisualizer
0x00000001ed2eb000 	/System/Library/PrivateFrameworks/FontServices.framework/Versions/A/FontServices
0x000000018cae4000 	/System/Library/PrivateFrameworks/OTSVG.framework/Versions/A/OTSVG
0x0000000188011000 	/System/Library/Frameworks/ApplicationServices.framework/Versions/A/Frameworks/ATS.framework/Versions/A/Resources/libFontRegistry.dylib
0x000000018cb31000 	/System/Library/PrivateFrameworks/FontServices.framework/libhvf.dylib
0x00000001ed2ec000 	/System/Library/PrivateFrameworks/FontServices.framework/libXTFontStaticRegistryData.dylib
0x00000001e28b9000 	/System/Library/Frameworks/OpenCL.framework/Versions/A/OpenCL
0x000000018c52b000 	/System/Library/PrivateFrameworks/AppleVA.framework/Versions/A/AppleVA
0x000000018e6cd000 	/System/Library/Frameworks/ApplicationServices.framework/Versions/A/Frameworks/ATS.framework/Versions/A/ATS
0x0000000186a3b000 	/System/Library/Frameworks/ApplicationServices.framework/Versions/A/Frameworks/HIServices.framework/Versions/A/HIServices
0x000000018d534000 	/System/Library/Frameworks/ApplicationServices.framework/Versions/A/Frameworks/PrintCore.framework/Versions/A/PrintCore
0x000000018ea64000 	/System/Library/Frameworks/ApplicationServices.framework/Versions/A/Frameworks/QD.framework/Versions/A/QD
0x000000018ea5c000 	/System/Library/Frameworks/ApplicationServices.framework/Versions/A/Frameworks/ColorSyncLegacy.framework/Versions/A/ColorSyncLegacy
0x000000018e6b9000 	/System/Library/Frameworks/ApplicationServices.framework/Versions/A/Frameworks/SpeechSynthesis.framework/Versions/A/SpeechSynthesis
0x000000018d4f5000 	/System/Library/Frameworks/ApplicationServices.framework/Versions/A/Frameworks/ATSUI.framework/Versions/A/ATSUI
0x000000018e9f1000 	/usr/lib/libcups.2.dylib
0x000000018edcb000 	/System/Library/Frameworks/Kerberos.framework/Versions/A/Kerberos
0x000000018eddc000 	/System/Library/Frameworks/GSS.framework/Versions/A/GSS
0x000000018e73d000 	/usr/lib/libresolv.9.dylib
0x000000018cb40000 	/System/Library/PrivateFrameworks/Heimdal.framework/Versions/A/Heimdal
0x00000001958b4000 	/System/Library/Frameworks/Kerberos.framework/Versions/A/Libraries/libHeimdalProxy.dylib
0x000000018768b000 	/System/Library/Frameworks/Network.framework/Versions/A/Network
0x000000018c592000 	/usr/lib/libheimdal-asn1.dylib
0x000000018ee2c000 	/System/Library/PrivateFrameworks/CommonAuth.framework/Versions/A/CommonAuth
0x000000018e633000 	/System/Library/PrivateFrameworks/AudioSession.framework/Versions/A/AudioSession
0x000000018c624000 	/System/Library/PrivateFrameworks/MediaExperience.framework/Versions/A/MediaExperience
0x000000018e4b8000 	/System/Library/PrivateFrameworks/AudioSession.framework/libSessionUtility.dylib
0x000000018ea70000 	/System/Library/PrivateFrameworks/AudioResourceArbitration.framework/Versions/A/AudioResourceArbitration
0x0000000192c36000 	/System/Library/PrivateFrameworks/PowerLog.framework/Versions/A/PowerLog
0x000000018c59c000 	/System/Library/PrivateFrameworks/IconFoundation.framework/Versions/A/IconFoundation
0x000000019197f000 	/System/Library/PrivateFrameworks/SpeechRecognitionCore.framework/Versions/A/SpeechRecognitionCore
0x000000010580c000 	/Library/Java/JavaVirtualMachines/temurin-17.jdk/Contents/Home/lib/server/libjvm.dylib
0x000000010056c000 	/Library/Java/JavaVirtualMachines/temurin-17.jdk/Contents/Home/lib/libjimage.dylib
0x00000001005f4000 	/Library/Java/JavaVirtualMachines/temurin-17.jdk/Contents/Home/lib/libjava.dylib
0x0000000105554000 	/Library/Java/JavaVirtualMachines/temurin-17.jdk/Contents/Home/lib/libnio.dylib
0x0000000105574000 	/Library/Java/JavaVirtualMachines/temurin-17.jdk/Contents/Home/lib/libnet.dylib
0x00000001007dc000 	/Library/Java/JavaVirtualMachines/temurin-17.jdk/Contents/Home/lib/libzip.dylib
0x0000000105598000 	/Users/pattingkasit/.openjfx/cache/17/libprism_es2.dylib
0x00000001837de000 	/System/Library/PrivateFrameworks/CoreServicesInternal.framework/Versions/A/CoreServicesInternal
0x00000001e2722000 	/System/Library/Frameworks/OpenGL.framework/Versions/A/Resources/GLEngine.bundle/GLEngine
0x00000001e25aa000 	/System/Library/Frameworks/OpenGL.framework/Versions/A/Libraries/libGLProgrammability.dylib
0x0000000117548000 	/System/Library/Extensions/AppleMetalOpenGLRenderer.bundle/Contents/MacOS/AppleMetalOpenGLRenderer
0x00000001e2891000 	/System/Library/Frameworks/OpenGL.framework/Versions/A/Resources/GLRendererFloat.bundle/GLRendererFloat
0x00000001e2991000 	/System/Library/Extensions/AGXMetal13_3.bundle/Contents/MacOS/AGXMetal13_3
0x00000001a11fe000 	/System/Library/PrivateFrameworks/GPURawCounter.framework/Versions/A/GPURawCounter
0x000000019b98f000 	/System/Library/PrivateFrameworks/IOGPU.framework/Versions/A/IOGPU
0x000000011748c000 	/Users/pattingkasit/.openjfx/cache/17/libglass.dylib
0x0000000192e8e000 	/System/Library/Frameworks/FileProvider.framework/Versions/A/FileProvider
0x0000000187458000 	/System/Library/Frameworks/Accounts.framework/Versions/A/Accounts
0x0000000193012000 	/System/Library/PrivateFrameworks/GenerationalStorage.framework/Versions/A/GenerationalStorage
0x0000000193bd5000 	/System/Library/PrivateFrameworks/CoreSymbolication.framework/Versions/A/CoreSymbolication
0x0000000192c2a000 	/System/Library/PrivateFrameworks/SymptomDiagnosticReporter.framework/Versions/A/SymptomDiagnosticReporter
0x0000000184acf000 	/System/Library/PrivateFrameworks/DesktopServicesPriv.framework/Versions/A/DesktopServicesPriv
0x0000000183940000 	/usr/lib/libsandbox.1.dylib
0x00000001884d6000 	/System/Library/PrivateFrameworks/UserManagement.framework/Versions/A/UserManagement
0x0000000193b92000 	/System/Library/PrivateFrameworks/DebugSymbols.framework/Versions/A/DebugSymbols
0x000000018ea4f000 	/System/Library/PrivateFrameworks/NetAuth.framework/Versions/A/NetAuth
0x000000018f970000 	/System/Library/PrivateFrameworks/Sharing.framework/Versions/A/Sharing
0x00000001884a6000 	/System/Library/PrivateFrameworks/login.framework/Versions/A/Frameworks/loginsupport.framework/Versions/A/loginsupport
0x0000000194dc9000 	/System/Library/PrivateFrameworks/Apple80211.framework/Versions/A/Apple80211
0x000000018b62d000 	/System/Library/PrivateFrameworks/AuthKit.framework/Versions/A/AuthKit
0x000000018acb5000 	/System/Library/PrivateFrameworks/CoreUtils.framework/Versions/A/CoreUtils
0x000000018abd8000 	/System/Library/Frameworks/CoreWLAN.framework/Versions/A/CoreWLAN
0x000000018fae0000 	/System/Library/Frameworks/IOBluetooth.framework/Versions/A/IOBluetooth
0x0000000194e29000 	/System/Library/PrivateFrameworks/CoreWiFi.framework/Versions/A/CoreWiFi
0x0000000193772000 	/System/Library/PrivateFrameworks/FrontBoardServices.framework/Versions/A/FrontBoardServices
0x000000019380a000 	/System/Library/PrivateFrameworks/BoardServices.framework/Versions/A/BoardServices
0x000000018aec8000 	/System/Library/PrivateFrameworks/AssertionServices.framework/Versions/A/AssertionServices
0x0000000194fa6000 	/System/Library/PrivateFrameworks/BackBoardServices.framework/Versions/A/BackBoardServices
0x000000018eec3000 	/System/Library/PrivateFrameworks/CorePhoneNumbers.framework/Versions/A/CorePhoneNumbers
0x000000018e76a000 	/System/Library/PrivateFrameworks/MultiverseSupport.framework/Versions/A/MultiverseSupport
0x0000000195227000 	/System/Library/PrivateFrameworks/RemoteServiceDiscovery.framework/Versions/A/RemoteServiceDiscovery
0x0000000192d5a000 	/System/Library/PrivateFrameworks/DiskManagement.framework/Versions/A/DiskManagement
0x0000000192c5d000 	/System/Library/PrivateFrameworks/AppleIDAuthSupport.framework/Versions/A/AppleIDAuthSupport
0x00000001e7850000 	/System/Library/PrivateFrameworks/AAAFoundation.framework/Versions/A/AAAFoundation
0x000000018eea2000 	/System/Library/PrivateFrameworks/KeychainCircle.framework/Versions/A/KeychainCircle
0x0000000195237000 	/System/Library/PrivateFrameworks/RemoteXPC.framework/Versions/A/RemoteXPC
0x0000000192d26000 	/System/Library/PrivateFrameworks/MediaKit.framework/Versions/A/MediaKit
0x0000000192c6a000 	/System/Library/Frameworks/DiscRecording.framework/Versions/A/DiscRecording
0x000000018c4a7000 	/usr/lib/libCoreStorage.dylib
0x00000001952a3000 	/usr/lib/libcsfde.dylib
0x000000018fbb5000 	/System/Library/PrivateFrameworks/ProtectedCloudStorage.framework/Versions/A/ProtectedCloudStorage
0x000000019529b000 	/System/Library/PrivateFrameworks/EFILogin.framework/Versions/A/EFILogin
0x0000000193039000 	/System/Library/PrivateFrameworks/OctagonTrust.framework/Versions/A/OctagonTrust
0x00000001ec472000 	/System/Library/PrivateFrameworks/CoreUtilsExtras.framework/Versions/A/CoreUtilsExtras
0x0000000192b8f000 	/System/Library/Frameworks/CoreBluetooth.framework/Versions/A/CoreBluetooth
0x0000000195939000 	/System/Library/Frameworks/AudioUnit.framework/Versions/A/AudioUnit
0x000000018c49f000 	/usr/lib/libMatch.1.dylib
0x00000001a56e6000 	/System/Library/Frameworks/Accelerate.framework/Versions/A/Frameworks/vImage.framework/Versions/A/Libraries/libCGInterfaces.dylib
0x00000001192dc000 	/usr/lib/libobjc-trampolines.dylib
0x00000001881a0000 	/System/Library/PrivateFrameworks/ViewBridge.framework/Versions/A/ViewBridge
0x000000018c365000 	/System/Library/PrivateFrameworks/CrashReporterSupport.framework/Versions/A/CrashReporterSupport
0x00000001ad19d000 	/System/Library/PrivateFrameworks/OSAnalytics.framework/Versions/A/OSAnalytics
0x00000001b850a000 	/System/Library/PrivateFrameworks/Symbolication.framework/Versions/A/Symbolication
0x00000001a11bf000 	/System/Library/PrivateFrameworks/MallocStackLogging.framework/Versions/A/MallocStackLogging
0x0000000200a5e000 	/usr/lib/libRosetta.dylib
0x000000011ccc4000 	/Users/pattingkasit/.openjfx/cache/17/libjavafx_font.dylib


VM Arguments:
jvm_args: -XX:+ShowCodeDetailsInExceptionMessages --module-path=/Users/pattingkasit/Documents/Gitlab Directory/Edit 3/2059/GUI/target/classes:/Users/pattingkasit/.m2/repository/org/openjfx/javafx-controls/17/javafx-controls-17-mac-aarch64.jar:/Users/pattingkasit/.m2/repository/org/openjfx/javafx-graphics/17/javafx-graphics-17-mac-aarch64.jar:/Users/pattingkasit/.m2/repository/org/openjfx/javafx-base/17/javafx-base-17-mac-aarch64.jar:/Users/pattingkasit/.m2/repository/org/openjfx/javafx-fxml/17/javafx-fxml-17-mac-aarch64.jar -Djdk.module.main=com.example.demo6 
java_command: com.example.demo6/com.example.demo6.HelloApplication
java_class_path (initial): /Users/pattingkasit/.m2/repository/org/openjfx/javafx-controls/17/javafx-controls-17.jar:/Users/pattingkasit/.m2/repository/org/openjfx/javafx-graphics/17/javafx-graphics-17.jar:/Users/pattingkasit/.m2/repository/org/openjfx/javafx-base/17/javafx-base-17.jar:/Users/pattingkasit/.m2/repository/org/openjfx/javafx-fxml/17/javafx-fxml-17.jar
Launcher Type: SUN_STANDARD

[Global flags]
     intx CICompilerCount                          = 4                                         {product} {ergonomic}
     uint ConcGCThreads                            = 2                                         {product} {ergonomic}
     uint G1ConcRefinementThreads                  = 8                                         {product} {ergonomic}
   size_t G1HeapRegionSize                         = 1048576                                   {product} {ergonomic}
    uintx GCDrainStackTargetSize                   = 64                                        {product} {ergonomic}
   size_t InitialHeapSize                          = 134217728                                 {product} {ergonomic}
   size_t MarkStackSize                            = 4194304                                   {product} {ergonomic}
   size_t MaxHeapSize                              = 2147483648                                {product} {ergonomic}
   size_t MaxNewSize                               = 1287651328                                {product} {ergonomic}
   size_t MinHeapDeltaBytes                        = 1048576                                   {product} {ergonomic}
   size_t MinHeapSize                              = 8388608                                   {product} {ergonomic}
    uintx NonNMethodCodeHeapSize                   = 5839564                                {pd product} {ergonomic}
    uintx NonProfiledCodeHeapSize                  = 122909338                              {pd product} {ergonomic}
    uintx ProfiledCodeHeapSize                     = 122909338                              {pd product} {ergonomic}
    uintx ReservedCodeCacheSize                    = 251658240                              {pd product} {ergonomic}
     bool SegmentedCodeCache                       = true                                      {product} {ergonomic}
     bool ShowCodeDetailsInExceptionMessages       = true                                   {manageable} {command line}
   size_t SoftMaxHeapSize                          = 2147483648                             {manageable} {ergonomic}
     bool UseCompressedClassPointers               = true                           {product lp64_product} {ergonomic}
     bool UseCompressedOops                        = true                           {product lp64_product} {ergonomic}
     bool UseG1GC                                  = true                                      {product} {ergonomic}
     bool UseNUMA                                  = false                                     {product} {ergonomic}
     bool UseNUMAInterleaving                      = false                                     {product} {ergonomic}

Logging:
Log output configuration:
 #0: stdout all=warning uptime,level,tags
 #1: stderr all=off uptime,level,tags

Environment Variables:
PATH=/opt/local/bin:/opt/local/sbin:/opt/homebrew/bin:/opt/homebrew/sbin:/usr/local/bin:/usr/bin:/bin:/usr/sbin:/sbn:/opt/local/bin:/opt/local/sbin:/Library/Apple/usr/bin:/opt/homebrew/bin:/opt/homebrew/sbin:/sbin
SHELL=/bin/zsh
LANG=en_US.UTF-8
TERM=xterm-256color
TMPDIR=/var/folders/6v/j9wm255s79g__wxh1_zgjprh0000gn/T/

Signal Handlers:
   SIGSEGV: _ZL13crash_handleriP9__siginfoPv in libjvm.dylib, mask=11100110000111110111111111111111, flags=SA_RESTART|SA_SIGINFO
    SIGBUS: _ZL13crash_handleriP9__siginfoPv in libjvm.dylib, mask=11100110000111110111111111111111, flags=SA_RESTART|SA_SIGINFO
    SIGFPE: _ZL13crash_handleriP9__siginfoPv in libjvm.dylib, mask=11100110000111110111111111111111, flags=SA_RESTART|SA_SIGINFO
   SIGPIPE: _ZL17javaSignalHandleriP9__siginfoPv in libjvm.dylib, mask=11100110000111110111111111111111, flags=SA_RESTART|SA_SIGINFO
   SIGXFSZ: _ZL17javaSignalHandleriP9__siginfoPv in libjvm.dylib, mask=11100110000111110111111111111111, flags=SA_RESTART|SA_SIGINFO
    SIGILL: _ZL13crash_handleriP9__siginfoPv in libjvm.dylib, mask=11100110000111110111111111111111, flags=SA_RESTART|SA_SIGINFO
   SIGUSR2: _ZL10SR_handleriP9__siginfoP17__darwin_ucontext in libjvm.dylib, mask=00000000000000000000000000000000, flags=SA_RESTART|SA_SIGINFO
    SIGHUP: _ZL11UserHandleriPvS_ in libjvm.dylib, mask=11100110000111110111111111111111, flags=SA_RESTART|SA_SIGINFO
    SIGINT: _ZL11UserHandleriPvS_ in libjvm.dylib, mask=11100110000111110111111111111111, flags=SA_RESTART|SA_SIGINFO
   SIGTERM: _ZL11UserHandleriPvS_ in libjvm.dylib, mask=11100110000111110111111111111111, flags=SA_RESTART|SA_SIGINFO
   SIGQUIT: _ZL11UserHandleriPvS_ in libjvm.dylib, mask=11100110000111110111111111111111, flags=SA_RESTART|SA_SIGINFO
  *** Handler was modified!
  *** Expected: _ZL17javaSignalHandleriP9__siginfoPv in libjvm.dylib, mask=11100110100111111111111111111111, flags=SA_RESTART|SA_SIGINFO
   SIGTRAP: _ZL13crash_handleriP9__siginfoPv in libjvm.dylib, mask=11100110000111110111111111111111, flags=SA_RESTART|SA_SIGINFO


---------------  S Y S T E M  ---------------

OS:
uname: Darwin 21.6.0 Darwin Kernel Version 21.6.0: Sat Jun 18 17:05:47 PDT 2022; root:xnu-8020.140.41~1/RELEASE_ARM64_T8101 arm64
OS uptime: 0 days 5:10 hours
rlimit (soft/hard): STACK 8176k/65520k , CORE 0k/infinity , NPROC 1333/2000 , NOFILE 10240/infinity , AS infinity/infinity , CPU infinity/infinity , DATA infinity/infinity , FSIZE infinity/infinity , MEMLOCK infinity/infinity , RSS infinity/infinity
load average: 4.25 5.68 5.41

CPU: total 8 (initial active 8) 0x61:0x0:0x1b588bb3:0, fp, simd, crc, lse

Memory: 16k page, physical 8388608k(77808k free), swap 7340032k(821184k free)

vm_info: OpenJDK 64-Bit Server VM (17.0.5+8) for bsd-aarch64 JRE (17.0.5+8), built on Oct 19 2022 04:38:32 by "temurin" with clang Apple LLVM 12.0.0 (clang-1200.0.32.29)

END.
