#
# A fatal error has been detected by the Java Runtime Environment:
#
#  SIGBUS (0xa) at pc=0x000000010eaa14f0, pid=7795, tid=35847
#
# JRE version: OpenJDK Runtime Environment Temurin-17.0.5+8 (17.0.5+8) (build 17.0.5+8)
# Java VM: OpenJDK 64-Bit Server VM Temurin-17.0.5+8 (17.0.5+8, mixed mode, tiered, compressed oops, compressed class ptrs, g1 gc, bsd-aarch64)
# Problematic frame:
# v  ~StubRoutines::SafeFetchN
#
# No core dump will be written. Core dumps have been disabled. To enable core dumping, try "ulimit -c unlimited" before starting Java again
#
# If you would like to submit a bug report, please visit:
#   https://github.com/adoptium/adoptium-support/issues
# The crash happened outside the Java Virtual Machine in native code.
# See problematic frame for where to report the bug.
#

---------------  S U M M A R Y ------------

Command Line: -XX:+ShowCodeDetailsInExceptionMessages --module-path=/Users/pattingkasit/Documents/Gitlab Directory/Edit 3/2059/GUI/target/classes:/Users/pattingkasit/.m2/repository/org/openjfx/javafx-controls/17/javafx-controls-17-mac-aarch64.jar:/Users/pattingkasit/.m2/repository/org/openjfx/javafx-graphics/17/javafx-graphics-17-mac-aarch64.jar:/Users/pattingkasit/.m2/repository/org/openjfx/javafx-base/17/javafx-base-17-mac-aarch64.jar:/Users/pattingkasit/.m2/repository/org/openjfx/javafx-fxml/17/javafx-fxml-17-mac-aarch64.jar -Djdk.module.main=com.example.demo6 com.example.demo6/com.example.demo6.HelloApplication

Host: "Macmini9,1" arm64, 8 cores, 8G, Darwin 21.6.0, macOS 12.5 (21G72)
Time: Thu Dec  1 15:58:45 2022 +07 elapsed time: 2.284102 seconds (0d 0h 0m 2s)

---------------  T H R E A D  ---------------

Current thread (0x000000013d999200):  JavaThread "InvokeLaterDispatcher" daemon [_thread_in_native, id=35847, stack(0x0000000171c94000,0x0000000171e97000)]

Stack: [0x0000000171c94000,0x0000000171e97000],  sp=0x0000000171e96780,  free space=2057k
Native frames: (J=compiled Java code, j=interpreted, Vv=VM code, C=native code)
v  ~StubRoutines::SafeFetchN
V  [libjvm.dylib+0x7bf10c]  OopStorage::release(oopDesc* const*)+0x20
V  [libjvm.dylib+0x4c8cf0]  jni_DeleteGlobalRef+0xd8
C  [libglass.dylib+0xab08]  -[GlassRunnable dealloc]+0x34
C  [Foundation+0x852e8]  -[_NSThreadPerformInfo dealloc]+0x30
C  [Foundation+0x5187c]  -[NSObject(NSThreadPerformAdditions) performSelectorOnMainThread:withObject:waitUntilDone:]+0x88
C  0x6c4400010eaa98ac
j  com.sun.glass.ui.mac.MacApplication.submitForLaterInvocation(Ljava/lang/Runnable;)V+2 javafx.graphics
j  com.sun.glass.ui.InvokeLaterDispatcher.run()V+82 javafx.graphics
v  ~StubRoutines::call_stub
V  [libjvm.dylib+0x46d4f0]  JavaCalls::call_helper(JavaValue*, methodHandle const&, JavaCallArguments*, JavaThread*)+0x38c
V  [libjvm.dylib+0x46c50c]  JavaCalls::call_virtual(JavaValue*, Klass*, Symbol*, Symbol*, JavaCallArguments*, JavaThread*)+0x11c
V  [libjvm.dylib+0x46c5d8]  JavaCalls::call_virtual(JavaValue*, Handle, Klass*, Symbol*, Symbol*, JavaThread*)+0x64
V  [libjvm.dylib+0x524abc]  thread_entry(JavaThread*, JavaThread*)+0xc4
V  [libjvm.dylib+0x9a7184]  JavaThread::thread_main_inner()+0x150
V  [libjvm.dylib+0x9a580c]  Thread::call_run()+0xe0
V  [libjvm.dylib+0x7c5e4c]  thread_native_entry(Thread*)+0x158
C  [libsystem_pthread.dylib+0x726c]  _pthread_start+0x94

Java frames: (J=compiled Java code, j=interpreted, Vv=VM code)
j  com.sun.glass.ui.mac.MacApplication._submitForLaterInvocation(Ljava/lang/Runnable;)V+0 javafx.graphics
j  com.sun.glass.ui.mac.MacApplication.submitForLaterInvocation(Ljava/lang/Runnable;)V+2 javafx.graphics
j  com.sun.glass.ui.InvokeLaterDispatcher.run()V+82 javafx.graphics
v  ~StubRoutines::call_stub

siginfo: si_signo: 10 (SIGBUS), si_code: 1 (BUS_ADRALN), si_addr: 0x000000010eaa14f0

Register to memory mapping:

 x0=0x000000013e94a248 points into unknown readable memory: 0x0000000000000000 | 00 00 00 00 00 00 00 00
 x1=0x0 is NULL
 x2=0x0000000782194200 is an oop: com.sun.glass.ui.InvokeLaterDispatcher$Future 
{0x0000000782194200} - klass: 'com/sun/glass/ui/InvokeLaterDispatcher$Future'
 - ---- fields (total size 3 words):
 - private 'done' 'Z' @12  true
 - private final 'runnable' 'Ljava/lang/Runnable;' @16  a 'com/sun/javafx/tk/quantum/QuantumToolkit$$Lambda$83+0x00000008000f8000'{0x0000000780363430} (f006c686)
 - final synthetic 'this$0' 'Lcom/sun/glass/ui/InvokeLaterDispatcher;' @20  a 'com/sun/glass/ui/InvokeLaterDispatcher'{0x00000007800e8658} (f001d0cb)
 x3=0x0 is NULL
 x4=0x00000000000130a8 is an unknown value
 x5=0x0 is NULL
 x6=0x0 is NULL
 x7=0x0 is NULL
 x8=0x000000010eaa14ec is at begin+0 in a stub
StubRoutines::SafeFetchN [0x000000010eaa14ec, 0x000000010eaa14f8] (12 bytes)
 x9=0x0 is NULL
x10=0x2010000030300000 is an unknown value
x11=0x0000000000000007 is an unknown value
x12=0x0000000000000003 is an unknown value
x13=0x0000000126556170 points into unknown readable memory: 0x2d12000181d3d7f4 | f4 d7 d3 81 01 00 12 2d
x14=0x00000c0000000000 is an unknown value
x15=0x0000000126385f98: OBJC_CLASS_$_GlassRunnable+0 in /Users/pattingkasit/.openjfx/cache/17/libglass.dylib at 0x0000000126340000
x16=0x0000000180d9b0fc: pthread_getspecific+0 in /usr/lib/system/libsystem_pthread.dylib at 0x0000000180d99000
x17=0x000000013e9d39b0 points into unknown readable memory: 0xfffffffffffffffe | fe ff ff ff ff ff ff ff
x18=0x0 is NULL
x19=0x000000013d61b830 points into unknown readable memory: 0x000000013d61b1c0 | c0 b1 61 3d 01 00 00 00
x20=0x000000013e94a040 points into unknown readable memory: 0x0000000000000000 | 00 00 00 00 00 00 00 00
x21=0x000000013e94a248 points into unknown readable memory: 0x0000000000000000 | 00 00 00 00 00 00 00 00
x22=0x000000013d999200 is a thread
x23=0x0000000000000001 is an unknown value
x24=0x000000013e94a200 is a global jni handle
x25=0x0000000106c74a98: _ZN12StubRoutines17_safefetchN_entryE+0 in /Library/Java/JavaVirtualMachines/temurin-17.jdk/Contents/Home/lib/server/libjvm.dylib at 0x000000010600c000
x26=0x000000013803dbe8 is pointing into metadata
x27=0x0 is NULL
x28=0x000000013d999200 is a thread


Registers:
 x0=0x000000013e94a248  x1=0x0000000000000000  x2=0x0000000782194200  x3=0x0000000000000000
 x4=0x00000000000130a8  x5=0x0000000000000000  x6=0x0000000000000000  x7=0x0000000000000000
 x8=0x000000010eaa14ec  x9=0x0000000000000000 x10=0x2010000030300000 x11=0x0000000000000007
x12=0x0000000000000003 x13=0x0000000126556170 x14=0x00000c0000000000 x15=0x0000000126385f98
x16=0x0000000180d9b0fc x17=0x000000013e9d39b0 x18=0x0000000000000000 x19=0x000000013d61b830
x20=0x000000013e94a040 x21=0x000000013e94a248 x22=0x000000013d999200 x23=0x0000000000000001
x24=0x000000013e94a200 x25=0x0000000106c74a98 x26=0x000000013803dbe8 x27=0x0000000000000000
x28=0x000000013d999200  fp=0x0000000171e967c0  lr=0x00000001067c9f00  sp=0x0000000171e96780
pc=0x000000010eaa14f0 cpsr=0x0000000060001000
Top of Stack: (sp=0x0000000171e96780)
0x0000000171e96780:   000000013803dbe8 0000000000000001
0x0000000171e96790:   0000000171e96988 0000000000000000
0x0000000171e967a0:   000000013f0b5ea8 000000013e94a200
0x0000000171e967b0:   000000013e94a200 000000013d61b830
0x0000000171e967c0:   0000000171e96800 00000001067cb10c
0x0000000171e967d0:   0000000000000001 000000013e94a200
0x0000000171e967e0:   000000013f0b5ea8 000000013e94a200
0x0000000171e967f0:   0000000000000001 000000013f0b5c00
0x0000000171e96800:   0000000171e96840 00000001064d4cf0
0x0000000171e96810:   0000000171e96988 0000000105d04a70
0x0000000171e96820:   0000000105d05710 00000001cb0db8f7
0x0000000171e96830:   0000000000000000 0000000105d05710
0x0000000171e96840:   0000000171e96870 000000012634ab08
0x0000000171e96850:   dca8e87c7dcd0040 0000000000000000
0x0000000171e96860:   0000000000000000 0000000105d057b0
0x0000000171e96870:   0000000171e968b0 0000000181d712e8
0x0000000171e96880:   0000000171e96988 0000000105d04a70
0x0000000171e96890:   0000000105d05710 dca8e87c7dcd0040
0x0000000171e968a0:   0000000000000000 0000000000000000
0x0000000171e968b0:   0000000171e968f0 de77000181d3d87c
0x0000000171e968c0:   0000000171e96988 000000010eaa87c0
0x0000000171e968d0:   0000000000000000 0000000106c7c458
0x0000000171e968e0:   0000000171e96900 000000010eaa7730
0x0000000171e968f0:   0000000171e96960 6c4400010eaa98ac
0x0000000171e96900:   0000000171e96900 0000000123da153d
0x0000000171e96910:   0000000171e96910 0000000000000000
0x0000000171e96920:   0000000171e96988 000000013803dbe8
0x0000000171e96930:   00000007800eef68 0000000000000000
0x0000000171e96940:   0000000000000000 0000000138018928
0x0000000171e96950:   0000000000000000 0000000171e96960
0x0000000171e96960:   0000000171e969e0 000000010eaa5fc8
0x0000000171e96970:   0000000000000000 0000000000000000 

Instructions: (pc=0x000000010eaa14f0)
0x000000010eaa13f0:   f2a0d889 f2c00029 6d425935 1e640886
0x000000010eaa1400:   0c402d31 1e6408c7 1f5654d0 1e6c1017
0x000000010eaa1410:   1f5050d0 1f504cd0 1f5048d0 1e650af6
0x000000010eaa1420:   1f50d8f6 1f5694d6 1f5158f6 1e762880
0x000000010eaa1430:   36000501 1e614000 14000026 2e251ca5
0x000000010eaa1440:   d2823009 f2a0d889 f2c00029 6d425d36
0x000000010eaa1450:   1e600806 0c402d32 1f5758c7 1e6c101a
0x000000010eaa1460:   1f4754c7 1e650805 1f4750c7 d2866668
0x000000010eaa1470:   f2a7fa68 1f474cc7 1e6608c0 1f4748c7
0x000000010eaa1480:   1e6e1019 eb08007f 540000ac 1f479400
0x000000010eaa1490:   1f460340 1e603b20 1400000e d2a7fd29
0x000000010eaa14a0:   eb09007f 540000ac 51480069 d3607d29
0x000000010eaa14b0:   9e670121 14000002 1e6a5001 1f679417
0x000000010eaa14c0:   1f668742 1e613b23 1e773857 1e773860
0x000000010eaa14d0:   a8c17ff3 910003bf a8c17bfd d65f03c0
0x000000010eaa14e0:   b9400001 aa0103e0 d65f03c0 f9400001
0x000000010eaa14f0:   aa0103e0 d65f03c0 00000000 00000000
0x000000010eaa1500:   00000000 00000000 00000000 00000000
0x000000010eaa1510:   00000000 00000000 00000000 00000000
0x000000010eaa1520:   00000000 00000000 00000000 00000000
0x000000010eaa1530:   00000000 00000000 00000000 00000000
0x000000010eaa1540:   00000000 00000000 00000000 00000000
0x000000010eaa1550:   00000000 00000000 00000000 00000000
0x000000010eaa1560:   00000000 00000000 00000000 00000000
0x000000010eaa1570:   00000000 00000000 00000000 00000000
0x000000010eaa1580:   00000000 00000000 00000000 00000000
0x000000010eaa1590:   00000000 00000000 00000000 00000000
0x000000010eaa15a0:   00000000 00000000 00000000 00000000
0x000000010eaa15b0:   00000000 00000000 00000000 00000000
0x000000010eaa15c0:   00000000 00000000 00000000 00000000
0x000000010eaa15d0:   00000000 00000000 00000000 00000000
0x000000010eaa15e0:   00000000 00000000 00000000 00000000 


Stack slot to memory mapping:
stack at sp + 0 slots: 0x000000013803dbe8 is pointing into metadata
stack at sp + 1 slots: 0x0000000000000001 is an unknown value
stack at sp + 2 slots: 0x0000000171e96988 is pointing into the stack for thread: 0x000000013d999200
stack at sp + 3 slots: 0x0 is NULL
stack at sp + 4 slots: 0x000000013f0b5ea8 points into unknown readable memory: 0x0000000106c2e8a8 | a8 e8 c2 06 01 00 00 00
stack at sp + 5 slots: 0x000000013e94a200 is a global jni handle
stack at sp + 6 slots: 0x000000013e94a200 is a global jni handle
stack at sp + 7 slots: 0x000000013d61b830 points into unknown readable memory: 0x000000013d61b1c0 | c0 b1 61 3d 01 00 00 00

StubRoutines::SafeFetchN [0x000000010eaa14ec, 0x000000010eaa14f8] (12 bytes)
[MachCode]
  0x000000010eaa14ec: 0100 40f9 | e003 01aa | c003 5fd6 
[/MachCode]

---------------  P R O C E S S  ---------------

Threads class SMR info:
_java_thread_list=0x000000013cda5290, length=18, elements={
0x000000013f009400, 0x000000013f00a000, 0x000000013f008c00, 0x000000013f00fc00,
0x000000013f8cce00, 0x000000013f8ce000, 0x000000013f80fc00, 0x000000013d815800,
0x000000013d80aa00, 0x000000013d80b000, 0x000000013d816e00, 0x000000013d947c00,
0x000000013d999200, 0x000000013f0b5c00, 0x000000013fa70400, 0x000000013f161a00,
0x000000013da67400, 0x000000013da5d200
}

Java Threads: ( => current thread )
  0x000000013f009400 JavaThread "main" [_thread_blocked, id=9731, stack(0x000000016f498000,0x000000016f69b000)]
  0x000000013f00a000 JavaThread "Reference Handler" daemon [_thread_blocked, id=15619, stack(0x00000001702ec000,0x00000001704ef000)]
  0x000000013f008c00 JavaThread "Finalizer" daemon [_thread_blocked, id=16899, stack(0x00000001704f8000,0x00000001706fb000)]
  0x000000013f00fc00 JavaThread "Signal Dispatcher" daemon [_thread_blocked, id=42499, stack(0x000000017081c000,0x0000000170a1f000)]
  0x000000013f8cce00 JavaThread "Service Thread" daemon [_thread_blocked, id=23299, stack(0x0000000170a28000,0x0000000170c2b000)]
  0x000000013f8ce000 JavaThread "Monitor Deflation Thread" daemon [_thread_blocked, id=23555, stack(0x0000000170c34000,0x0000000170e37000)]
  0x000000013f80fc00 JavaThread "C2 CompilerThread0" daemon [_thread_in_native, id=41987, stack(0x0000000170e40000,0x0000000171043000)]
  0x000000013d815800 JavaThread "C1 CompilerThread0" daemon [_thread_in_native, id=24067, stack(0x000000017104c000,0x000000017124f000)]
  0x000000013d80aa00 JavaThread "Sweeper thread" daemon [_thread_blocked, id=41219, stack(0x0000000171258000,0x000000017145b000)]
  0x000000013d80b000 JavaThread "Common-Cleaner" daemon [_thread_blocked, id=40707, stack(0x0000000171464000,0x0000000171667000)]
  0x000000013d816e00 JavaThread "Notification Thread" daemon [_thread_blocked, id=40451, stack(0x0000000171670000,0x0000000171873000)]
  0x000000013d947c00 JavaThread "QuantumRenderer-0" daemon [_thread_blocked, id=39427, stack(0x0000000171a88000,0x0000000171c8b000)]
=>0x000000013d999200 JavaThread "InvokeLaterDispatcher" daemon [_thread_in_native, id=35847, stack(0x0000000171c94000,0x0000000171e97000)]
  0x000000013f0b5c00 JavaThread "JavaFX Application Thread" [_thread_in_Java, id=259, stack(0x000000016ec10000,0x000000016f40c000)]
  0x000000013fa70400 JavaThread "JavaFX-Launcher" [_thread_blocked, id=79623, stack(0x00000001721c4000,0x00000001723c7000)]
  0x000000013f161a00 JavaThread "Prism Font Disposer" daemon [_thread_blocked, id=71179, stack(0x0000000173018000,0x000000017321b000)]
  0x000000013da67400 JavaThread "Cleaner-0" daemon [_thread_blocked, id=61195, stack(0x0000000173224000,0x0000000173427000)]
  0x000000013da5d200 JavaThread "PulseTimer-CVDisplayLink thread" daemon [_thread_in_native, id=1299, stack(0x0000000171ea0000,0x0000000171f23000)]

Other Threads:
  0x000000013e944340 VMThread "VM Thread" [stack: 0x00000001700e0000,0x00000001702e3000] [id=14851]
  0x000000013d675f80 WatcherThread [stack: 0x000000017187c000,0x0000000171a7f000] [id=39939]
  0x000000013e90e410 GCTaskThread "GC Thread#0" [stack: 0x000000016f6a4000,0x000000016f8a7000] [id=19459]
  0x0000000126586450 GCTaskThread "GC Thread#1" [stack: 0x00000001723d0000,0x00000001725d3000] [id=75523]
  0x0000000126586d00 GCTaskThread "GC Thread#2" [stack: 0x00000001725dc000,0x00000001727df000] [id=75267]
  0x000000013cf0ada0 GCTaskThread "GC Thread#3" [stack: 0x00000001727e8000,0x00000001729eb000] [id=75011]
  0x000000013cf0b560 GCTaskThread "GC Thread#4" [stack: 0x00000001729f4000,0x0000000172bf7000] [id=74499]
  0x000000013cf0bdd0 GCTaskThread "GC Thread#5" [stack: 0x0000000172c00000,0x0000000172e03000] [id=73987]
  0x0000000126588830 GCTaskThread "GC Thread#6" [stack: 0x0000000172e0c000,0x000000017300f000] [id=55555]
  0x000000013d25f4f0 GCTaskThread "GC Thread#7" [stack: 0x0000000173430000,0x0000000173633000] [id=66059]
  0x000000013e90f250 ConcurrentGCThread "G1 Main Marker" [stack: 0x000000016f8b0000,0x000000016fab3000] [id=18947]
  0x000000013e90ffb0 ConcurrentGCThread "G1 Conc#0" [stack: 0x000000016fabc000,0x000000016fcbf000] [id=12547]
  0x000000013cf5ef40 ConcurrentGCThread "G1 Conc#1" [stack: 0x000000017363c000,0x000000017383f000] [id=65795]
  0x000000013e929df0 ConcurrentGCThread "G1 Refine#0" [stack: 0x000000016fcc8000,0x000000016fecb000] [id=13059]
  0x000000013e92ab20 ConcurrentGCThread "G1 Service" [stack: 0x000000016fed4000,0x00000001700d7000] [id=17923]

Threads with active compile tasks:
C2 CompilerThread0     2299 1899       4       java.lang.String::startsWith (7 bytes)
C1 CompilerThread0     2299 1895       3       java.lang.reflect.AccessibleObject::checkAccess (40 bytes)

VM state: not at safepoint (normal execution)

VM Mutex/Monitor currently owned by a thread: None

Heap address: 0x0000000780000000, size: 2048 MB, Compressed Oops mode: Zero based, Oop shift amount: 3

CDS archive(s) not mapped
Compressed class space mapped at: 0x0000000800000000-0x0000000840000000, reserved size: 1073741824
Narrow klass base: 0x0000000800000000, Narrow klass shift: 0, Narrow klass range: 0x40000000

GC Precious Log:
 CPUs: 8 total, 8 available
 Memory: 8192M
 Large Page Support: Disabled
 NUMA Support: Disabled
 Compressed Oops: Enabled (Zero based)
 Heap Region Size: 1M
 Heap Min Capacity: 8M
 Heap Initial Capacity: 128M
 Heap Max Capacity: 2G
 Pre-touch: Disabled
 Parallel Workers: 8
 Concurrent Workers: 2
 Concurrent Refinement Workers: 8
 Periodic GC: Disabled

Heap:
 garbage-first heap   total 40960K, used 13120K [0x0000000780000000, 0x0000000800000000)
  region size 1024K, 9 young (9216K), 5 survivors (5120K)
 Metaspace       used 21911K, committed 22144K, reserved 1073152K
  class space    used 2693K, committed 2816K, reserved 1048576K

Heap Regions: E=young(eden), S=young(survivor), O=old, HS=humongous(starts), HC=humongous(continues), CS=collection set, F=free, OA=open archive, CA=closed archive, TAMS=top-at-mark-start (previous, next)
|   0|0x0000000780000000, 0x0000000780100000, 0x0000000780100000|100%| O|  |TAMS 0x00000007800e8400, 0x0000000780000000| Untracked 
|   1|0x0000000780100000, 0x0000000780200000, 0x0000000780200000|100%|HS|  |TAMS 0x0000000780200000, 0x0000000780100000| Complete 
|   2|0x0000000780200000, 0x0000000780300000, 0x0000000780300000|100%|HC|  |TAMS 0x0000000780300000, 0x0000000780200000| Complete 
|   3|0x0000000780300000, 0x0000000780400000, 0x0000000780400000|100%| O|  |TAMS 0x0000000780300000, 0x0000000780300000| Untracked 
|   4|0x0000000780400000, 0x0000000780500000, 0x0000000780500000|100%| O|  |TAMS 0x0000000780400000, 0x0000000780400000| Untracked 
|   5|0x0000000780500000, 0x00000007805ac008, 0x0000000780600000| 67%| O|  |TAMS 0x0000000780500000, 0x0000000780500000| Complete 
|   6|0x0000000780600000, 0x0000000780600000, 0x0000000780700000|  0%| F|  |TAMS 0x0000000780600000, 0x0000000780600000| Untracked 
|   7|0x0000000780700000, 0x0000000780700000, 0x0000000780800000|  0%| F|  |TAMS 0x0000000780700000, 0x0000000780700000| Untracked 
|   8|0x0000000780800000, 0x0000000780800000, 0x0000000780900000|  0%| F|  |TAMS 0x0000000780800000, 0x0000000780800000| Untracked 
|   9|0x0000000780900000, 0x0000000780900000, 0x0000000780a00000|  0%| F|  |TAMS 0x0000000780900000, 0x0000000780900000| Untracked 
|  10|0x0000000780a00000, 0x0000000780a00000, 0x0000000780b00000|  0%| F|  |TAMS 0x0000000780a00000, 0x0000000780a00000| Untracked 
|  11|0x0000000780b00000, 0x0000000780b00000, 0x0000000780c00000|  0%| F|  |TAMS 0x0000000780b00000, 0x0000000780b00000| Untracked 
|  12|0x0000000780c00000, 0x0000000780c00000, 0x0000000780d00000|  0%| F|  |TAMS 0x0000000780c00000, 0x0000000780c00000| Untracked 
|  13|0x0000000780d00000, 0x0000000780d00000, 0x0000000780e00000|  0%| F|  |TAMS 0x0000000780d00000, 0x0000000780d00000| Untracked 
|  14|0x0000000780e00000, 0x0000000780e00000, 0x0000000780f00000|  0%| F|  |TAMS 0x0000000780e00000, 0x0000000780e00000| Untracked 
|  15|0x0000000780f00000, 0x0000000780f00000, 0x0000000781000000|  0%| F|  |TAMS 0x0000000780f00000, 0x0000000780f00000| Untracked 
|  16|0x0000000781000000, 0x0000000781000000, 0x0000000781100000|  0%| F|  |TAMS 0x0000000781000000, 0x0000000781000000| Untracked 
|  17|0x0000000781100000, 0x0000000781100000, 0x0000000781200000|  0%| F|  |TAMS 0x0000000781100000, 0x0000000781100000| Untracked 
|  18|0x0000000781200000, 0x0000000781200000, 0x0000000781300000|  0%| F|  |TAMS 0x0000000781200000, 0x0000000781200000| Untracked 
|  19|0x0000000781300000, 0x0000000781300000, 0x0000000781400000|  0%| F|  |TAMS 0x0000000781300000, 0x0000000781300000| Untracked 
|  20|0x0000000781400000, 0x0000000781400000, 0x0000000781500000|  0%| F|  |TAMS 0x0000000781400000, 0x0000000781400000| Untracked 
|  21|0x0000000781500000, 0x0000000781500000, 0x0000000781600000|  0%| F|  |TAMS 0x0000000781500000, 0x0000000781500000| Untracked 
|  22|0x0000000781600000, 0x0000000781600000, 0x0000000781700000|  0%| F|  |TAMS 0x0000000781600000, 0x0000000781600000| Untracked 
|  23|0x0000000781700000, 0x0000000781700000, 0x0000000781800000|  0%| F|  |TAMS 0x0000000781700000, 0x0000000781700000| Untracked 
|  24|0x0000000781800000, 0x0000000781800000, 0x0000000781900000|  0%| F|  |TAMS 0x0000000781800000, 0x0000000781800000| Untracked 
|  25|0x0000000781900000, 0x0000000781900000, 0x0000000781a00000|  0%| F|  |TAMS 0x0000000781900000, 0x0000000781900000| Untracked 
|  26|0x0000000781a00000, 0x0000000781a00000, 0x0000000781b00000|  0%| F|  |TAMS 0x0000000781a00000, 0x0000000781a00000| Untracked 
|  27|0x0000000781b00000, 0x0000000781b00000, 0x0000000781c00000|  0%| F|  |TAMS 0x0000000781b00000, 0x0000000781b00000| Untracked 
|  28|0x0000000781c00000, 0x0000000781c00000, 0x0000000781d00000|  0%| F|  |TAMS 0x0000000781c00000, 0x0000000781c00000| Untracked 
|  29|0x0000000781d00000, 0x0000000781d00000, 0x0000000781e00000|  0%| F|  |TAMS 0x0000000781d00000, 0x0000000781d00000| Untracked 
|  30|0x0000000781e00000, 0x0000000781e00000, 0x0000000781f00000|  0%| F|  |TAMS 0x0000000781e00000, 0x0000000781e00000| Untracked 
|  31|0x0000000781f00000, 0x0000000781f80800, 0x0000000782000000| 50%| E|  |TAMS 0x0000000781f00000, 0x0000000781f00000| Complete 
|  32|0x0000000782000000, 0x0000000782100000, 0x0000000782100000|100%| E|CS|TAMS 0x0000000782000000, 0x0000000782000000| Complete 
|  33|0x0000000782100000, 0x0000000782200000, 0x0000000782200000|100%| E|CS|TAMS 0x0000000782100000, 0x0000000782100000| Complete 
|  96|0x0000000786000000, 0x00000007860240a0, 0x0000000786100000| 14%| S|CS|TAMS 0x0000000786000000, 0x0000000786000000| Complete 
|  97|0x0000000786100000, 0x0000000786200000, 0x0000000786200000|100%| S|CS|TAMS 0x0000000786100000, 0x0000000786100000| Complete 
|  98|0x0000000786200000, 0x0000000786300000, 0x0000000786300000|100%| S|CS|TAMS 0x0000000786200000, 0x0000000786200000| Complete 
|  99|0x0000000786300000, 0x0000000786400000, 0x0000000786400000|100%| S|CS|TAMS 0x0000000786300000, 0x0000000786300000| Complete 
| 100|0x0000000786400000, 0x0000000786500000, 0x0000000786500000|100%| S|CS|TAMS 0x0000000786400000, 0x0000000786400000| Complete 
| 127|0x0000000787f00000, 0x0000000788000000, 0x0000000788000000|100%| E|CS|TAMS 0x0000000787f00000, 0x0000000787f00000| Complete 

Card table byte_map: [0x0000000105400000,0x0000000105800000] _byte_map_base: 0x0000000101800000

Marking Bits (Prev, Next): (CMBitMap*) 0x000000013f82a850, (CMBitMap*) 0x000000013f82a810
 Prev Bits: [0x000000011faa0000, 0x0000000121aa0000)
 Next Bits: [0x000000011daa0000, 0x000000011faa0000)

Polling page: 0x0000000100b74000

Metaspace:

Usage:
  Non-class:     18.78 MB used.
      Class:      2.64 MB used.
       Both:     21.42 MB used.

Virtual space:
  Non-class space:       24.00 MB reserved,      18.88 MB ( 79%) committed,  3 nodes.
      Class space:        1.00 GB reserved,       2.75 MB ( <1%) committed,  1 nodes.
             Both:        1.02 GB reserved,      21.62 MB (  2%) committed. 

Chunk freelists:
   Non-Class:  976.00 KB
       Class:  1.16 MB
        Both:  2.11 MB

MaxMetaspaceSize: unlimited
CompressedClassSpaceSize: 1.00 GB
Initial GC threshold: 21.00 MB
Current GC threshold: 35.12 MB
CDS: off
MetaspaceReclaimPolicy: balanced
 - commit_granule_bytes: 65536.
 - commit_granule_words: 8192.
 - virtual_space_node_default_size: 1048576.
 - enlarge_chunks_in_place: 1.
 - new_chunks_are_fully_committed: 0.
 - uncommit_free_chunks: 1.
 - use_allocation_guard: 0.
 - handle_deallocations: 1.


Internal statistics:

num_allocs_failed_limit: 3.
num_arena_births: 188.
num_arena_deaths: 0.
num_vsnodes_births: 4.
num_vsnodes_deaths: 0.
num_space_committed: 346.
num_space_uncommitted: 0.
num_chunks_returned_to_freelist: 3.
num_chunks_taken_from_freelist: 635.
num_chunk_merges: 3.
num_chunk_splits: 440.
num_chunks_enlarged: 347.
num_purges: 0.
num_inconsistent_stats: 0.

CodeHeap 'non-profiled nmethods': size=120032Kb used=593Kb max_used=593Kb free=119438Kb
 bounds [0x0000000116568000, 0x00000001167d8000, 0x000000011daa0000]
CodeHeap 'profiled nmethods': size=120016Kb used=3740Kb max_used=3740Kb free=116275Kb
 bounds [0x000000010f034000, 0x000000010f3e4000, 0x0000000116568000]
CodeHeap 'non-nmethods': size=5712Kb used=1392Kb max_used=1420Kb free=4319Kb
 bounds [0x000000010eaa0000, 0x000000010ed10000, 0x000000010f034000]
 total_blobs=2607 nmethods=1838 adapters=685
 compilation: enabled
              stopped_count=0, restarted_count=0
 full_count=0

Compilation events (20 events):
Event: 2.238 Thread 0x000000013d815800 1866       1       com.sun.prism.impl.BaseGraphics::isDepthTest (5 bytes)
Event: 2.238 Thread 0x000000013d815800 nmethod 1866 0x00000001165fa490 code [0x00000001165fa600, 0x00000001165fa6e8]
Event: 2.238 Thread 0x000000013d815800 1859   !   3       java.nio.DirectByteBuffer::put (36 bytes)
Event: 2.238 Thread 0x000000013d815800 nmethod 1859 0x000000010f3c9b10 code [0x000000010f3c9dc0, 0x000000010f3ca858]
Event: 2.238 Thread 0x000000013d815800 1860   !   3       jdk.internal.misc.ScopedMemoryAccess::putByte (25 bytes)
Event: 2.238 Thread 0x000000013d815800 nmethod 1860 0x000000010f3cae10 code [0x000000010f3cb000, 0x000000010f3cb5c8]
Event: 2.238 Thread 0x000000013d815800 1861   !   3       jdk.internal.misc.ScopedMemoryAccess::putByteInternal (37 bytes)
Event: 2.238 Thread 0x000000013d815800 nmethod 1861 0x000000010f3cb890 code [0x000000010f3cba80, 0x000000010f3cbdd8]
Event: 2.241 Thread 0x000000013d815800 1871       3       sun.invoke.util.Wrapper::isDoubleWord (15 bytes)
Event: 2.241 Thread 0x000000013d815800 nmethod 1871 0x000000010f3cbf90 code [0x000000010f3cc140, 0x000000010f3cc2e8]
Event: 2.241 Thread 0x000000013d815800 1873       3       jdk.internal.org.objectweb.asm.SymbolTable::putBootstrapMethods (56 bytes)
Event: 2.241 Thread 0x000000013d815800 nmethod 1873 0x000000010f3cc390 code [0x000000010f3cc5c0, 0x000000010f3cc9d8]
Event: 2.241 Thread 0x000000013d815800 1875       3       java.lang.invoke.LambdaForm::returnType (26 bytes)
Event: 2.241 Thread 0x000000013d815800 nmethod 1875 0x000000010f3ccc10 code [0x000000010f3ccdc0, 0x000000010f3ccfa8]
Event: 2.241 Thread 0x000000013d815800 1878       3       jdk.internal.org.objectweb.asm.MethodWriter::visitAnnotation (40 bytes)
Event: 2.242 Thread 0x000000013d815800 nmethod 1878 0x000000010f3cd090 code [0x000000010f3cd280, 0x000000010f3cd588]
Event: 2.242 Thread 0x000000013d815800 1879       3       jdk.internal.org.objectweb.asm.AnnotationWriter::create (34 bytes)
Event: 2.242 Thread 0x000000013d815800 nmethod 1879 0x000000010f3cd690 code [0x000000010f3cd8c0, 0x000000010f3cdde8]
Event: 2.242 Thread 0x000000013d815800 1880       3       jdk.internal.org.objectweb.asm.AnnotationWriter::visitEnd (44 bytes)
Event: 2.242 Thread 0x000000013d815800 nmethod 1880 0x000000010f3ce010 code [0x000000010f3ce1c0, 0x000000010f3ce3a8]

GC Heap History (4 events):
Event: 0.559 GC heap before
{Heap before GC invocations=0 (full 0):
 garbage-first heap   total 131072K, used 22528K [0x0000000780000000, 0x0000000800000000)
  region size 1024K, 23 young (23552K), 0 survivors (0K)
 Metaspace       used 14001K, committed 14208K, reserved 1064960K
  class space    used 1516K, committed 1600K, reserved 1048576K
}
Event: 0.561 GC heap after
{Heap after GC invocations=1 (full 0):
 garbage-first heap   total 131072K, used 4001K [0x0000000780000000, 0x0000000800000000)
  region size 1024K, 3 young (3072K), 3 survivors (3072K)
 Metaspace       used 14001K, committed 14208K, reserved 1064960K
  class space    used 1516K, committed 1600K, reserved 1048576K
}
Event: 1.217 GC heap before
{Heap before GC invocations=1 (full 0):
 garbage-first heap   total 131072K, used 28577K [0x0000000780000000, 0x0000000800000000)
  region size 1024K, 27 young (27648K), 3 survivors (3072K)
 Metaspace       used 21260K, committed 21504K, reserved 1073152K
  class space    used 2621K, committed 2752K, reserved 1048576K
}
Event: 1.222 GC heap after
{Heap after GC invocations=2 (full 0):
 garbage-first heap   total 131072K, used 10048K [0x0000000780000000, 0x0000000800000000)
  region size 1024K, 5 young (5120K), 5 survivors (5120K)
 Metaspace       used 21260K, committed 21504K, reserved 1073152K
  class space    used 2621K, committed 2752K, reserved 1048576K
}

Dll operation events (13 events):
Event: 0.010 Loaded shared library /Library/Java/JavaVirtualMachines/temurin-17.jdk/Contents/Home/lib/libjava.dylib
Event: 0.051 Loaded shared library /Library/Java/JavaVirtualMachines/temurin-17.jdk/Contents/Home/lib/libnio.dylib
Event: 0.079 Loaded shared library /Library/Java/JavaVirtualMachines/temurin-17.jdk/Contents/Home/lib/libnet.dylib
Event: 0.095 Loaded shared library /Library/Java/JavaVirtualMachines/temurin-17.jdk/Contents/Home/lib/libzip.dylib
Event: 0.174 Loading shared library /Users/pattingkasit/.m2/repository/org/openjfx/javafx-graphics/17/libprism_es2.dylib failed, dlopen(/Users/pattingkasit/.m2/repository/org/openjfx/javafx-graphics/17/libprism_es2.dylib, 0x0001): tried: '/Users/pattingkasit/.m2/repos
Event: 0.195 Loaded shared library /Users/pattingkasit/.openjfx/cache/17/libprism_es2.dylib
Event: 0.249 Loading shared library /Users/pattingkasit/.m2/repository/org/openjfx/javafx-graphics/17/libglass.dylib failed, dlopen(/Users/pattingkasit/.m2/repository/org/openjfx/javafx-graphics/17/libglass.dylib, 0x0001): tried: '/Users/pattingkasit/.m2/repository/or
Event: 0.263 Loaded shared library /Users/pattingkasit/.openjfx/cache/17/libglass.dylib
Event: 0.485 Loaded shared library /Library/Java/JavaVirtualMachines/temurin-17.jdk/Contents/Home/lib/libjimage.dylib
Event: 0.539 Loading shared library /Users/pattingkasit/.m2/repository/org/openjfx/javafx-graphics/17/libjavafx_font.dylib failed, dlopen(/Users/pattingkasit/.m2/repository/org/openjfx/javafx-graphics/17/libjavafx_font.dylib, 0x0001): tried: '/Users/pattingkasit/.m2/r
Event: 0.542 Loaded shared library /Users/pattingkasit/.openjfx/cache/17/libjavafx_font.dylib
Event: 0.641 Loading shared library /Users/pattingkasit/.m2/repository/org/openjfx/javafx-graphics/17/libjavafx_iio.dylib failed, dlopen(/Users/pattingkasit/.m2/repository/org/openjfx/javafx-graphics/17/libjavafx_iio.dylib, 0x0001): tried: '/Users/pattingkasit/.m2/rep
Event: 0.645 Loaded shared library /Users/pattingkasit/.openjfx/cache/17/libjavafx_iio.dylib

Deoptimization events (20 events):
Event: 1.985 Thread 0x000000013d947c00 DEOPT PACKING pc=0x000000010f2f8db8 sp=0x0000000171c89190
Event: 1.985 Thread 0x000000013d947c00 DEOPT UNPACKING pc=0x000000010eadeb7c sp=0x0000000171c88df0 mode 0
Event: 1.986 Thread 0x000000013d947c00 DEOPT PACKING pc=0x000000010f2f8db8 sp=0x0000000171c894b0
Event: 1.986 Thread 0x000000013d947c00 DEOPT UNPACKING pc=0x000000010eadeb7c sp=0x0000000171c89110 mode 0
Event: 1.986 Thread 0x000000013d947c00 DEOPT PACKING pc=0x000000010f2f8cf4 sp=0x0000000171c894b0
Event: 1.986 Thread 0x000000013d947c00 DEOPT UNPACKING pc=0x000000010eadeb7c sp=0x0000000171c89110 mode 0
Event: 1.986 Thread 0x000000013d947c00 DEOPT PACKING pc=0x000000010f2f8cf4 sp=0x0000000171c894b0
Event: 1.986 Thread 0x000000013d947c00 DEOPT UNPACKING pc=0x000000010eadeb7c sp=0x0000000171c89110 mode 0
Event: 1.986 Thread 0x000000013d947c00 DEOPT PACKING pc=0x000000010f2f8cf4 sp=0x0000000171c894b0
Event: 1.986 Thread 0x000000013d947c00 DEOPT UNPACKING pc=0x000000010eadeb7c sp=0x0000000171c89110 mode 0
Event: 1.987 Thread 0x000000013d947c00 DEOPT PACKING pc=0x000000010f2f8cf4 sp=0x0000000171c89190
Event: 1.987 Thread 0x000000013d947c00 DEOPT UNPACKING pc=0x000000010eadeb7c sp=0x0000000171c88df0 mode 0
Event: 1.987 Thread 0x000000013d947c00 DEOPT PACKING pc=0x000000010f2f8cf4 sp=0x0000000171c894b0
Event: 1.987 Thread 0x000000013d947c00 DEOPT UNPACKING pc=0x000000010eadeb7c sp=0x0000000171c89110 mode 0
Event: 2.221 Thread 0x000000013f0b5c00 DEOPT PACKING pc=0x000000010f3876fc sp=0x000000016f407f00
Event: 2.221 Thread 0x000000013f0b5c00 DEOPT UNPACKING pc=0x000000010eadeb7c sp=0x000000016f407be0 mode 3
Event: 2.221 Thread 0x000000013f0b5c00 DEOPT PACKING pc=0x000000010f3b0b84 sp=0x000000016f407610
Event: 2.221 Thread 0x000000013f0b5c00 DEOPT UNPACKING pc=0x000000010eadeb7c sp=0x000000016f407370 mode 3
Event: 2.229 Thread 0x000000013f0b5c00 DEOPT PACKING pc=0x000000010f3a9258 sp=0x000000016f407170
Event: 2.229 Thread 0x000000013f0b5c00 DEOPT UNPACKING pc=0x000000010eadeb7c sp=0x000000016f406de0 mode 3

Classes unloaded (0 events):
No events

Classes redefined (0 events):
No events

Internal exceptions (20 events):
Event: 0.578 Thread 0x000000013f0b5c00 Exception <a 'java/lang/NoSuchMethodError'{0x0000000787efb7a8}: 'void java.lang.invoke.DirectMethodHandle$Holder.invokeSpecial(java.lang.Object, java.lang.Object, java.lang.Object, java.lang.Object, java.lang.Object)'> (0x0000000787efb7a8) 
thrown [src/hotspot/share/interpreter/linkResolver.cpp, line 759]
Event: 0.581 Thread 0x000000013f0b5c00 Exception <a 'sun/nio/fs/UnixException'{0x0000000787d41928}> (0x0000000787d41928) 
thrown [src/hotspot/share/prims/jni.cpp, line 516]
Event: 0.593 Thread 0x000000013f0b5c00 Exception <a 'sun/nio/fs/UnixException'{0x0000000787dc93e0}> (0x0000000787dc93e0) 
thrown [src/hotspot/share/prims/jni.cpp, line 516]
Event: 0.598 Thread 0x000000013f0b5c00 Exception <a 'java/lang/ClassNotFoundException'{0x0000000787dde338}: sun/util/logging/resources/spi/loggingProvider> (0x0000000787dde338) 
thrown [src/hotspot/share/classfile/systemDictionary.cpp, line 256]
Event: 0.613 Thread 0x000000013f0b5c00 Exception <a 'java/lang/NoSuchMethodError'{0x0000000787b3eac8}: 'java.lang.Object java.lang.invoke.DirectMethodHandle$Holder.invokeSpecial(java.lang.Object, java.lang.Object, java.lang.Object, int, java.lang.Object)'> (0x0000000787b3eac8) 
thrown [src/hotspot/share/interpreter/linkResolver.cpp, line 759]
Event: 0.640 Thread 0x000000013f0b5c00 Exception <a 'java/io/FileNotFoundException'{0x0000000787984520}> (0x0000000787984520) 
thrown [src/hotspot/share/prims/jni.cpp, line 516]
Event: 0.659 Thread 0x000000013f0b5c00 Implicit null exception at 0x00000001165a51f8 to 0x00000001165a5288
Event: 0.664 Thread 0x000000013f0b5c00 Implicit null exception at 0x00000001165adf10 to 0x00000001165ae3cc
Event: 0.664 Thread 0x000000013f0b5c00 Implicit null exception at 0x00000001165ab410 to 0x00000001165ab894
Event: 1.075 Thread 0x000000013f0b5c00 Exception <a 'java/lang/NoSuchMethodError'{0x0000000787083d18}: 'java.lang.Object java.lang.invoke.DirectMethodHandle$Holder.invokeInterface(java.lang.Object, java.lang.Object, java.lang.Object)'> (0x0000000787083d18) 
thrown [src/hotspot/share/interpreter/linkResolver.cpp, line 759]
Event: 1.075 Thread 0x000000013f0b5c00 Exception <a 'java/lang/IncompatibleClassChangeError'{0x00000007870876a0}: Found class java.lang.Object, but interface was expected> (0x00000007870876a0) 
thrown [src/hotspot/share/interpreter/linkResolver.cpp, line 826]
Event: 1.122 Thread 0x000000013f0b5c00 Exception <a 'java/lang/NoSuchMethodError'{0x0000000786cbae10}: 'java.lang.Object java.lang.invoke.DirectMethodHandle$Holder.newInvokeSpecial(java.lang.Object, java.lang.Object, int)'> (0x0000000786cbae10) 
thrown [src/hotspot/share/interpreter/linkResolver.cpp, line 759]
Event: 1.180 Thread 0x000000013d947c00 Exception <a 'java/lang/NoSuchMethodError'{0x0000000786bdcf28}: 'int java.lang.invoke.DirectMethodHandle$Holder.invokeStaticInit(java.lang.Object, java.lang.Object)'> (0x0000000786bdcf28) 
thrown [src/hotspot/share/interpreter/linkResolver.cpp, line 759]
Event: 2.231 Thread 0x000000013f0b5c00 Exception <a 'java/lang/NoSuchMethodError'{0x00000007820b6190}: 'long java.lang.invoke.DirectMethodHandle$Holder.invokeStatic(java.lang.Object, java.lang.Object, java.lang.Object)'> (0x00000007820b6190) 
thrown [src/hotspot/share/interpreter/linkResolver.cpp, line 759]
Event: 2.231 Thread 0x000000013f0b5c00 Exception <a 'java/lang/NoSuchMethodError'{0x00000007820b9938}: 'long java.lang.invoke.DirectMethodHandle$Holder.invokeStaticInit(java.lang.Object, java.lang.Object, java.lang.Object)'> (0x00000007820b9938) 
thrown [src/hotspot/share/interpreter/linkResolver.cpp, line 759]
Event: 2.232 Thread 0x000000013f0b5c00 Exception <a 'java/lang/NoSuchMethodError'{0x00000007820d1540}: 'java.lang.Object java.lang.invoke.DirectMethodHandle$Holder.newInvokeSpecial(java.lang.Object, java.lang.Object, long)'> (0x00000007820d1540) 
thrown [src/hotspot/share/interpreter/linkResolver.cpp, line 759]
Event: 2.232 Thread 0x000000013f0b5c00 Exception <a 'java/lang/NoSuchMethodError'{0x00000007820d4e08}: 'java.lang.Object java.lang.invoke.Invokers$Holder.linkToTargetMethod(java.lang.Object, long, java.lang.Object)'> (0x00000007820d4e08) 
thrown [src/hotspot/share/interpreter/linkResolver.cpp, line 759]
Event: 2.241 Thread 0x000000013f0b5c00 Exception <a 'java/lang/NoSuchMethodError'{0x0000000781f05950}: 'java.lang.Object java.lang.invoke.DirectMethodHandle$Holder.newInvokeSpecial(java.lang.Object, java.lang.Object, int, int, int, int, int, java.lang.Object)'> (0x0000000781f05950) 
thrown [src/hotspot/share/interpreter/linkResolver.cpp, line 759]
Event: 2.241 Thread 0x000000013f0b5c00 Exception <a 'java/lang/NoSuchMethodError'{0x0000000781f18930}: 'java.lang.Object java.lang.invoke.DirectMethodHandle$Holder.newInvokeSpecial(java.lang.Object, java.lang.Object, java.lang.Object, int, int, int, int, int)'> (0x0000000781f18930) 
thrown [src/hotspot/share/interpreter/linkResolver.cpp, line 759]
Event: 2.242 Thread 0x000000013f0b5c00 Exception <a 'java/lang/NoSuchMethodError'{0x0000000781f20190}: 'java.lang.Object java.lang.invoke.Invokers$Holder.linkToTargetMethod(java.lang.Object, java.lang.Object, int, int, int, int, int, java.lang.Object)'> (0x0000000781f20190) 
thrown [src/hotspot/share/interpreter/linkResolver.cpp, line 759]

VM Operations (20 events):
Event: 0.546 Executing VM operation: HandshakeAllThreads
Event: 0.546 Executing VM operation: HandshakeAllThreads done
Event: 0.559 Executing VM operation: ICBufferFull
Event: 0.559 Executing VM operation: ICBufferFull done
Event: 0.559 Executing VM operation: G1CollectForAllocation
Event: 0.561 Executing VM operation: G1CollectForAllocation done
Event: 0.665 Executing VM operation: ICBufferFull
Event: 0.665 Executing VM operation: ICBufferFull done
Event: 1.065 Executing VM operation: HandshakeAllThreads
Event: 1.065 Executing VM operation: HandshakeAllThreads done
Event: 1.115 Executing VM operation: ICBufferFull
Event: 1.115 Executing VM operation: ICBufferFull done
Event: 1.217 Executing VM operation: CollectForMetadataAllocation
Event: 1.222 Executing VM operation: CollectForMetadataAllocation done
Event: 1.224 Executing VM operation: G1Concurrent
Event: 1.225 Executing VM operation: G1Concurrent done
Event: 1.226 Executing VM operation: G1Concurrent
Event: 1.226 Executing VM operation: G1Concurrent done
Event: 2.230 Executing VM operation: Cleanup
Event: 2.230 Executing VM operation: Cleanup done

Events (20 events):
Event: 1.207 loading class sun/misc/Unsafe
Event: 1.207 loading class sun/misc/Unsafe done
Event: 1.207 loading class jdk/internal/reflect/UnsafeQualifiedStaticObjectFieldAccessorImpl
Event: 1.207 loading class jdk/internal/reflect/UnsafeQualifiedStaticFieldAccessorImpl
Event: 1.208 loading class jdk/internal/reflect/UnsafeQualifiedStaticFieldAccessorImpl done
Event: 1.208 loading class jdk/internal/reflect/UnsafeQualifiedStaticObjectFieldAccessorImpl done
Event: 1.222 loading class java/nio/DirectFloatBufferU
Event: 1.222 loading class java/nio/DirectFloatBufferU done
Event: 1.227 loading class jdk/internal/misc/ScopedMemoryAccess$Scope
Event: 1.227 loading class jdk/internal/misc/ScopedMemoryAccess$Scope done
Event: 1.448 Protecting memory [0x0000000171ea0000,0x0000000171eac000] with protection modes 3
Event: 1.448 Thread 0x000000013fa6f800 Thread exited: 0x000000013fa6f800
Event: 1.648 loading class java/util/EnumMap$Values
Event: 1.648 loading class java/util/EnumMap$Values done
Event: 1.648 loading class java/util/EnumMap$ValueIterator
Event: 1.648 loading class java/util/EnumMap$EnumMapIterator
Event: 1.648 loading class java/util/EnumMap$EnumMapIterator done
Event: 1.648 loading class java/util/EnumMap$ValueIterator done
Event: 1.980 Protecting memory [0x0000000171ea0000,0x0000000171eac000] with protection modes 0
Event: 1.980 Thread 0x000000013da5d200 Thread added: 0x000000013da5d200


Dynamic libraries:
0x0000000100b28000 	/Library/Java/JavaVirtualMachines/temurin-17.jdk/Contents/Home/lib/libjli.dylib
0x000000018b84d000 	/usr/lib/libz.1.dylib
0x000000018b904000 	/usr/lib/libSystem.B.dylib
0x000000018b8fe000 	/usr/lib/system/libcache.dylib
0x000000018b8bc000 	/usr/lib/system/libcommonCrypto.dylib
0x000000018b8e5000 	/usr/lib/system/libcompiler_rt.dylib
0x000000018b8dc000 	/usr/lib/system/libcopyfile.dylib
0x0000000180b23000 	/usr/lib/system/libcorecrypto.dylib
0x0000000180bd8000 	/usr/lib/system/libdispatch.dylib
0x0000000180da6000 	/usr/lib/system/libdyld.dylib
0x000000018b8f4000 	/usr/lib/system/libkeymgr.dylib
0x000000018b897000 	/usr/lib/system/libmacho.dylib
0x000000018af87000 	/usr/lib/system/libquarantine.dylib
0x000000018b8f1000 	/usr/lib/system/libremovefile.dylib
0x0000000185f1e000 	/usr/lib/system/libsystem_asl.dylib
0x0000000180ac5000 	/usr/lib/system/libsystem_blocks.dylib
0x0000000180c60000 	/usr/lib/system/libsystem_c.dylib
0x000000018b8e9000 	/usr/lib/system/libsystem_collections.dylib
0x000000018a41c000 	/usr/lib/system/libsystem_configuration.dylib
0x0000000189676000 	/usr/lib/system/libsystem_containermanager.dylib
0x000000018b5f4000 	/usr/lib/system/libsystem_coreservices.dylib
0x00000001834d7000 	/usr/lib/system/libsystem_darwin.dylib
0x000000018b8f5000 	/usr/lib/system/libsystem_dnssd.dylib
0x0000000180c5d000 	/usr/lib/system/libsystem_featureflags.dylib
0x0000000180dbb000 	/usr/lib/system/libsystem_info.dylib
0x000000018b85f000 	/usr/lib/system/libsystem_m.dylib
0x0000000180bad000 	/usr/lib/system/libsystem_malloc.dylib
0x0000000185eac000 	/usr/lib/system/libsystem_networkextension.dylib
0x0000000183930000 	/usr/lib/system/libsystem_notify.dylib
0x0000000191c59000 	/usr/lib/system/libsystem_product_info_filter.dylib
0x000000018a421000 	/usr/lib/system/libsystem_sandbox.dylib
0x000000018b8ee000 	/usr/lib/system/libsystem_secinit.dylib
0x0000000180d61000 	/usr/lib/system/libsystem_kernel.dylib
0x0000000180db3000 	/usr/lib/system/libsystem_platform.dylib
0x0000000180d99000 	/usr/lib/system/libsystem_pthread.dylib
0x0000000187682000 	/usr/lib/system/libsystem_symptoms.dylib
0x0000000180b09000 	/usr/lib/system/libsystem_trace.dylib
0x000000018b8c9000 	/usr/lib/system/libunwind.dylib
0x0000000180ac7000 	/usr/lib/system/libxpc.dylib
0x0000000180d49000 	/usr/lib/libc++abi.dylib
0x0000000180c1f000 	/usr/lib/libobjc.A.dylib
0x000000018b8d4000 	/usr/lib/liboah.dylib
0x0000000180ce2000 	/usr/lib/libc++.1.dylib
0x0000000197787000 	/System/Library/Frameworks/Cocoa.framework/Versions/A/Cocoa
0x0000000183991000 	/System/Library/Frameworks/AppKit.framework/Versions/C/AppKit
0x0000000186ea8000 	/System/Library/Frameworks/CoreData.framework/Versions/A/CoreData
0x0000000181cec000 	/System/Library/Frameworks/Foundation.framework/Versions/C/Foundation
0x000000018484a000 	/System/Library/PrivateFrameworks/UIFoundation.framework/Versions/A/UIFoundation
0x0000000191953000 	/System/Library/PrivateFrameworks/RemoteViewServices.framework/Versions/A/RemoteViewServices
0x0000000189dc4000 	/System/Library/PrivateFrameworks/XCTTargetBootstrap.framework/Versions/A/XCTTargetBootstrap
0x000000018d644000 	/System/Library/PrivateFrameworks/InternationalSupport.framework/Versions/A/InternationalSupport
0x000000018d6cd000 	/System/Library/PrivateFrameworks/UserActivity.framework/Versions/A/UserActivity
0x000000018cb3b000 	/usr/lib/libspindump.dylib
0x0000000184abb000 	/System/Library/Frameworks/UniformTypeIdentifiers.framework/Versions/A/UniformTypeIdentifiers
0x000000018830c000 	/usr/lib/libapp_launch_measurement.dylib
0x0000000187834000 	/System/Library/PrivateFrameworks/CoreAnalytics.framework/Versions/A/CoreAnalytics
0x000000018830f000 	/System/Library/PrivateFrameworks/CoreAutoLayout.framework/Versions/A/CoreAutoLayout
0x00000001896b3000 	/System/Library/Frameworks/Metal.framework/Versions/A/Metal
0x000000018a42c000 	/usr/lib/liblangid.dylib
0x0000000189dc9000 	/System/Library/PrivateFrameworks/CoreSVG.framework/Versions/A/CoreSVG
0x0000000185f52000 	/System/Library/PrivateFrameworks/SkyLight.framework/Versions/A/SkyLight
0x000000018632e000 	/System/Library/Frameworks/CoreGraphics.framework/Versions/A/CoreGraphics
0x000000019201f000 	/System/Library/Frameworks/Accelerate.framework/Versions/A/Accelerate
0x000000018c5b2000 	/System/Library/PrivateFrameworks/IconServices.framework/Versions/A/IconServices
0x0000000189695000 	/System/Library/Frameworks/IOSurface.framework/Versions/A/IOSurface
0x0000000187865000 	/usr/lib/libDiagnosticMessagesClient.dylib
0x0000000195524000 	/System/Library/Frameworks/ApplicationServices.framework/Versions/A/ApplicationServices
0x0000000189dac000 	/System/Library/PrivateFrameworks/DFRFoundation.framework/Versions/A/DFRFoundation
0x0000000183221000 	/usr/lib/libicucore.A.dylib
0x000000018e4f2000 	/System/Library/Frameworks/AudioToolbox.framework/Versions/A/AudioToolbox
0x000000018d650000 	/System/Library/PrivateFrameworks/DataDetectorsCore.framework/Versions/A/DataDetectorsCore
0x00000001a4070000 	/System/Library/PrivateFrameworks/TextInput.framework/Versions/A/TextInput
0x0000000185ec7000 	/usr/lib/libMobileGestalt.dylib
0x0000000189a78000 	/System/Library/Frameworks/Carbon.framework/Versions/A/Frameworks/HIToolbox.framework/Versions/A/HIToolbox
0x0000000187ce5000 	/System/Library/Frameworks/QuartzCore.framework/Versions/A/QuartzCore
0x0000000182ea2000 	/System/Library/Frameworks/Security.framework/Versions/A/Security
0x0000000191993000 	/System/Library/Frameworks/Carbon.framework/Versions/A/Frameworks/SpeechRecognition.framework/Versions/A/SpeechRecognition
0x0000000188061000 	/System/Library/PrivateFrameworks/CoreUI.framework/Versions/A/CoreUI
0x000000018277e000 	/System/Library/Frameworks/CoreAudio.framework/Versions/A/CoreAudio
0x0000000187959000 	/System/Library/Frameworks/DiskArbitration.framework/Versions/A/DiskArbitration
0x000000018cf45000 	/System/Library/PrivateFrameworks/MultitouchSupport.framework/Versions/A/MultitouchSupport
0x0000000185ec5000 	/usr/lib/libenergytrace.dylib
0x0000000183859000 	/System/Library/Frameworks/IOKit.framework/Versions/A/IOKit
0x0000000191d82000 	/System/Library/Frameworks/CoreServices.framework/Versions/A/CoreServices
0x000000018829c000 	/System/Library/PrivateFrameworks/PerformanceAnalysis.framework/Versions/A/PerformanceAnalysis
0x00000001e2517000 	/System/Library/Frameworks/OpenGL.framework/Versions/A/OpenGL
0x000000018ae9f000 	/System/Library/PrivateFrameworks/MobileKeyBag.framework/Versions/A/MobileKeyBag
0x000000018693c000 	/System/Library/Frameworks/ColorSync.framework/Versions/A/ColorSync
0x0000000180de8000 	/System/Library/Frameworks/CoreFoundation.framework/Versions/A/CoreFoundation
0x000000018a048000 	/System/Library/Frameworks/CoreImage.framework/Versions/A/CoreImage
0x00000001825a2000 	/System/Library/Frameworks/CoreText.framework/Versions/A/CoreText
0x0000000189df9000 	/System/Library/Frameworks/ImageIO.framework/Versions/A/ImageIO
0x000000018b90a000 	/System/Library/PrivateFrameworks/SoftLinking.framework/Versions/A/SoftLinking
0x000000018835a000 	/usr/lib/libxml2.2.dylib
0x000000018bba3000 	/usr/lib/libcompression.dylib
0x000000018d5a0000 	/System/Library/PrivateFrameworks/TextureIO.framework/Versions/A/TextureIO
0x000000018c2cb000 	/usr/lib/libate.dylib
0x000000018c190000 	/usr/lib/liblzma.5.dylib
0x00000001819df000 	/System/Library/Frameworks/SystemConfiguration.framework/Versions/A/SystemConfiguration
0x000000018b906000 	/usr/lib/libfakelink.dylib
0x00000001859f7000 	/System/Library/Frameworks/CFNetwork.framework/Versions/A/CFNetwork
0x000000018ba4c000 	/usr/lib/libarchive.2.dylib
0x000000018a428000 	/System/Library/PrivateFrameworks/AppleSystemInfo.framework/Versions/A/AppleSystemInfo
0x000000018afb2000 	/usr/lib/libbsm.0.dylib
0x0000000184f64000 	/usr/lib/libnetwork.dylib
0x000000018b8a0000 	/usr/lib/system/libkxld.dylib
0x000000018abcc000 	/System/Library/PrivateFrameworks/IOMobileFramebuffer.framework/Versions/A/IOMobileFramebuffer
0x0000000200901000 	/usr/lib/libCoreEntitlements.dylib
0x000000018b5d6000 	/System/Library/PrivateFrameworks/AppleFSCompression.framework/Versions/A/AppleFSCompression
0x000000018af9a000 	/usr/lib/libcoretls.dylib
0x000000018c1a9000 	/usr/lib/libcoretls_cfhelpers.dylib
0x000000018bb9e000 	/usr/lib/libpam.2.dylib
0x0000000187298000 	/usr/lib/libsqlite3.dylib
0x000000018c212000 	/usr/lib/libxar.1.dylib
0x000000018b5e7000 	/usr/lib/libbz2.1.0.dylib
0x000000018b90b000 	/usr/lib/libpcap.A.dylib
0x0000000187679000 	/usr/lib/libdns_services.dylib
0x000000018bb71000 	/usr/lib/libapple_nghttp2.dylib
0x000000018b948000 	/usr/lib/libiconv.2.dylib
0x000000018b896000 	/usr/lib/libcharset.1.dylib
0x00000001882d8000 	/System/Library/Frameworks/CoreServices.framework/Versions/A/Frameworks/FSEvents.framework/Versions/A/FSEvents
0x00000001834e2000 	/System/Library/Frameworks/CoreServices.framework/Versions/A/Frameworks/CarbonCore.framework/Versions/A/CarbonCore
0x00000001878b9000 	/System/Library/Frameworks/CoreServices.framework/Versions/A/Frameworks/Metadata.framework/Versions/A/Metadata
0x000000018b5fa000 	/System/Library/Frameworks/CoreServices.framework/Versions/A/Frameworks/OSServices.framework/Versions/A/OSServices
0x000000018bad2000 	/System/Library/Frameworks/CoreServices.framework/Versions/A/Frameworks/SearchKit.framework/Versions/A/SearchKit
0x0000000187607000 	/System/Library/Frameworks/CoreServices.framework/Versions/A/Frameworks/AE.framework/Versions/A/AE
0x000000018132f000 	/System/Library/Frameworks/CoreServices.framework/Versions/A/Frameworks/LaunchServices.framework/Versions/A/LaunchServices
0x000000018c139000 	/System/Library/Frameworks/CoreServices.framework/Versions/A/Frameworks/DictionaryServices.framework/Versions/A/DictionaryServices
0x00000001882e5000 	/System/Library/Frameworks/CoreServices.framework/Versions/A/Frameworks/SharedFileList.framework/Versions/A/SharedFileList
0x000000018af8a000 	/usr/lib/libCheckFix.dylib
0x0000000185f36000 	/System/Library/PrivateFrameworks/TCC.framework/Versions/A/TCC
0x000000018a42e000 	/System/Library/PrivateFrameworks/CoreNLP.framework/Versions/A/CoreNLP
0x0000000187868000 	/System/Library/PrivateFrameworks/MetadataUtilities.framework/Versions/A/MetadataUtilities
0x0000000181a99000 	/usr/lib/libmecabra.dylib
0x000000018afc3000 	/usr/lib/libmecab.dylib
0x0000000181a65000 	/usr/lib/libCRFSuite.dylib
0x000000018b020000 	/usr/lib/libgermantok.dylib
0x000000018bb4a000 	/usr/lib/libThaiTokenizer.dylib
0x0000000187961000 	/System/Library/Frameworks/Accelerate.framework/Versions/A/Frameworks/vImage.framework/Versions/A/vImage
0x0000000191d59000 	/System/Library/Frameworks/Accelerate.framework/Versions/A/Frameworks/vecLib.framework/Versions/A/vecLib
0x000000018c257000 	/System/Library/Frameworks/Accelerate.framework/Versions/A/Frameworks/vecLib.framework/Versions/A/libvMisc.dylib
0x000000018aad3000 	/System/Library/Frameworks/Accelerate.framework/Versions/A/Frameworks/vecLib.framework/Versions/A/libvDSP.dylib
0x00000001816ba000 	/System/Library/Frameworks/Accelerate.framework/Versions/A/Frameworks/vecLib.framework/Versions/A/libBLAS.dylib
0x000000018bc74000 	/System/Library/Frameworks/Accelerate.framework/Versions/A/Frameworks/vecLib.framework/Versions/A/libLAPACK.dylib
0x000000018b023000 	/System/Library/Frameworks/Accelerate.framework/Versions/A/Frameworks/vecLib.framework/Versions/A/libLinearAlgebra.dylib
0x000000018bb89000 	/System/Library/Frameworks/Accelerate.framework/Versions/A/Frameworks/vecLib.framework/Versions/A/libSparseBLAS.dylib
0x000000018bc6f000 	/System/Library/Frameworks/Accelerate.framework/Versions/A/Frameworks/vecLib.framework/Versions/A/libQuadrature.dylib
0x000000018a527000 	/System/Library/Frameworks/Accelerate.framework/Versions/A/Frameworks/vecLib.framework/Versions/A/libBNNS.dylib
0x0000000181978000 	/System/Library/Frameworks/Accelerate.framework/Versions/A/Frameworks/vecLib.framework/Versions/A/libSparse.dylib
0x000000018a51f000 	/System/Library/PrivateFrameworks/LinguisticData.framework/Versions/A/LinguisticData
0x0000000181930000 	/System/Library/PrivateFrameworks/Lexicon.framework/Versions/A/Lexicon
0x000000018c24f000 	/usr/lib/libChineseTokenizer.dylib
0x00000001820de000 	/System/Library/PrivateFrameworks/LanguageModeling.framework/Versions/A/LanguageModeling
0x000000018bb4c000 	/System/Library/PrivateFrameworks/AppleSauce.framework/Versions/A/AppleSauce
0x000000018abb9000 	/System/Library/PrivateFrameworks/CoreEmoji.framework/Versions/A/CoreEmoji
0x000000018ba3a000 	/usr/lib/libcmph.dylib
0x00000001882b8000 	/System/Library/Frameworks/OpenDirectory.framework/Versions/A/Frameworks/CFOpenDirectory.framework/Versions/A/CFOpenDirectory
0x00000001882a8000 	/System/Library/Frameworks/OpenDirectory.framework/Versions/A/OpenDirectory
0x000000018c1ab000 	/System/Library/PrivateFrameworks/APFS.framework/Versions/A/APFS
0x000000018aeda000 	/System/Library/Frameworks/SecurityFoundation.framework/Versions/A/SecurityFoundation
0x000000018c221000 	/usr/lib/libutil.dylib
0x000000018381b000 	/System/Library/PrivateFrameworks/CoreServicesStore.framework/Versions/A/CoreServicesStore
0x000000018c225000 	/usr/lib/libxslt.1.dylib
0x000000018af6e000 	/System/Library/PrivateFrameworks/BackgroundTaskManagement.framework/Versions/A/BackgroundTaskManagement
0x000000018d4c1000 	/System/Library/Frameworks/ImageIO.framework/Versions/A/Resources/libRadiance.dylib
0x000000018d4ca000 	/System/Library/Frameworks/ImageIO.framework/Versions/A/Resources/libJPEG.dylib
0x000000018d41d000 	/System/Library/Frameworks/ImageIO.framework/Versions/A/Resources/libPng.dylib
0x000000018d43f000 	/System/Library/Frameworks/ImageIO.framework/Versions/A/Resources/libTIFF.dylib
0x000000018d525000 	/System/Library/Frameworks/ImageIO.framework/Versions/A/Resources/libGIF.dylib
0x000000018ce55000 	/System/Library/Frameworks/ImageIO.framework/Versions/A/Resources/libJP2.dylib
0x000000018c577000 	/usr/lib/libexpat.1.dylib
0x000000018ce10000 	/System/Library/PrivateFrameworks/AppleJPEG.framework/Versions/A/AppleJPEG
0x0000000189934000 	/System/Library/PrivateFrameworks/FontServices.framework/libFontParser.dylib
0x00000001875ac000 	/System/Library/PrivateFrameworks/RunningBoardServices.framework/Versions/A/RunningBoardServices
0x0000000197e5e000 	/System/Library/PrivateFrameworks/IOSurfaceAccelerator.framework/Versions/A/IOSurfaceAccelerator
0x000000018cf41000 	/System/Library/PrivateFrameworks/WatchdogClient.framework/Versions/A/WatchdogClient
0x00000001821de000 	/System/Library/Frameworks/CoreDisplay.framework/Versions/A/CoreDisplay
0x000000018981e000 	/System/Library/Frameworks/CoreMedia.framework/Versions/A/CoreMedia
0x00000001896a9000 	/System/Library/PrivateFrameworks/IOAccelerator.framework/Versions/A/IOAccelerator
0x0000000188448000 	/System/Library/Frameworks/CoreVideo.framework/Versions/A/CoreVideo
0x000000018bb9c000 	/System/Library/Frameworks/MetalPerformanceShaders.framework/Versions/A/MetalPerformanceShaders
0x000000018cf80000 	/System/Library/Frameworks/VideoToolbox.framework/Versions/A/VideoToolbox
0x00000001874f0000 	/System/Library/PrivateFrameworks/BaseBoard.framework/Versions/A/BaseBoard
0x000000018727e000 	/System/Library/PrivateFrameworks/ProtocolBuffer.framework/Versions/A/ProtocolBuffer
0x000000018d4bc000 	/System/Library/PrivateFrameworks/GPUWrangler.framework/Versions/A/GPUWrangler
0x000000018d49c000 	/System/Library/PrivateFrameworks/IOPresentment.framework/Versions/A/IOPresentment
0x000000018d4c4000 	/System/Library/PrivateFrameworks/DSExternalDisplay.framework/Versions/A/DSExternalDisplay
0x00000001e250a000 	/System/Library/Frameworks/OpenGL.framework/Versions/A/Libraries/libCoreFSCache.dylib
0x00000001ed3d4000 	/System/Library/PrivateFrameworks/GPUCompiler.framework/Versions/31001/Libraries/libGPUCompilerUtils.dylib
0x000000018d52a000 	/System/Library/PrivateFrameworks/CMCaptureCore.framework/Versions/A/CMCaptureCore
0x000000018cb28000 	/System/Library/PrivateFrameworks/AppServerSupport.framework/Versions/A/AppServerSupport
0x000000018edb0000 	/System/Library/PrivateFrameworks/perfdata.framework/Versions/A/perfdata
0x00000001822fe000 	/System/Library/PrivateFrameworks/AudioToolboxCore.framework/Versions/A/AudioToolboxCore
0x00000001897f7000 	/System/Library/PrivateFrameworks/caulk.framework/Versions/A/caulk
0x000000018e6a5000 	/usr/lib/libAudioStatistics.dylib
0x00000001a06c3000 	/System/Library/PrivateFrameworks/SystemPolicy.framework/Versions/A/SystemPolicy
0x000000018e911000 	/usr/lib/libSMC.dylib
0x0000000197665000 	/System/Library/Frameworks/CoreMIDI.framework/Versions/A/CoreMIDI
0x000000018d3eb000 	/usr/lib/libAudioToolboxUtility.dylib
0x000000019c826000 	/System/Library/PrivateFrameworks/OSAServicesClient.framework/Versions/A/OSAServicesClient
0x000000018edbd000 	/usr/lib/libperfcheck.dylib
0x00000001a11e2000 	/usr/lib/libmis.dylib
0x00000001e256c000 	/System/Library/Frameworks/OpenGL.framework/Versions/A/Libraries/libGLU.dylib
0x00000001e252b000 	/System/Library/Frameworks/OpenGL.framework/Versions/A/Libraries/libGFXShared.dylib
0x00000001e2718000 	/System/Library/Frameworks/OpenGL.framework/Versions/A/Libraries/libGL.dylib
0x00000001e2534000 	/System/Library/Frameworks/OpenGL.framework/Versions/A/Libraries/libGLImage.dylib
0x00000001e2528000 	/System/Library/Frameworks/OpenGL.framework/Versions/A/Libraries/libCVMSPluginSupport.dylib
0x00000001e2511000 	/System/Library/Frameworks/OpenGL.framework/Versions/A/Libraries/libCoreVMClient.dylib
0x000000018a3a8000 	/System/Library/Frameworks/MetalPerformanceShaders.framework/Versions/A/Frameworks/MPSCore.framework/Versions/A/MPSCore
0x000000018b549000 	/System/Library/Frameworks/MetalPerformanceShaders.framework/Versions/A/Frameworks/MPSImage.framework/Versions/A/MPSImage
0x000000018b038000 	/System/Library/Frameworks/MetalPerformanceShaders.framework/Versions/A/Frameworks/MPSNeuralNetwork.framework/Versions/A/MPSNeuralNetwork
0x000000018b471000 	/System/Library/Frameworks/MetalPerformanceShaders.framework/Versions/A/Frameworks/MPSMatrix.framework/Versions/A/MPSMatrix
0x000000018b24a000 	/System/Library/Frameworks/MetalPerformanceShaders.framework/Versions/A/Frameworks/MPSRayIntersector.framework/Versions/A/MPSRayIntersector
0x000000018b4a2000 	/System/Library/Frameworks/MetalPerformanceShaders.framework/Versions/A/Frameworks/MPSNDArray.framework/Versions/A/MPSNDArray
0x00000001e5013000 	/System/Library/Frameworks/MetalPerformanceShaders.framework/Versions/A/Frameworks/MPSFunctions.framework/Versions/A/MPSFunctions
0x0000000181590000 	/System/Library/PrivateFrameworks/MetalTools.framework/Versions/A/MetalTools
0x000000018a426000 	/System/Library/PrivateFrameworks/AggregateDictionary.framework/Versions/A/AggregateDictionary
0x000000018c35c000 	/usr/lib/libIOReport.dylib
0x000000019667e000 	/System/Library/PrivateFrameworks/ASEProcessing.framework/Versions/A/ASEProcessing
0x000000018c6d1000 	/System/Library/PrivateFrameworks/FaceCore.framework/Versions/A/FaceCore
0x000000018c6c3000 	/System/Library/PrivateFrameworks/GraphVisualizer.framework/Versions/A/GraphVisualizer
0x00000001ed2eb000 	/System/Library/PrivateFrameworks/FontServices.framework/Versions/A/FontServices
0x000000018cae4000 	/System/Library/PrivateFrameworks/OTSVG.framework/Versions/A/OTSVG
0x0000000188011000 	/System/Library/Frameworks/ApplicationServices.framework/Versions/A/Frameworks/ATS.framework/Versions/A/Resources/libFontRegistry.dylib
0x000000018cb31000 	/System/Library/PrivateFrameworks/FontServices.framework/libhvf.dylib
0x00000001ed2ec000 	/System/Library/PrivateFrameworks/FontServices.framework/libXTFontStaticRegistryData.dylib
0x00000001e28b9000 	/System/Library/Frameworks/OpenCL.framework/Versions/A/OpenCL
0x000000018c52b000 	/System/Library/PrivateFrameworks/AppleVA.framework/Versions/A/AppleVA
0x000000018e6cd000 	/System/Library/Frameworks/ApplicationServices.framework/Versions/A/Frameworks/ATS.framework/Versions/A/ATS
0x0000000186a3b000 	/System/Library/Frameworks/ApplicationServices.framework/Versions/A/Frameworks/HIServices.framework/Versions/A/HIServices
0x000000018d534000 	/System/Library/Frameworks/ApplicationServices.framework/Versions/A/Frameworks/PrintCore.framework/Versions/A/PrintCore
0x000000018ea64000 	/System/Library/Frameworks/ApplicationServices.framework/Versions/A/Frameworks/QD.framework/Versions/A/QD
0x000000018ea5c000 	/System/Library/Frameworks/ApplicationServices.framework/Versions/A/Frameworks/ColorSyncLegacy.framework/Versions/A/ColorSyncLegacy
0x000000018e6b9000 	/System/Library/Frameworks/ApplicationServices.framework/Versions/A/Frameworks/SpeechSynthesis.framework/Versions/A/SpeechSynthesis
0x000000018d4f5000 	/System/Library/Frameworks/ApplicationServices.framework/Versions/A/Frameworks/ATSUI.framework/Versions/A/ATSUI
0x000000018e9f1000 	/usr/lib/libcups.2.dylib
0x000000018edcb000 	/System/Library/Frameworks/Kerberos.framework/Versions/A/Kerberos
0x000000018eddc000 	/System/Library/Frameworks/GSS.framework/Versions/A/GSS
0x000000018e73d000 	/usr/lib/libresolv.9.dylib
0x000000018cb40000 	/System/Library/PrivateFrameworks/Heimdal.framework/Versions/A/Heimdal
0x00000001958b4000 	/System/Library/Frameworks/Kerberos.framework/Versions/A/Libraries/libHeimdalProxy.dylib
0x000000018768b000 	/System/Library/Frameworks/Network.framework/Versions/A/Network
0x000000018c592000 	/usr/lib/libheimdal-asn1.dylib
0x000000018ee2c000 	/System/Library/PrivateFrameworks/CommonAuth.framework/Versions/A/CommonAuth
0x000000018e633000 	/System/Library/PrivateFrameworks/AudioSession.framework/Versions/A/AudioSession
0x000000018c624000 	/System/Library/PrivateFrameworks/MediaExperience.framework/Versions/A/MediaExperience
0x000000018e4b8000 	/System/Library/PrivateFrameworks/AudioSession.framework/libSessionUtility.dylib
0x000000018ea70000 	/System/Library/PrivateFrameworks/AudioResourceArbitration.framework/Versions/A/AudioResourceArbitration
0x0000000192c36000 	/System/Library/PrivateFrameworks/PowerLog.framework/Versions/A/PowerLog
0x000000018c59c000 	/System/Library/PrivateFrameworks/IconFoundation.framework/Versions/A/IconFoundation
0x000000019197f000 	/System/Library/PrivateFrameworks/SpeechRecognitionCore.framework/Versions/A/SpeechRecognitionCore
0x000000010600c000 	/Library/Java/JavaVirtualMachines/temurin-17.jdk/Contents/Home/lib/server/libjvm.dylib
0x0000000100b88000 	/Library/Java/JavaVirtualMachines/temurin-17.jdk/Contents/Home/lib/libjimage.dylib
0x0000000100c10000 	/Library/Java/JavaVirtualMachines/temurin-17.jdk/Contents/Home/lib/libjava.dylib
0x0000000100ccc000 	/Library/Java/JavaVirtualMachines/temurin-17.jdk/Contents/Home/lib/libnio.dylib
0x0000000100fa4000 	/Library/Java/JavaVirtualMachines/temurin-17.jdk/Contents/Home/lib/libnet.dylib
0x0000000100cac000 	/Library/Java/JavaVirtualMachines/temurin-17.jdk/Contents/Home/lib/libzip.dylib
0x0000000100cec000 	/Users/pattingkasit/.openjfx/cache/17/libprism_es2.dylib
0x00000001837de000 	/System/Library/PrivateFrameworks/CoreServicesInternal.framework/Versions/A/CoreServicesInternal
0x00000001e2722000 	/System/Library/Frameworks/OpenGL.framework/Versions/A/Resources/GLEngine.bundle/GLEngine
0x00000001e25aa000 	/System/Library/Frameworks/OpenGL.framework/Versions/A/Libraries/libGLProgrammability.dylib
0x0000000126200000 	/System/Library/Extensions/AppleMetalOpenGLRenderer.bundle/Contents/MacOS/AppleMetalOpenGLRenderer
0x00000001e2891000 	/System/Library/Frameworks/OpenGL.framework/Versions/A/Resources/GLRendererFloat.bundle/GLRendererFloat
0x00000001e2991000 	/System/Library/Extensions/AGXMetal13_3.bundle/Contents/MacOS/AGXMetal13_3
0x00000001a11fe000 	/System/Library/PrivateFrameworks/GPURawCounter.framework/Versions/A/GPURawCounter
0x000000019b98f000 	/System/Library/PrivateFrameworks/IOGPU.framework/Versions/A/IOGPU
0x0000000126340000 	/Users/pattingkasit/.openjfx/cache/17/libglass.dylib
0x0000000192e8e000 	/System/Library/Frameworks/FileProvider.framework/Versions/A/FileProvider
0x0000000187458000 	/System/Library/Frameworks/Accounts.framework/Versions/A/Accounts
0x0000000193012000 	/System/Library/PrivateFrameworks/GenerationalStorage.framework/Versions/A/GenerationalStorage
0x0000000193bd5000 	/System/Library/PrivateFrameworks/CoreSymbolication.framework/Versions/A/CoreSymbolication
0x0000000192c2a000 	/System/Library/PrivateFrameworks/SymptomDiagnosticReporter.framework/Versions/A/SymptomDiagnosticReporter
0x0000000184acf000 	/System/Library/PrivateFrameworks/DesktopServicesPriv.framework/Versions/A/DesktopServicesPriv
0x0000000183940000 	/usr/lib/libsandbox.1.dylib
0x00000001884d6000 	/System/Library/PrivateFrameworks/UserManagement.framework/Versions/A/UserManagement
0x0000000193b92000 	/System/Library/PrivateFrameworks/DebugSymbols.framework/Versions/A/DebugSymbols
0x000000018ea4f000 	/System/Library/PrivateFrameworks/NetAuth.framework/Versions/A/NetAuth
0x000000018f970000 	/System/Library/PrivateFrameworks/Sharing.framework/Versions/A/Sharing
0x00000001884a6000 	/System/Library/PrivateFrameworks/login.framework/Versions/A/Frameworks/loginsupport.framework/Versions/A/loginsupport
0x0000000194dc9000 	/System/Library/PrivateFrameworks/Apple80211.framework/Versions/A/Apple80211
0x000000018b62d000 	/System/Library/PrivateFrameworks/AuthKit.framework/Versions/A/AuthKit
0x000000018acb5000 	/System/Library/PrivateFrameworks/CoreUtils.framework/Versions/A/CoreUtils
0x000000018abd8000 	/System/Library/Frameworks/CoreWLAN.framework/Versions/A/CoreWLAN
0x000000018fae0000 	/System/Library/Frameworks/IOBluetooth.framework/Versions/A/IOBluetooth
0x0000000194e29000 	/System/Library/PrivateFrameworks/CoreWiFi.framework/Versions/A/CoreWiFi
0x0000000193772000 	/System/Library/PrivateFrameworks/FrontBoardServices.framework/Versions/A/FrontBoardServices
0x000000019380a000 	/System/Library/PrivateFrameworks/BoardServices.framework/Versions/A/BoardServices
0x000000018aec8000 	/System/Library/PrivateFrameworks/AssertionServices.framework/Versions/A/AssertionServices
0x0000000194fa6000 	/System/Library/PrivateFrameworks/BackBoardServices.framework/Versions/A/BackBoardServices
0x000000018eec3000 	/System/Library/PrivateFrameworks/CorePhoneNumbers.framework/Versions/A/CorePhoneNumbers
0x000000018e76a000 	/System/Library/PrivateFrameworks/MultiverseSupport.framework/Versions/A/MultiverseSupport
0x0000000195227000 	/System/Library/PrivateFrameworks/RemoteServiceDiscovery.framework/Versions/A/RemoteServiceDiscovery
0x0000000192d5a000 	/System/Library/PrivateFrameworks/DiskManagement.framework/Versions/A/DiskManagement
0x0000000192c5d000 	/System/Library/PrivateFrameworks/AppleIDAuthSupport.framework/Versions/A/AppleIDAuthSupport
0x00000001e7850000 	/System/Library/PrivateFrameworks/AAAFoundation.framework/Versions/A/AAAFoundation
0x000000018eea2000 	/System/Library/PrivateFrameworks/KeychainCircle.framework/Versions/A/KeychainCircle
0x0000000195237000 	/System/Library/PrivateFrameworks/RemoteXPC.framework/Versions/A/RemoteXPC
0x0000000192d26000 	/System/Library/PrivateFrameworks/MediaKit.framework/Versions/A/MediaKit
0x0000000192c6a000 	/System/Library/Frameworks/DiscRecording.framework/Versions/A/DiscRecording
0x000000018c4a7000 	/usr/lib/libCoreStorage.dylib
0x00000001952a3000 	/usr/lib/libcsfde.dylib
0x000000018fbb5000 	/System/Library/PrivateFrameworks/ProtectedCloudStorage.framework/Versions/A/ProtectedCloudStorage
0x000000019529b000 	/System/Library/PrivateFrameworks/EFILogin.framework/Versions/A/EFILogin
0x0000000193039000 	/System/Library/PrivateFrameworks/OctagonTrust.framework/Versions/A/OctagonTrust
0x00000001ec472000 	/System/Library/PrivateFrameworks/CoreUtilsExtras.framework/Versions/A/CoreUtilsExtras
0x0000000192b8f000 	/System/Library/Frameworks/CoreBluetooth.framework/Versions/A/CoreBluetooth
0x0000000195939000 	/System/Library/Frameworks/AudioUnit.framework/Versions/A/AudioUnit
0x000000018c49f000 	/usr/lib/libMatch.1.dylib
0x00000001a56e6000 	/System/Library/Frameworks/Accelerate.framework/Versions/A/Frameworks/vImage.framework/Versions/A/Libraries/libCGInterfaces.dylib
0x000000012676c000 	/usr/lib/libobjc-trampolines.dylib
0x00000001881a0000 	/System/Library/PrivateFrameworks/ViewBridge.framework/Versions/A/ViewBridge
0x0000000200a5e000 	/usr/lib/libRosetta.dylib
0x000000018c365000 	/System/Library/PrivateFrameworks/CrashReporterSupport.framework/Versions/A/CrashReporterSupport
0x00000001ad19d000 	/System/Library/PrivateFrameworks/OSAnalytics.framework/Versions/A/OSAnalytics
0x00000001b850a000 	/System/Library/PrivateFrameworks/Symbolication.framework/Versions/A/Symbolication
0x00000001a11bf000 	/System/Library/PrivateFrameworks/MallocStackLogging.framework/Versions/A/MallocStackLogging
0x000000013ce00000 	/Users/pattingkasit/.openjfx/cache/17/libjavafx_font.dylib
0x000000013ce6c000 	/Users/pattingkasit/.openjfx/cache/17/libjavafx_iio.dylib
0x000000018cc03000 	/System/Library/PrivateFrameworks/login.framework/Versions/A/login


VM Arguments:
jvm_args: -XX:+ShowCodeDetailsInExceptionMessages --module-path=/Users/pattingkasit/Documents/Gitlab Directory/Edit 3/2059/GUI/target/classes:/Users/pattingkasit/.m2/repository/org/openjfx/javafx-controls/17/javafx-controls-17-mac-aarch64.jar:/Users/pattingkasit/.m2/repository/org/openjfx/javafx-graphics/17/javafx-graphics-17-mac-aarch64.jar:/Users/pattingkasit/.m2/repository/org/openjfx/javafx-base/17/javafx-base-17-mac-aarch64.jar:/Users/pattingkasit/.m2/repository/org/openjfx/javafx-fxml/17/javafx-fxml-17-mac-aarch64.jar -Djdk.module.main=com.example.demo6 
java_command: com.example.demo6/com.example.demo6.HelloApplication
java_class_path (initial): /Users/pattingkasit/.m2/repository/org/openjfx/javafx-controls/17/javafx-controls-17.jar:/Users/pattingkasit/.m2/repository/org/openjfx/javafx-graphics/17/javafx-graphics-17.jar:/Users/pattingkasit/.m2/repository/org/openjfx/javafx-base/17/javafx-base-17.jar:/Users/pattingkasit/.m2/repository/org/openjfx/javafx-fxml/17/javafx-fxml-17.jar
Launcher Type: SUN_STANDARD

[Global flags]
     intx CICompilerCount                          = 4                                         {product} {ergonomic}
     uint ConcGCThreads                            = 2                                         {product} {ergonomic}
     uint G1ConcRefinementThreads                  = 8                                         {product} {ergonomic}
   size_t G1HeapRegionSize                         = 1048576                                   {product} {ergonomic}
    uintx GCDrainStackTargetSize                   = 64                                        {product} {ergonomic}
   size_t InitialHeapSize                          = 134217728                                 {product} {ergonomic}
   size_t MarkStackSize                            = 4194304                                   {product} {ergonomic}
   size_t MaxHeapSize                              = 2147483648                                {product} {ergonomic}
   size_t MaxNewSize                               = 1287651328                                {product} {ergonomic}
   size_t MinHeapDeltaBytes                        = 1048576                                   {product} {ergonomic}
   size_t MinHeapSize                              = 8388608                                   {product} {ergonomic}
    uintx NonNMethodCodeHeapSize                   = 5839564                                {pd product} {ergonomic}
    uintx NonProfiledCodeHeapSize                  = 122909338                              {pd product} {ergonomic}
    uintx ProfiledCodeHeapSize                     = 122909338                              {pd product} {ergonomic}
    uintx ReservedCodeCacheSize                    = 251658240                              {pd product} {ergonomic}
     bool SegmentedCodeCache                       = true                                      {product} {ergonomic}
     bool ShowCodeDetailsInExceptionMessages       = true                                   {manageable} {command line}
   size_t SoftMaxHeapSize                          = 2147483648                             {manageable} {ergonomic}
     bool UseCompressedClassPointers               = true                           {product lp64_product} {ergonomic}
     bool UseCompressedOops                        = true                           {product lp64_product} {ergonomic}
     bool UseG1GC                                  = true                                      {product} {ergonomic}
     bool UseNUMA                                  = false                                     {product} {ergonomic}
     bool UseNUMAInterleaving                      = false                                     {product} {ergonomic}

Logging:
Log output configuration:
 #0: stdout all=warning uptime,level,tags
 #1: stderr all=off uptime,level,tags

Environment Variables:
PATH=/opt/local/bin:/opt/local/sbin:/opt/homebrew/bin:/opt/homebrew/sbin:/usr/local/bin:/usr/bin:/bin:/usr/sbin:/sbn:/opt/local/bin:/opt/local/sbin:/Library/Apple/usr/bin:/opt/homebrew/bin:/opt/homebrew/sbin:/sbin
SHELL=/bin/zsh
LANG=en_US.UTF-8
TERM=xterm-256color
TMPDIR=/var/folders/6v/j9wm255s79g__wxh1_zgjprh0000gn/T/

Signal Handlers:
   SIGSEGV: crash_handler in libjvm.dylib, mask=11100110000111110111111111111111, flags=SA_RESTART|SA_SIGINFO
    SIGBUS: crash_handler in libjvm.dylib, mask=11100110000111110111111111111111, flags=SA_RESTART|SA_SIGINFO
    SIGFPE: crash_handler in libjvm.dylib, mask=11100110000111110111111111111111, flags=SA_RESTART|SA_SIGINFO
   SIGPIPE: javaSignalHandler in libjvm.dylib, mask=11100110000111110111111111111111, flags=SA_RESTART|SA_SIGINFO
   SIGXFSZ: javaSignalHandler in libjvm.dylib, mask=11100110000111110111111111111111, flags=SA_RESTART|SA_SIGINFO
    SIGILL: crash_handler in libjvm.dylib, mask=11100110000111110111111111111111, flags=SA_RESTART|SA_SIGINFO
   SIGUSR2: SR_handler in libjvm.dylib, mask=00000000000000000000000000000000, flags=SA_RESTART|SA_SIGINFO
    SIGHUP: UserHandler in libjvm.dylib, mask=11100110000111110111111111111111, flags=SA_RESTART|SA_SIGINFO
    SIGINT: UserHandler in libjvm.dylib, mask=11100110000111110111111111111111, flags=SA_RESTART|SA_SIGINFO
   SIGTERM: UserHandler in libjvm.dylib, mask=11100110000111110111111111111111, flags=SA_RESTART|SA_SIGINFO
   SIGQUIT: UserHandler in libjvm.dylib, mask=11100110000111110111111111111111, flags=SA_RESTART|SA_SIGINFO
  *** Handler was modified!
  *** Expected: javaSignalHandler in libjvm.dylib, mask=11100110100111111111111111111111, flags=SA_RESTART|SA_SIGINFO
   SIGTRAP: crash_handler in libjvm.dylib, mask=11100110000111110111111111111111, flags=SA_RESTART|SA_SIGINFO


---------------  S Y S T E M  ---------------

OS:
uname: Darwin 21.6.0 Darwin Kernel Version 21.6.0: Sat Jun 18 17:05:47 PDT 2022; root:xnu-8020.140.41~1/RELEASE_ARM64_T8101 arm64
OS uptime: 0 days 5:11 hours
rlimit (soft/hard): STACK 8176k/65520k , CORE 0k/infinity , NPROC 1333/2000 , NOFILE 10240/infinity , AS infinity/infinity , CPU infinity/infinity , DATA infinity/infinity , FSIZE infinity/infinity , MEMLOCK infinity/infinity , RSS infinity/infinity
load average: 4.37 5.55 5.39

CPU: total 8 (initial active 8) 0x61:0x0:0x1b588bb3:0, fp, simd, crc, lse

Memory: 16k page, physical 8388608k(164560k free), swap 7340032k(880320k free)

vm_info: OpenJDK 64-Bit Server VM (17.0.5+8) for bsd-aarch64 JRE (17.0.5+8), built on Oct 19 2022 04:38:32 by "temurin" with clang Apple LLVM 12.0.0 (clang-1200.0.32.29)

END.
