#
# A fatal error has been detected by the Java Runtime Environment:
#
#  SIGBUS (0xa) at pc=0x00000001132a14f0, pid=5574, tid=29451
#
# JRE version: OpenJDK Runtime Environment Temurin-17.0.5+8 (17.0.5+8) (build 17.0.5+8)
# Java VM: OpenJDK 64-Bit Server VM Temurin-17.0.5+8 (17.0.5+8, mixed mode, tiered, compressed oops, compressed class ptrs, g1 gc, bsd-aarch64)
# Problematic frame:
# v  ~StubRoutines::SafeFetchN
#
# No core dump will be written. Core dumps have been disabled. To enable core dumping, try "ulimit -c unlimited" before starting Java again
#
# If you would like to submit a bug report, please visit:
#   https://github.com/adoptium/adoptium-support/issues
# The crash happened outside the Java Virtual Machine in native code.
# See problematic frame for where to report the bug.
#

---------------  S U M M A R Y ------------

Command Line: -XX:+ShowCodeDetailsInExceptionMessages --module-path=/Users/pattingkasit/Documents/Gitlab Directory/Edit 3/2059/GUI/target/classes:/Users/pattingkasit/.m2/repository/org/openjfx/javafx-controls/17/javafx-controls-17-mac-aarch64.jar:/Users/pattingkasit/.m2/repository/org/openjfx/javafx-graphics/17/javafx-graphics-17-mac-aarch64.jar:/Users/pattingkasit/.m2/repository/org/openjfx/javafx-base/17/javafx-base-17-mac-aarch64.jar:/Users/pattingkasit/.m2/repository/org/openjfx/javafx-fxml/17/javafx-fxml-17-mac-aarch64.jar -Djdk.module.main=com.example.demo6 com.example.demo6/com.example.demo6.HelloApplication

Host: "Macmini9,1" arm64, 8 cores, 8G, Darwin 21.6.0, macOS 12.5 (21G72)
Time: Wed Nov 30 19:49:05 2022 +07 elapsed time: 3.229747 seconds (0d 0h 0m 3s)

---------------  T H R E A D  ---------------

Current thread (0x000000014c80da00):  JavaThread "InvokeLaterDispatcher" daemon [_thread_in_native, id=29451, stack(0x000000016d6d0000,0x000000016d8d3000)]

Stack: [0x000000016d6d0000,0x000000016d8d3000],  sp=0x000000016d8d2780,  free space=2057k
Native frames: (J=compiled Java code, j=interpreted, Vv=VM code, C=native code)
v  ~StubRoutines::SafeFetchN
V  [libjvm.dylib+0x7bf10c]  OopStorage::release(oopDesc* const*)+0x20
V  [libjvm.dylib+0x4c8cf0]  jni_DeleteGlobalRef+0xd8
C  [libglass.dylib+0xab08]  -[GlassRunnable dealloc]+0x34
C  [Foundation+0x852e8]  -[_NSThreadPerformInfo dealloc]+0x30
C  [Foundation+0x5187c]  -[NSObject(NSThreadPerformAdditions) performSelectorOnMainThread:withObject:waitUntilDone:]+0x88
C  0x75088001132a98ac
j  com.sun.glass.ui.mac.MacApplication.submitForLaterInvocation(Ljava/lang/Runnable;)V+2 javafx.graphics
j  com.sun.glass.ui.InvokeLaterDispatcher.run()V+82 javafx.graphics
v  ~StubRoutines::call_stub
V  [libjvm.dylib+0x46d4f0]  JavaCalls::call_helper(JavaValue*, methodHandle const&, JavaCallArguments*, JavaThread*)+0x38c
V  [libjvm.dylib+0x46c50c]  JavaCalls::call_virtual(JavaValue*, Klass*, Symbol*, Symbol*, JavaCallArguments*, JavaThread*)+0x11c
V  [libjvm.dylib+0x46c5d8]  JavaCalls::call_virtual(JavaValue*, Handle, Klass*, Symbol*, Symbol*, JavaThread*)+0x64
V  [libjvm.dylib+0x524abc]  thread_entry(JavaThread*, JavaThread*)+0xc4
V  [libjvm.dylib+0x9a7184]  JavaThread::thread_main_inner()+0x150
V  [libjvm.dylib+0x9a580c]  Thread::call_run()+0xe0
V  [libjvm.dylib+0x7c5e4c]  thread_native_entry(Thread*)+0x158
C  [libsystem_pthread.dylib+0x726c]  _pthread_start+0x94

Java frames: (J=compiled Java code, j=interpreted, Vv=VM code)
j  com.sun.glass.ui.mac.MacApplication._submitForLaterInvocation(Ljava/lang/Runnable;)V+0 javafx.graphics
j  com.sun.glass.ui.mac.MacApplication.submitForLaterInvocation(Ljava/lang/Runnable;)V+2 javafx.graphics
j  com.sun.glass.ui.InvokeLaterDispatcher.run()V+82 javafx.graphics
v  ~StubRoutines::call_stub

siginfo: si_signo: 10 (SIGBUS), si_code: 1 (BUS_ADRALN), si_addr: 0x00000001132a14f0

Register to memory mapping:

 x0=0x000000014c013588 is a global jni handle
 x1=0x0 is NULL
 x2=0x0000000782102178 is an oop: com.sun.glass.ui.InvokeLaterDispatcher$Future 
{0x0000000782102178} - klass: 'com/sun/glass/ui/InvokeLaterDispatcher$Future'
 - ---- fields (total size 3 words):
 - private 'done' 'Z' @12  true
 - private final 'runnable' 'Ljava/lang/Runnable;' @16  a 'com/sun/javafx/application/PlatformImpl$$Lambda$90+0x00000008001041f8'{0x0000000781f36938} (f03e6d27)
 - final synthetic 'this$0' 'Lcom/sun/glass/ui/InvokeLaterDispatcher;' @20  a 'com/sun/glass/ui/InvokeLaterDispatcher'{0x0000000780009c08} (f0001381)
 x3=0x0 is NULL
 x4=0x00000000000130a8 is an unknown value
 x5=0x0 is NULL
 x6=0x0 is NULL
 x7=0x0 is NULL
 x8=0x00000001132a14ec is at begin+0 in a stub
StubRoutines::SafeFetchN [0x00000001132a14ec, 0x00000001132a14f8] (12 bytes)
 x9=0x0 is NULL
x10=0x2010000030300000 is an unknown value
x11=0x0000000000000007 is an unknown value
x12=0x0000000000000003 is an unknown value
x13=0x000000014c0cf020 points into unknown readable memory: 0xd92f80018cb2d7f4 | f4 d7 b2 8c 01 80 2f d9
x14=0x00000f0000000000 is an unknown value
x15=0x000000012a945f98: OBJC_CLASS_$_GlassRunnable+0 in /Users/pattingkasit/.openjfx/cache/17/libglass.dylib at 0x000000012a900000
x16=0x000000018bb8b0fc: pthread_getspecific+0 in /usr/lib/system/libsystem_pthread.dylib at 0x000000018bb89000
x17=0x000000014b7fbdc0 points into unknown readable memory: 0xfffffffffffffffe | fe ff ff ff ff ff ff ff
x18=0x0 is NULL
x19=0x000000014b757260 points into unknown readable memory: 0x000000014b738ed0 | d0 8e 73 4b 01 00 00 00
x20=0x000000014c013380 points into unknown readable memory: 0x0000000000000000 | 00 00 00 00 00 00 00 00
x21=0x000000014c013588 is a global jni handle
x22=0x000000014c80da00 is a thread
x23=0x0000000000000001 is an unknown value
x24=0x000000014c013540 is a global jni handle
x25=0x000000010b474a98: _ZN12StubRoutines17_safefetchN_entryE+0 in /Library/Java/JavaVirtualMachines/temurin-17.jdk/Contents/Home/lib/server/libjvm.dylib at 0x000000010a80c000
x26=0x000000012c43dbe8 is pointing into metadata
x27=0x0 is NULL
x28=0x000000014c80da00 is a thread


Registers:
 x0=0x000000014c013588  x1=0x0000000000000000  x2=0x0000000782102178  x3=0x0000000000000000
 x4=0x00000000000130a8  x5=0x0000000000000000  x6=0x0000000000000000  x7=0x0000000000000000
 x8=0x00000001132a14ec  x9=0x0000000000000000 x10=0x2010000030300000 x11=0x0000000000000007
x12=0x0000000000000003 x13=0x000000014c0cf020 x14=0x00000f0000000000 x15=0x000000012a945f98
x16=0x000000018bb8b0fc x17=0x000000014b7fbdc0 x18=0x0000000000000000 x19=0x000000014b757260
x20=0x000000014c013380 x21=0x000000014c013588 x22=0x000000014c80da00 x23=0x0000000000000001
x24=0x000000014c013540 x25=0x000000010b474a98 x26=0x000000012c43dbe8 x27=0x0000000000000000
x28=0x000000014c80da00  fp=0x000000016d8d27c0  lr=0x000000010afc9f00  sp=0x000000016d8d2780
pc=0x00000001132a14f0 cpsr=0x0000000060001000
Top of Stack: (sp=0x000000016d8d2780)
0x000000016d8d2780:   000000012c43dbe8 0000000000000001
0x000000016d8d2790:   000000016d8d2988 0000000000000000
0x000000016d8d27a0:   000000014c8106a8 000000014c013540
0x000000016d8d27b0:   000000014c013540 000000014b757260
0x000000016d8d27c0:   000000016d8d2800 000000010afcb10c
0x000000016d8d27d0:   0000000000000001 000000014c013540
0x000000016d8d27e0:   000000014c8106a8 000000014c013540
0x000000016d8d27f0:   0000000000000001 000000014c810400
0x000000016d8d2800:   000000016d8d2840 000000010acd4cf0
0x000000016d8d2810:   000000016d8d2988 0000000105607ca0
0x000000016d8d2820:   0000000105607a30 00000001d5ecb8f7
0x000000016d8d2830:   0000000000000000 0000000105607a30
0x000000016d8d2840:   000000016d8d2870 000000012a90ab08
0x000000016d8d2850:   704b8c4e9a8c0073 0000000000000000
0x000000016d8d2860:   0000000000000000 00000001056077f0
0x000000016d8d2870:   000000016d8d28b0 000000018cb612e8
0x000000016d8d2880:   000000016d8d2988 0000000105607ca0
0x000000016d8d2890:   0000000105607a30 704b8c4e9a8c0073
0x000000016d8d28a0:   0000000000000000 0000000000000000
0x000000016d8d28b0:   000000016d8d28f0 132880018cb2d87c
0x000000016d8d28c0:   000000016d8d2988 00000001132a87c0
0x000000016d8d28d0:   0000000000000000 000000010b47c458
0x000000016d8d28e0:   000000016d8d2900 00000001132a7730
0x000000016d8d28f0:   000000016d8d2960 75088001132a98ac
0x000000016d8d2900:   000000016d8d2968 0000000128af4500
0x000000016d8d2910:   000000016d8d2910 0000000000000000
0x000000016d8d2920:   000000016d8d2988 000000012c43dbe8
0x000000016d8d2930:   0000000780008f58 0000000000000000
0x000000016d8d2940:   0000000000000000 000000012c418928
0x000000016d8d2950:   0000000000000000 000000016d8d2960
0x000000016d8d2960:   000000016d8d29e0 00000001132a5fc8
0x000000016d8d2970:   0000000000000000 0000000000000000 

Instructions: (pc=0x00000001132a14f0)
0x00000001132a13f0:   f2a16889 f2c00029 6d425935 1e640886
0x00000001132a1400:   0c402d31 1e6408c7 1f5654d0 1e6c1017
0x00000001132a1410:   1f5050d0 1f504cd0 1f5048d0 1e650af6
0x00000001132a1420:   1f50d8f6 1f5694d6 1f5158f6 1e762880
0x00000001132a1430:   36000501 1e614000 14000026 2e251ca5
0x00000001132a1440:   d2823009 f2a16889 f2c00029 6d425d36
0x00000001132a1450:   1e600806 0c402d32 1f5758c7 1e6c101a
0x00000001132a1460:   1f4754c7 1e650805 1f4750c7 d2866668
0x00000001132a1470:   f2a7fa68 1f474cc7 1e6608c0 1f4748c7
0x00000001132a1480:   1e6e1019 eb08007f 540000ac 1f479400
0x00000001132a1490:   1f460340 1e603b20 1400000e d2a7fd29
0x00000001132a14a0:   eb09007f 540000ac 51480069 d3607d29
0x00000001132a14b0:   9e670121 14000002 1e6a5001 1f679417
0x00000001132a14c0:   1f668742 1e613b23 1e773857 1e773860
0x00000001132a14d0:   a8c17ff3 910003bf a8c17bfd d65f03c0
0x00000001132a14e0:   b9400001 aa0103e0 d65f03c0 f9400001
0x00000001132a14f0:   aa0103e0 d65f03c0 00000000 00000000
0x00000001132a1500:   00000000 00000000 00000000 00000000
0x00000001132a1510:   00000000 00000000 00000000 00000000
0x00000001132a1520:   00000000 00000000 00000000 00000000
0x00000001132a1530:   00000000 00000000 00000000 00000000
0x00000001132a1540:   00000000 00000000 00000000 00000000
0x00000001132a1550:   00000000 00000000 00000000 00000000
0x00000001132a1560:   00000000 00000000 00000000 00000000
0x00000001132a1570:   00000000 00000000 00000000 00000000
0x00000001132a1580:   00000000 00000000 00000000 00000000
0x00000001132a1590:   00000000 00000000 00000000 00000000
0x00000001132a15a0:   00000000 00000000 00000000 00000000
0x00000001132a15b0:   00000000 00000000 00000000 00000000
0x00000001132a15c0:   00000000 00000000 00000000 00000000
0x00000001132a15d0:   00000000 00000000 00000000 00000000
0x00000001132a15e0:   00000000 00000000 00000000 00000000 


Stack slot to memory mapping:
stack at sp + 0 slots: 0x000000012c43dbe8 is pointing into metadata
stack at sp + 1 slots: 0x0000000000000001 is an unknown value
stack at sp + 2 slots: 0x000000016d8d2988 is pointing into the stack for thread: 0x000000014c80da00
stack at sp + 3 slots: 0x0 is NULL
stack at sp + 4 slots: 0x000000014c8106a8 points into unknown readable memory: 0x000000010b42e8a8 | a8 e8 42 0b 01 00 00 00
stack at sp + 5 slots: 0x000000014c013540 is a global jni handle
stack at sp + 6 slots: 0x000000014c013540 is a global jni handle
stack at sp + 7 slots: 0x000000014b757260 points into unknown readable memory: 0x000000014b738ed0 | d0 8e 73 4b 01 00 00 00

StubRoutines::SafeFetchN [0x00000001132a14ec, 0x00000001132a14f8] (12 bytes)
[MachCode]
  0x00000001132a14ec: 0100 40f9 | e003 01aa | c003 5fd6 
[/MachCode]

---------------  P R O C E S S  ---------------

Threads class SMR info:
_java_thread_list=0x0000000139fbed90, length=18, elements={
0x000000013b808a00, 0x000000014d0bc200, 0x000000014d0bea00, 0x000000014d0c2200,
0x000000014b80d600, 0x000000014b80dc00, 0x000000014b80e200, 0x000000014b818e00,
0x000000014c81d800, 0x000000014d0c2800, 0x000000014d0be400, 0x000000014c80d400,
0x000000014c80da00, 0x000000014c810400, 0x000000014d20a800, 0x000000014ba6fe00,
0x000000014bf66a00, 0x000000013bcf1400
}

Java Threads: ( => current thread )
  0x000000013b808a00 JavaThread "main" [_thread_blocked, id=5635, stack(0x000000016aed4000,0x000000016b0d7000)]
  0x000000014d0bc200 JavaThread "Reference Handler" daemon [_thread_blocked, id=16643, stack(0x000000016bd28000,0x000000016bf2b000)]
  0x000000014d0bea00 JavaThread "Finalizer" daemon [_thread_blocked, id=15363, stack(0x000000016bf34000,0x000000016c137000)]
  0x000000014d0c2200 JavaThread "Signal Dispatcher" daemon [_thread_blocked, id=42499, stack(0x000000016c258000,0x000000016c45b000)]
  0x000000014b80d600 JavaThread "Service Thread" daemon [_thread_blocked, id=41987, stack(0x000000016c464000,0x000000016c667000)]
  0x000000014b80dc00 JavaThread "Monitor Deflation Thread" daemon [_thread_blocked, id=41475, stack(0x000000016c670000,0x000000016c873000)]
  0x000000014b80e200 JavaThread "C2 CompilerThread0" daemon [_thread_blocked, id=41219, stack(0x000000016c87c000,0x000000016ca7f000)]
  0x000000014b818e00 JavaThread "C1 CompilerThread0" daemon [_thread_blocked, id=40707, stack(0x000000016ca88000,0x000000016cc8b000)]
  0x000000014c81d800 JavaThread "Sweeper thread" daemon [_thread_blocked, id=40451, stack(0x000000016cc94000,0x000000016ce97000)]
  0x000000014d0c2800 JavaThread "Common-Cleaner" daemon [_thread_blocked, id=40195, stack(0x000000016cea0000,0x000000016d0a3000)]
  0x000000014d0be400 JavaThread "Notification Thread" daemon [_thread_blocked, id=23811, stack(0x000000016d0ac000,0x000000016d2af000)]
  0x000000014c80d400 JavaThread "QuantumRenderer-0" daemon [_thread_blocked, id=39427, stack(0x000000016d4c4000,0x000000016d6c7000)]
=>0x000000014c80da00 JavaThread "InvokeLaterDispatcher" daemon [_thread_in_native, id=29451, stack(0x000000016d6d0000,0x000000016d8d3000)]
  0x000000014c810400 JavaThread "JavaFX Application Thread" [_thread_in_vm, id=259, stack(0x000000016a64c000,0x000000016ae48000)]
  0x000000014d20a800 JavaThread "PulseTimer-CVDisplayLink thread" daemon [_thread_in_native, id=51971, stack(0x000000016d8dc000,0x000000016d95f000)]
  0x000000014ba6fe00 JavaThread "JavaFX-Launcher" [_thread_blocked, id=79879, stack(0x000000016db74000,0x000000016dd77000)]
  0x000000014bf66a00 JavaThread "Prism Font Disposer" daemon [_thread_blocked, id=59403, stack(0x000000016e9c8000,0x000000016ebcb000)]
  0x000000013bcf1400 JavaThread "Cleaner-0" daemon [_thread_blocked, id=76811, stack(0x000000016ec60000,0x000000016ee63000)]

Other Threads:
  0x000000014b75bf70 VMThread "VM Thread" [stack: 0x000000016bb1c000,0x000000016bd1f000] [id=17155]
  0x000000014c055010 WatcherThread [stack: 0x000000016d2b8000,0x000000016d4bb000] [id=24323]
  0x000000014b70cf70 GCTaskThread "GC Thread#0" [stack: 0x000000016b0e0000,0x000000016b2e3000] [id=12291]
  0x000000012aaa50d0 GCTaskThread "GC Thread#1" [stack: 0x000000016dd80000,0x000000016df83000] [id=76291]
  0x000000012aaa5940 GCTaskThread "GC Thread#2" [stack: 0x000000016df8c000,0x000000016e18f000] [id=75779]
  0x000000012aaa6600 GCTaskThread "GC Thread#3" [stack: 0x000000016e198000,0x000000016e39b000] [id=75523]
  0x000000012aaa72c0 GCTaskThread "GC Thread#4" [stack: 0x000000016e3a4000,0x000000016e5a7000] [id=56323]
  0x000000012aaa7f80 GCTaskThread "GC Thread#5" [stack: 0x000000016e5b0000,0x000000016e7b3000] [id=75267]
  0x000000014b6f2280 GCTaskThread "GC Thread#6" [stack: 0x000000016e7bc000,0x000000016e9bf000] [id=57091]
  0x0000000139c20340 GCTaskThread "GC Thread#7" [stack: 0x000000016ee6c000,0x000000016f06f000] [id=64267]
  0x000000014b70ddb0 ConcurrentGCThread "G1 Main Marker" [stack: 0x000000016b2ec000,0x000000016b4ef000] [id=12547]
  0x000000014b70eb10 ConcurrentGCThread "G1 Conc#0" [stack: 0x000000016b4f8000,0x000000016b6fb000] [id=19203]
  0x0000000139c4d600 ConcurrentGCThread "G1 Conc#1" [stack: 0x000000016f078000,0x000000016f27b000] [id=64011]
  0x000000014b728950 ConcurrentGCThread "G1 Refine#0" [stack: 0x000000016b704000,0x000000016b907000] [id=13315]
  0x000000014b729680 ConcurrentGCThread "G1 Service" [stack: 0x000000016b910000,0x000000016bb13000] [id=18179]

Threads with active compile tasks:

VM state: not at safepoint (normal execution)

VM Mutex/Monitor currently owned by a thread: None

Heap address: 0x0000000780000000, size: 2048 MB, Compressed Oops mode: Zero based, Oop shift amount: 3

CDS archive(s) not mapped
Compressed class space mapped at: 0x0000000800000000-0x0000000840000000, reserved size: 1073741824
Narrow klass base: 0x0000000800000000, Narrow klass shift: 0, Narrow klass range: 0x40000000

GC Precious Log:
 CPUs: 8 total, 8 available
 Memory: 8192M
 Large Page Support: Disabled
 NUMA Support: Disabled
 Compressed Oops: Enabled (Zero based)
 Heap Region Size: 1M
 Heap Min Capacity: 8M
 Heap Initial Capacity: 128M
 Heap Max Capacity: 2G
 Pre-touch: Disabled
 Parallel Workers: 8
 Concurrent Workers: 2
 Concurrent Refinement Workers: 8
 Periodic GC: Disabled

Heap:
 garbage-first heap   total 40960K, used 13064K [0x0000000780000000, 0x0000000800000000)
  region size 1024K, 9 young (9216K), 5 survivors (5120K)
 Metaspace       used 21974K, committed 22272K, reserved 1073152K
  class space    used 2693K, committed 2816K, reserved 1048576K

Heap Regions: E=young(eden), S=young(survivor), O=old, HS=humongous(starts), HC=humongous(continues), CS=collection set, F=free, OA=open archive, CA=closed archive, TAMS=top-at-mark-start (previous, next)
|   0|0x0000000780000000, 0x0000000780100000, 0x0000000780100000|100%| O|  |TAMS 0x0000000780008008, 0x0000000780000000| Untracked 
|   1|0x0000000780100000, 0x0000000780200000, 0x0000000780200000|100%|HS|  |TAMS 0x0000000780200000, 0x0000000780100000| Complete 
|   2|0x0000000780200000, 0x0000000780300000, 0x0000000780300000|100%|HC|  |TAMS 0x0000000780300000, 0x0000000780200000| Complete 
|   3|0x0000000780300000, 0x0000000780400000, 0x0000000780400000|100%| O|  |TAMS 0x0000000780300000, 0x0000000780300000| Untracked 
|   4|0x0000000780400000, 0x0000000780500000, 0x0000000780500000|100%| O|  |TAMS 0x0000000780400000, 0x0000000780400000| Untracked 
|   5|0x0000000780500000, 0x0000000780510c00, 0x0000000780600000|  6%| O|  |TAMS 0x0000000780500000, 0x0000000780500000| Complete 
|   6|0x0000000780600000, 0x0000000780600000, 0x0000000780700000|  0%| F|  |TAMS 0x0000000780600000, 0x0000000780600000| Untracked 
|   7|0x0000000780700000, 0x0000000780700000, 0x0000000780800000|  0%| F|  |TAMS 0x0000000780700000, 0x0000000780700000| Untracked 
|   8|0x0000000780800000, 0x0000000780800000, 0x0000000780900000|  0%| F|  |TAMS 0x0000000780800000, 0x0000000780800000| Untracked 
|   9|0x0000000780900000, 0x0000000780900000, 0x0000000780a00000|  0%| F|  |TAMS 0x0000000780900000, 0x0000000780900000| Untracked 
|  10|0x0000000780a00000, 0x0000000780a00000, 0x0000000780b00000|  0%| F|  |TAMS 0x0000000780a00000, 0x0000000780a00000| Untracked 
|  11|0x0000000780b00000, 0x0000000780b00000, 0x0000000780c00000|  0%| F|  |TAMS 0x0000000780b00000, 0x0000000780b00000| Untracked 
|  12|0x0000000780c00000, 0x0000000780c00000, 0x0000000780d00000|  0%| F|  |TAMS 0x0000000780c00000, 0x0000000780c00000| Untracked 
|  13|0x0000000780d00000, 0x0000000780d00000, 0x0000000780e00000|  0%| F|  |TAMS 0x0000000780d00000, 0x0000000780d00000| Untracked 
|  14|0x0000000780e00000, 0x0000000780e00000, 0x0000000780f00000|  0%| F|  |TAMS 0x0000000780e00000, 0x0000000780e00000| Untracked 
|  15|0x0000000780f00000, 0x0000000780f00000, 0x0000000781000000|  0%| F|  |TAMS 0x0000000780f00000, 0x0000000780f00000| Untracked 
|  16|0x0000000781000000, 0x0000000781000000, 0x0000000781100000|  0%| F|  |TAMS 0x0000000781000000, 0x0000000781000000| Untracked 
|  17|0x0000000781100000, 0x0000000781100000, 0x0000000781200000|  0%| F|  |TAMS 0x0000000781100000, 0x0000000781100000| Untracked 
|  18|0x0000000781200000, 0x0000000781200000, 0x0000000781300000|  0%| F|  |TAMS 0x0000000781200000, 0x0000000781200000| Untracked 
|  19|0x0000000781300000, 0x0000000781300000, 0x0000000781400000|  0%| F|  |TAMS 0x0000000781300000, 0x0000000781300000| Untracked 
|  20|0x0000000781400000, 0x0000000781400000, 0x0000000781500000|  0%| F|  |TAMS 0x0000000781400000, 0x0000000781400000| Untracked 
|  21|0x0000000781500000, 0x0000000781500000, 0x0000000781600000|  0%| F|  |TAMS 0x0000000781500000, 0x0000000781500000| Untracked 
|  22|0x0000000781600000, 0x0000000781600000, 0x0000000781700000|  0%| F|  |TAMS 0x0000000781600000, 0x0000000781600000| Untracked 
|  23|0x0000000781700000, 0x0000000781700000, 0x0000000781800000|  0%| F|  |TAMS 0x0000000781700000, 0x0000000781700000| Untracked 
|  24|0x0000000781800000, 0x0000000781800000, 0x0000000781900000|  0%| F|  |TAMS 0x0000000781800000, 0x0000000781800000| Untracked 
|  25|0x0000000781900000, 0x0000000781900000, 0x0000000781a00000|  0%| F|  |TAMS 0x0000000781900000, 0x0000000781900000| Untracked 
|  26|0x0000000781a00000, 0x0000000781a00000, 0x0000000781b00000|  0%| F|  |TAMS 0x0000000781a00000, 0x0000000781a00000| Untracked 
|  27|0x0000000781b00000, 0x0000000781b00000, 0x0000000781c00000|  0%| F|  |TAMS 0x0000000781b00000, 0x0000000781b00000| Untracked 
|  28|0x0000000781c00000, 0x0000000781c00000, 0x0000000781d00000|  0%| F|  |TAMS 0x0000000781c00000, 0x0000000781c00000| Untracked 
|  29|0x0000000781d00000, 0x0000000781d00000, 0x0000000781e00000|  0%| F|  |TAMS 0x0000000781d00000, 0x0000000781d00000| Untracked 
|  30|0x0000000781e00000, 0x0000000781e00000, 0x0000000781f00000|  0%| F|  |TAMS 0x0000000781e00000, 0x0000000781e00000| Untracked 
|  31|0x0000000781f00000, 0x0000000782000000, 0x0000000782000000|100%| E|  |TAMS 0x0000000781f00000, 0x0000000781f00000| Complete 
|  32|0x0000000782000000, 0x0000000782100000, 0x0000000782100000|100%| E|CS|TAMS 0x0000000782000000, 0x0000000782000000| Complete 
|  33|0x0000000782100000, 0x0000000782200000, 0x0000000782200000|100%| E|CS|TAMS 0x0000000782100000, 0x0000000782100000| Complete 
|  94|0x0000000785e00000, 0x0000000785eb1420, 0x0000000785f00000| 69%| S|CS|TAMS 0x0000000785e00000, 0x0000000785e00000| Complete 
|  95|0x0000000785f00000, 0x0000000786000000, 0x0000000786000000|100%| S|CS|TAMS 0x0000000785f00000, 0x0000000785f00000| Complete 
|  96|0x0000000786000000, 0x0000000786100000, 0x0000000786100000|100%| S|CS|TAMS 0x0000000786000000, 0x0000000786000000| Complete 
|  97|0x0000000786100000, 0x0000000786200000, 0x0000000786200000|100%| S|CS|TAMS 0x0000000786100000, 0x0000000786100000| Complete 
|  98|0x0000000786200000, 0x0000000786300000, 0x0000000786300000|100%| S|CS|TAMS 0x0000000786200000, 0x0000000786200000| Complete 
| 127|0x0000000787f00000, 0x0000000788000000, 0x0000000788000000|100%| E|CS|TAMS 0x0000000787f00000, 0x0000000787f00000| Complete 

Card table byte_map: [0x0000000109c00000,0x000000010a000000] _byte_map_base: 0x0000000106000000

Marking Bits (Prev, Next): (CMBitMap*) 0x000000014d020e50, (CMBitMap*) 0x000000014d020e10
 Prev Bits: [0x00000001242a0000, 0x00000001262a0000)
 Next Bits: [0x00000001222a0000, 0x00000001242a0000)

Polling page: 0x0000000105138000

Metaspace:

Usage:
  Non-class:     18.83 MB used.
      Class:      2.63 MB used.
       Both:     21.46 MB used.

Virtual space:
  Non-class space:       24.00 MB reserved,      19.00 MB ( 79%) committed,  3 nodes.
      Class space:        1.00 GB reserved,       2.75 MB ( <1%) committed,  1 nodes.
             Both:        1.02 GB reserved,      21.75 MB (  2%) committed. 

Chunk freelists:
   Non-Class:  1.05 MB
       Class:  1.29 MB
        Both:  2.33 MB

MaxMetaspaceSize: unlimited
CompressedClassSpaceSize: 1.00 GB
Initial GC threshold: 21.00 MB
Current GC threshold: 35.12 MB
CDS: off
MetaspaceReclaimPolicy: balanced
 - commit_granule_bytes: 65536.
 - commit_granule_words: 8192.
 - virtual_space_node_default_size: 1048576.
 - enlarge_chunks_in_place: 1.
 - new_chunks_are_fully_committed: 0.
 - uncommit_free_chunks: 1.
 - use_allocation_guard: 0.
 - handle_deallocations: 1.


Internal statistics:

num_allocs_failed_limit: 3.
num_arena_births: 188.
num_arena_deaths: 0.
num_vsnodes_births: 4.
num_vsnodes_deaths: 0.
num_space_committed: 348.
num_space_uncommitted: 0.
num_chunks_returned_to_freelist: 3.
num_chunks_taken_from_freelist: 638.
num_chunk_merges: 3.
num_chunk_splits: 443.
num_chunks_enlarged: 348.
num_purges: 0.
num_inconsistent_stats: 0.

CodeHeap 'non-profiled nmethods': size=120032Kb used=883Kb max_used=883Kb free=119148Kb
 bounds [0x000000011ad68000, 0x000000011afd8000, 0x00000001222a0000]
CodeHeap 'profiled nmethods': size=120016Kb used=4014Kb max_used=4014Kb free=116001Kb
 bounds [0x0000000113834000, 0x0000000113c24000, 0x000000011ad68000]
CodeHeap 'non-nmethods': size=5712Kb used=1394Kb max_used=1514Kb free=4318Kb
 bounds [0x00000001132a0000, 0x0000000113510000, 0x0000000113834000]
 total_blobs=2859 nmethods=2090 adapters=685
 compilation: enabled
              stopped_count=0, restarted_count=0
 full_count=0

Compilation events (20 events):
Event: 3.164 Thread 0x000000014b818e00 nmethod 2131 0x000000011ae41d10 code [0x000000011ae41e80, 0x000000011ae41f68]
Event: 3.164 Thread 0x000000014b818e00 2132       1       com.sun.javafx.geom.Path2D::getNumCommands (5 bytes)
Event: 3.164 Thread 0x000000014b818e00 nmethod 2132 0x000000011ae42010 code [0x000000011ae42180, 0x000000011ae42268]
Event: 3.164 Thread 0x000000014b818e00 2133       1       com.sun.marlin.Renderer::getOutpixMinX (5 bytes)
Event: 3.164 Thread 0x000000014b818e00 nmethod 2133 0x000000011ae42310 code [0x000000011ae42480, 0x000000011ae42568]
Event: 3.164 Thread 0x000000014b818e00 2134       1       com.sun.marlin.Renderer::getOutpixMaxX (5 bytes)
Event: 3.164 Thread 0x000000014b818e00 nmethod 2134 0x000000011ae42610 code [0x000000011ae42780, 0x000000011ae42868]
Event: 3.164 Thread 0x000000014b818e00 2135       1       com.sun.marlin.Renderer::getOutpixMinY (5 bytes)
Event: 3.164 Thread 0x000000014b818e00 nmethod 2135 0x000000011ae42910 code [0x000000011ae42a80, 0x000000011ae42b68]
Event: 3.164 Thread 0x000000014b818e00 2136       1       com.sun.marlin.Renderer::getOutpixMaxY (5 bytes)
Event: 3.164 Thread 0x000000014b818e00 nmethod 2136 0x000000011ae42c10 code [0x000000011ae42d80, 0x000000011ae42e68]
Event: 3.164 Thread 0x000000014b818e00 2137       1       com.sun.marlin.MaskMarlinAlphaConsumer::getMaskData (5 bytes)
Event: 3.164 Thread 0x000000014b818e00 nmethod 2137 0x000000011ae42f10 code [0x000000011ae43080, 0x000000011ae43168]
Event: 3.164 Thread 0x000000014b818e00 2138       1       com.sun.prism.impl.shape.MaskData::getMaskBuffer (5 bytes)
Event: 3.164 Thread 0x000000014b818e00 nmethod 2138 0x000000011ae43210 code [0x000000011ae43380, 0x000000011ae43468]
Event: 3.164 Thread 0x000000014b818e00 2139       1       com.sun.javafx.geom.RectBounds::setMinY (6 bytes)
Event: 3.164 Thread 0x000000014b818e00 nmethod 2139 0x000000011ae43510 code [0x000000011ae43680, 0x000000011ae43768]
Event: 3.164 Thread 0x000000014b818e00 2140       1       com.sun.javafx.geom.RectBounds::setMaxY (6 bytes)
Event: 3.164 Thread 0x000000014b818e00 nmethod 2140 0x000000011ae43810 code [0x000000011ae43980, 0x000000011ae43a68]
Event: 3.229 Thread 0x000000014b80e200 2141       4       com.sun.glass.ui.Application::checkEventThread (35 bytes)

GC Heap History (4 events):
Event: 0.406 GC heap before
{Heap before GC invocations=0 (full 0):
 garbage-first heap   total 131072K, used 22528K [0x0000000780000000, 0x0000000800000000)
  region size 1024K, 23 young (23552K), 0 survivors (0K)
 Metaspace       used 13948K, committed 14080K, reserved 1064960K
  class space    used 1544K, committed 1600K, reserved 1048576K
}
Event: 0.408 GC heap after
{Heap after GC invocations=1 (full 0):
 garbage-first heap   total 131072K, used 3104K [0x0000000780000000, 0x0000000800000000)
  region size 1024K, 3 young (3072K), 3 survivors (3072K)
 Metaspace       used 13948K, committed 14080K, reserved 1064960K
  class space    used 1544K, committed 1600K, reserved 1048576K
}
Event: 0.846 GC heap before
{Heap before GC invocations=1 (full 0):
 garbage-first heap   total 131072K, used 29728K [0x0000000780000000, 0x0000000800000000)
  region size 1024K, 29 young (29696K), 3 survivors (3072K)
 Metaspace       used 21295K, committed 21504K, reserved 1073152K
  class space    used 2630K, committed 2752K, reserved 1048576K
}
Event: 0.849 GC heap after
{Heap after GC invocations=2 (full 0):
 garbage-first heap   total 131072K, used 9992K [0x0000000780000000, 0x0000000800000000)
  region size 1024K, 5 young (5120K), 5 survivors (5120K)
 Metaspace       used 21295K, committed 21504K, reserved 1073152K
  class space    used 2630K, committed 2752K, reserved 1048576K
}

Dll operation events (13 events):
Event: 0.007 Loaded shared library /Library/Java/JavaVirtualMachines/temurin-17.jdk/Contents/Home/lib/libjava.dylib
Event: 0.030 Loaded shared library /Library/Java/JavaVirtualMachines/temurin-17.jdk/Contents/Home/lib/libnio.dylib
Event: 0.051 Loaded shared library /Library/Java/JavaVirtualMachines/temurin-17.jdk/Contents/Home/lib/libnet.dylib
Event: 0.064 Loaded shared library /Library/Java/JavaVirtualMachines/temurin-17.jdk/Contents/Home/lib/libzip.dylib
Event: 0.135 Loading shared library /Users/pattingkasit/.m2/repository/org/openjfx/javafx-graphics/17/libprism_es2.dylib failed, dlopen(/Users/pattingkasit/.m2/repository/org/openjfx/javafx-graphics/17/libprism_es2.dylib, 0x0001): tried: '/Users/pattingkasit/.m2/repos
Event: 0.157 Loaded shared library /Users/pattingkasit/.openjfx/cache/17/libprism_es2.dylib
Event: 0.196 Loading shared library /Users/pattingkasit/.m2/repository/org/openjfx/javafx-graphics/17/libglass.dylib failed, dlopen(/Users/pattingkasit/.m2/repository/org/openjfx/javafx-graphics/17/libglass.dylib, 0x0001): tried: '/Users/pattingkasit/.m2/repository/or
Event: 0.203 Loaded shared library /Users/pattingkasit/.openjfx/cache/17/libglass.dylib
Event: 0.342 Loaded shared library /Library/Java/JavaVirtualMachines/temurin-17.jdk/Contents/Home/lib/libjimage.dylib
Event: 0.400 Loading shared library /Users/pattingkasit/.m2/repository/org/openjfx/javafx-graphics/17/libjavafx_font.dylib failed, dlopen(/Users/pattingkasit/.m2/repository/org/openjfx/javafx-graphics/17/libjavafx_font.dylib, 0x0001): tried: '/Users/pattingkasit/.m2/r
Event: 0.401 Loaded shared library /Users/pattingkasit/.openjfx/cache/17/libjavafx_font.dylib
Event: 0.494 Loading shared library /Users/pattingkasit/.m2/repository/org/openjfx/javafx-graphics/17/libjavafx_iio.dylib failed, dlopen(/Users/pattingkasit/.m2/repository/org/openjfx/javafx-graphics/17/libjavafx_iio.dylib, 0x0001): tried: '/Users/pattingkasit/.m2/rep
Event: 0.498 Loaded shared library /Users/pattingkasit/.openjfx/cache/17/libjavafx_iio.dylib

Deoptimization events (20 events):
Event: 1.033 Thread 0x000000014c80d400 DEOPT PACKING pc=0x0000000113af5638 sp=0x000000016d6c54b0
Event: 1.033 Thread 0x000000014c80d400 DEOPT UNPACKING pc=0x00000001132deb7c sp=0x000000016d6c5110 mode 0
Event: 1.033 Thread 0x000000014c80d400 DEOPT PACKING pc=0x0000000113af5638 sp=0x000000016d6c54b0
Event: 1.033 Thread 0x000000014c80d400 DEOPT UNPACKING pc=0x00000001132deb7c sp=0x000000016d6c5110 mode 0
Event: 1.034 Thread 0x000000014c80d400 DEOPT PACKING pc=0x0000000113af5638 sp=0x000000016d6c54b0
Event: 1.034 Thread 0x000000014c80d400 DEOPT UNPACKING pc=0x00000001132deb7c sp=0x000000016d6c5110 mode 0
Event: 1.034 Thread 0x000000014c80d400 DEOPT PACKING pc=0x0000000113af5638 sp=0x000000016d6c54b0
Event: 1.034 Thread 0x000000014c80d400 DEOPT UNPACKING pc=0x00000001132deb7c sp=0x000000016d6c5110 mode 0
Event: 1.313 Thread 0x000000014c80d400 DEOPT PACKING pc=0x0000000113b69bd4 sp=0x000000016d6c57f0
Event: 1.313 Thread 0x000000014c80d400 DEOPT UNPACKING pc=0x00000001132deb7c sp=0x000000016d6c5410 mode 0
Event: 1.316 Thread 0x000000014c80d400 DEOPT PACKING pc=0x0000000113b0fde0 sp=0x000000016d6c57b0
Event: 1.316 Thread 0x000000014c80d400 DEOPT UNPACKING pc=0x00000001132deb7c sp=0x000000016d6c5450 mode 0
Event: 1.469 Thread 0x000000014c810400 DEOPT PACKING pc=0x0000000113b9ddfc sp=0x000000016ae43f00
Event: 1.469 Thread 0x000000014c810400 DEOPT UNPACKING pc=0x00000001132deb7c sp=0x000000016ae43be0 mode 3
Event: 1.469 Thread 0x000000014c810400 DEOPT PACKING pc=0x0000000113b94504 sp=0x000000016ae43760
Event: 1.469 Thread 0x000000014c810400 DEOPT UNPACKING pc=0x00000001132deb7c sp=0x000000016ae434c0 mode 3
Event: 1.475 Thread 0x000000014c810400 DEOPT PACKING pc=0x0000000113bb4b58 sp=0x000000016ae432c0
Event: 1.475 Thread 0x000000014c810400 DEOPT UNPACKING pc=0x00000001132deb7c sp=0x000000016ae42f30 mode 3
Event: 1.481 Thread 0x000000014c80d400 DEOPT PACKING pc=0x0000000113b5532c sp=0x000000016d6c56d0
Event: 1.481 Thread 0x000000014c80d400 DEOPT UNPACKING pc=0x00000001132deb7c sp=0x000000016d6c52d0 mode 0

Classes unloaded (0 events):
No events

Classes redefined (0 events):
No events

Internal exceptions (20 events):
Event: 0.432 Thread 0x000000014c810400 Exception <a 'java/lang/NoSuchMethodError'{0x0000000787b17fe8}: 'void java.lang.invoke.DirectMethodHandle$Holder.invokeSpecial(java.lang.Object, java.lang.Object, java.lang.Object, java.lang.Object, java.lang.Object)'> (0x0000000787b17fe8) 
thrown [src/hotspot/share/interpreter/linkResolver.cpp, line 759]
Event: 0.437 Thread 0x000000014c810400 Exception <a 'sun/nio/fs/UnixException'{0x0000000787b6e1c0}> (0x0000000787b6e1c0) 
thrown [src/hotspot/share/prims/jni.cpp, line 516]
Event: 0.448 Thread 0x000000014c810400 Exception <a 'sun/nio/fs/UnixException'{0x0000000787a77cf0}> (0x0000000787a77cf0) 
thrown [src/hotspot/share/prims/jni.cpp, line 516]
Event: 0.453 Thread 0x000000014c810400 Exception <a 'java/lang/ClassNotFoundException'{0x0000000787a8cc48}: sun/util/logging/resources/spi/loggingProvider> (0x0000000787a8cc48) 
thrown [src/hotspot/share/classfile/systemDictionary.cpp, line 256]
Event: 0.469 Thread 0x000000014c810400 Exception <a 'java/lang/NoSuchMethodError'{0x00000007879e5560}: 'java.lang.Object java.lang.invoke.DirectMethodHandle$Holder.invokeSpecial(java.lang.Object, java.lang.Object, java.lang.Object, int, java.lang.Object)'> (0x00000007879e5560) 
thrown [src/hotspot/share/interpreter/linkResolver.cpp, line 759]
Event: 0.493 Thread 0x000000014c810400 Exception <a 'java/io/FileNotFoundException'{0x0000000787625790}> (0x0000000787625790) 
thrown [src/hotspot/share/prims/jni.cpp, line 516]
Event: 0.509 Thread 0x000000014c810400 Implicit null exception at 0x000000011ada7c78 to 0x000000011ada7d08
Event: 0.515 Thread 0x000000014c810400 Implicit null exception at 0x000000011adb0290 to 0x000000011adb074c
Event: 0.515 Thread 0x000000014c810400 Implicit null exception at 0x000000011adae190 to 0x000000011adae614
Event: 0.729 Thread 0x000000014c810400 Exception <a 'java/lang/NoSuchMethodError'{0x0000000786ff2c08}: 'java.lang.Object java.lang.invoke.DirectMethodHandle$Holder.invokeInterface(java.lang.Object, java.lang.Object, java.lang.Object)'> (0x0000000786ff2c08) 
thrown [src/hotspot/share/interpreter/linkResolver.cpp, line 759]
Event: 0.729 Thread 0x000000014c810400 Exception <a 'java/lang/IncompatibleClassChangeError'{0x0000000786ff6590}: Found class java.lang.Object, but interface was expected> (0x0000000786ff6590) 
thrown [src/hotspot/share/interpreter/linkResolver.cpp, line 826]
Event: 0.774 Thread 0x000000014c810400 Exception <a 'java/lang/NoSuchMethodError'{0x0000000786a2a1b0}: 'java.lang.Object java.lang.invoke.DirectMethodHandle$Holder.newInvokeSpecial(java.lang.Object, java.lang.Object, int)'> (0x0000000786a2a1b0) 
thrown [src/hotspot/share/interpreter/linkResolver.cpp, line 759]
Event: 0.815 Thread 0x000000014c80d400 Exception <a 'java/lang/NoSuchMethodError'{0x00000007869e0eb0}: 'int java.lang.invoke.DirectMethodHandle$Holder.invokeStaticInit(java.lang.Object, java.lang.Object)'> (0x00000007869e0eb0) 
thrown [src/hotspot/share/interpreter/linkResolver.cpp, line 759]
Event: 1.479 Thread 0x000000014c810400 Exception <a 'java/lang/NoSuchMethodError'{0x000000078207e1c0}: 'long java.lang.invoke.DirectMethodHandle$Holder.invokeStatic(java.lang.Object, java.lang.Object, java.lang.Object)'> (0x000000078207e1c0) 
thrown [src/hotspot/share/interpreter/linkResolver.cpp, line 759]
Event: 1.479 Thread 0x000000014c810400 Exception <a 'java/lang/NoSuchMethodError'{0x0000000782081968}: 'long java.lang.invoke.DirectMethodHandle$Holder.invokeStaticInit(java.lang.Object, java.lang.Object, java.lang.Object)'> (0x0000000782081968) 
thrown [src/hotspot/share/interpreter/linkResolver.cpp, line 759]
Event: 1.480 Thread 0x000000014c810400 Exception <a 'java/lang/NoSuchMethodError'{0x000000078209a028}: 'java.lang.Object java.lang.invoke.DirectMethodHandle$Holder.newInvokeSpecial(java.lang.Object, java.lang.Object, long)'> (0x000000078209a028) 
thrown [src/hotspot/share/interpreter/linkResolver.cpp, line 759]
Event: 1.480 Thread 0x000000014c810400 Exception <a 'java/lang/NoSuchMethodError'{0x000000078209d8f0}: 'java.lang.Object java.lang.invoke.Invokers$Holder.linkToTargetMethod(java.lang.Object, long, java.lang.Object)'> (0x000000078209d8f0) 
thrown [src/hotspot/share/interpreter/linkResolver.cpp, line 759]
Event: 1.744 Thread 0x000000014c810400 Exception <a 'java/lang/NoSuchMethodError'{0x00000007820eb410}: 'java.lang.Object java.lang.invoke.DirectMethodHandle$Holder.newInvokeSpecial(java.lang.Object, java.lang.Object, int, int, int, int, int, java.lang.Object)'> (0x00000007820eb410) 
thrown [src/hotspot/share/interpreter/linkResolver.cpp, line 759]
Event: 1.745 Thread 0x000000014c810400 Exception <a 'java/lang/NoSuchMethodError'{0x00000007820fe3f0}: 'java.lang.Object java.lang.invoke.DirectMethodHandle$Holder.newInvokeSpecial(java.lang.Object, java.lang.Object, java.lang.Object, int, int, int, int, int)'> (0x00000007820fe3f0) 
thrown [src/hotspot/share/interpreter/linkResolver.cpp, line 759]
Event: 1.745 Thread 0x000000014c810400 Exception <a 'java/lang/NoSuchMethodError'{0x0000000781f06460}: 'java.lang.Object java.lang.invoke.Invokers$Holder.linkToTargetMethod(java.lang.Object, java.lang.Object, int, int, int, int, int, java.lang.Object)'> (0x0000000781f06460) 
thrown [src/hotspot/share/interpreter/linkResolver.cpp, line 759]

VM Operations (20 events):
Event: 0.404 Executing VM operation: HandshakeAllThreads
Event: 0.404 Executing VM operation: HandshakeAllThreads done
Event: 0.406 Executing VM operation: G1CollectForAllocation
Event: 0.408 Executing VM operation: G1CollectForAllocation done
Event: 0.428 Executing VM operation: ICBufferFull
Event: 0.428 Executing VM operation: ICBufferFull done
Event: 0.720 Executing VM operation: HandshakeAllThreads
Event: 0.720 Executing VM operation: HandshakeAllThreads done
Event: 0.739 Executing VM operation: ICBufferFull
Event: 0.739 Executing VM operation: ICBufferFull done
Event: 0.846 Executing VM operation: CollectForMetadataAllocation
Event: 0.849 Executing VM operation: CollectForMetadataAllocation done
Event: 0.851 Executing VM operation: G1Concurrent
Event: 0.851 Executing VM operation: G1Concurrent done
Event: 0.852 Executing VM operation: G1Concurrent
Event: 0.852 Executing VM operation: G1Concurrent done
Event: 1.282 Executing VM operation: ICBufferFull
Event: 1.283 Executing VM operation: ICBufferFull done
Event: 2.286 Executing VM operation: Cleanup
Event: 2.287 Executing VM operation: Cleanup done

Events (20 events):
Event: 0.831 loading class java/util/concurrent/ConcurrentLinkedQueue
Event: 0.832 loading class java/util/concurrent/ConcurrentLinkedQueue done
Event: 0.832 loading class java/util/concurrent/ConcurrentLinkedQueue$Node
Event: 0.832 loading class java/util/concurrent/ConcurrentLinkedQueue$Node done
Event: 0.832 loading class jdk/internal/ref/CleanerImpl$InnocuousThreadFactory
Event: 0.832 loading class jdk/internal/ref/CleanerImpl$InnocuousThreadFactory done
Event: 0.833 Thread 0x000000013bcf1400 Thread added: 0x000000013bcf1400
Event: 0.833 Protecting memory [0x000000016ec60000,0x000000016ec6c000] with protection modes 0
Event: 0.834 loading class jdk/internal/math/FDBigInteger
Event: 0.834 loading class jdk/internal/math/FDBigInteger done
Event: 0.836 loading class sun/misc/Unsafe
Event: 0.836 loading class sun/misc/Unsafe done
Event: 0.836 loading class jdk/internal/reflect/UnsafeQualifiedStaticObjectFieldAccessorImpl
Event: 0.836 loading class jdk/internal/reflect/UnsafeQualifiedStaticFieldAccessorImpl
Event: 0.836 loading class jdk/internal/reflect/UnsafeQualifiedStaticFieldAccessorImpl done
Event: 0.836 loading class jdk/internal/reflect/UnsafeQualifiedStaticObjectFieldAccessorImpl done
Event: 0.850 loading class java/nio/DirectFloatBufferU
Event: 0.850 loading class java/nio/DirectFloatBufferU done
Event: 0.857 loading class jdk/internal/misc/ScopedMemoryAccess$Scope
Event: 0.857 loading class jdk/internal/misc/ScopedMemoryAccess$Scope done


Dynamic libraries:
0x00000001050ec000 	/Library/Java/JavaVirtualMachines/temurin-17.jdk/Contents/Home/lib/libjli.dylib
0x000000019663d000 	/usr/lib/libz.1.dylib
0x00000001966f4000 	/usr/lib/libSystem.B.dylib
0x00000001966ee000 	/usr/lib/system/libcache.dylib
0x00000001966ac000 	/usr/lib/system/libcommonCrypto.dylib
0x00000001966d5000 	/usr/lib/system/libcompiler_rt.dylib
0x00000001966cc000 	/usr/lib/system/libcopyfile.dylib
0x000000018b913000 	/usr/lib/system/libcorecrypto.dylib
0x000000018b9c8000 	/usr/lib/system/libdispatch.dylib
0x000000018bb96000 	/usr/lib/system/libdyld.dylib
0x00000001966e4000 	/usr/lib/system/libkeymgr.dylib
0x0000000196687000 	/usr/lib/system/libmacho.dylib
0x0000000195d77000 	/usr/lib/system/libquarantine.dylib
0x00000001966e1000 	/usr/lib/system/libremovefile.dylib
0x0000000190d0e000 	/usr/lib/system/libsystem_asl.dylib
0x000000018b8b5000 	/usr/lib/system/libsystem_blocks.dylib
0x000000018ba50000 	/usr/lib/system/libsystem_c.dylib
0x00000001966d9000 	/usr/lib/system/libsystem_collections.dylib
0x000000019520c000 	/usr/lib/system/libsystem_configuration.dylib
0x0000000194466000 	/usr/lib/system/libsystem_containermanager.dylib
0x00000001963e4000 	/usr/lib/system/libsystem_coreservices.dylib
0x000000018e2c7000 	/usr/lib/system/libsystem_darwin.dylib
0x00000001966e5000 	/usr/lib/system/libsystem_dnssd.dylib
0x000000018ba4d000 	/usr/lib/system/libsystem_featureflags.dylib
0x000000018bbab000 	/usr/lib/system/libsystem_info.dylib
0x000000019664f000 	/usr/lib/system/libsystem_m.dylib
0x000000018b99d000 	/usr/lib/system/libsystem_malloc.dylib
0x0000000190c9c000 	/usr/lib/system/libsystem_networkextension.dylib
0x000000018e720000 	/usr/lib/system/libsystem_notify.dylib
0x000000019ca49000 	/usr/lib/system/libsystem_product_info_filter.dylib
0x0000000195211000 	/usr/lib/system/libsystem_sandbox.dylib
0x00000001966de000 	/usr/lib/system/libsystem_secinit.dylib
0x000000018bb51000 	/usr/lib/system/libsystem_kernel.dylib
0x000000018bba3000 	/usr/lib/system/libsystem_platform.dylib
0x000000018bb89000 	/usr/lib/system/libsystem_pthread.dylib
0x0000000192472000 	/usr/lib/system/libsystem_symptoms.dylib
0x000000018b8f9000 	/usr/lib/system/libsystem_trace.dylib
0x00000001966b9000 	/usr/lib/system/libunwind.dylib
0x000000018b8b7000 	/usr/lib/system/libxpc.dylib
0x000000018bb39000 	/usr/lib/libc++abi.dylib
0x000000018ba0f000 	/usr/lib/libobjc.A.dylib
0x00000001966c4000 	/usr/lib/liboah.dylib
0x000000018bad2000 	/usr/lib/libc++.1.dylib
0x00000001a2577000 	/System/Library/Frameworks/Cocoa.framework/Versions/A/Cocoa
0x000000018e781000 	/System/Library/Frameworks/AppKit.framework/Versions/C/AppKit
0x0000000191c98000 	/System/Library/Frameworks/CoreData.framework/Versions/A/CoreData
0x000000018cadc000 	/System/Library/Frameworks/Foundation.framework/Versions/C/Foundation
0x000000018f63a000 	/System/Library/PrivateFrameworks/UIFoundation.framework/Versions/A/UIFoundation
0x000000019c743000 	/System/Library/PrivateFrameworks/RemoteViewServices.framework/Versions/A/RemoteViewServices
0x0000000194bb4000 	/System/Library/PrivateFrameworks/XCTTargetBootstrap.framework/Versions/A/XCTTargetBootstrap
0x0000000198434000 	/System/Library/PrivateFrameworks/InternationalSupport.framework/Versions/A/InternationalSupport
0x00000001984bd000 	/System/Library/PrivateFrameworks/UserActivity.framework/Versions/A/UserActivity
0x000000019792b000 	/usr/lib/libspindump.dylib
0x000000018f8ab000 	/System/Library/Frameworks/UniformTypeIdentifiers.framework/Versions/A/UniformTypeIdentifiers
0x00000001930fc000 	/usr/lib/libapp_launch_measurement.dylib
0x0000000192624000 	/System/Library/PrivateFrameworks/CoreAnalytics.framework/Versions/A/CoreAnalytics
0x00000001930ff000 	/System/Library/PrivateFrameworks/CoreAutoLayout.framework/Versions/A/CoreAutoLayout
0x00000001944a3000 	/System/Library/Frameworks/Metal.framework/Versions/A/Metal
0x000000019521c000 	/usr/lib/liblangid.dylib
0x0000000194bb9000 	/System/Library/PrivateFrameworks/CoreSVG.framework/Versions/A/CoreSVG
0x0000000190d42000 	/System/Library/PrivateFrameworks/SkyLight.framework/Versions/A/SkyLight
0x000000019111e000 	/System/Library/Frameworks/CoreGraphics.framework/Versions/A/CoreGraphics
0x000000019ce0f000 	/System/Library/Frameworks/Accelerate.framework/Versions/A/Accelerate
0x00000001973a2000 	/System/Library/PrivateFrameworks/IconServices.framework/Versions/A/IconServices
0x0000000194485000 	/System/Library/Frameworks/IOSurface.framework/Versions/A/IOSurface
0x0000000192655000 	/usr/lib/libDiagnosticMessagesClient.dylib
0x00000001a0314000 	/System/Library/Frameworks/ApplicationServices.framework/Versions/A/ApplicationServices
0x0000000194b9c000 	/System/Library/PrivateFrameworks/DFRFoundation.framework/Versions/A/DFRFoundation
0x000000018e011000 	/usr/lib/libicucore.A.dylib
0x00000001992e2000 	/System/Library/Frameworks/AudioToolbox.framework/Versions/A/AudioToolbox
0x0000000198440000 	/System/Library/PrivateFrameworks/DataDetectorsCore.framework/Versions/A/DataDetectorsCore
0x00000001aee60000 	/System/Library/PrivateFrameworks/TextInput.framework/Versions/A/TextInput
0x0000000190cb7000 	/usr/lib/libMobileGestalt.dylib
0x0000000194868000 	/System/Library/Frameworks/Carbon.framework/Versions/A/Frameworks/HIToolbox.framework/Versions/A/HIToolbox
0x0000000192ad5000 	/System/Library/Frameworks/QuartzCore.framework/Versions/A/QuartzCore
0x000000018dc92000 	/System/Library/Frameworks/Security.framework/Versions/A/Security
0x000000019c783000 	/System/Library/Frameworks/Carbon.framework/Versions/A/Frameworks/SpeechRecognition.framework/Versions/A/SpeechRecognition
0x0000000192e51000 	/System/Library/PrivateFrameworks/CoreUI.framework/Versions/A/CoreUI
0x000000018d56e000 	/System/Library/Frameworks/CoreAudio.framework/Versions/A/CoreAudio
0x0000000192749000 	/System/Library/Frameworks/DiskArbitration.framework/Versions/A/DiskArbitration
0x0000000197d35000 	/System/Library/PrivateFrameworks/MultitouchSupport.framework/Versions/A/MultitouchSupport
0x0000000190cb5000 	/usr/lib/libenergytrace.dylib
0x000000018e649000 	/System/Library/Frameworks/IOKit.framework/Versions/A/IOKit
0x000000019cb72000 	/System/Library/Frameworks/CoreServices.framework/Versions/A/CoreServices
0x000000019308c000 	/System/Library/PrivateFrameworks/PerformanceAnalysis.framework/Versions/A/PerformanceAnalysis
0x00000001ed307000 	/System/Library/Frameworks/OpenGL.framework/Versions/A/OpenGL
0x0000000195c8f000 	/System/Library/PrivateFrameworks/MobileKeyBag.framework/Versions/A/MobileKeyBag
0x000000019172c000 	/System/Library/Frameworks/ColorSync.framework/Versions/A/ColorSync
0x000000018bbd8000 	/System/Library/Frameworks/CoreFoundation.framework/Versions/A/CoreFoundation
0x0000000194e38000 	/System/Library/Frameworks/CoreImage.framework/Versions/A/CoreImage
0x000000018d392000 	/System/Library/Frameworks/CoreText.framework/Versions/A/CoreText
0x0000000194be9000 	/System/Library/Frameworks/ImageIO.framework/Versions/A/ImageIO
0x00000001966fa000 	/System/Library/PrivateFrameworks/SoftLinking.framework/Versions/A/SoftLinking
0x000000019314a000 	/usr/lib/libxml2.2.dylib
0x0000000196993000 	/usr/lib/libcompression.dylib
0x0000000198390000 	/System/Library/PrivateFrameworks/TextureIO.framework/Versions/A/TextureIO
0x00000001970bb000 	/usr/lib/libate.dylib
0x0000000196f80000 	/usr/lib/liblzma.5.dylib
0x000000018c7cf000 	/System/Library/Frameworks/SystemConfiguration.framework/Versions/A/SystemConfiguration
0x00000001966f6000 	/usr/lib/libfakelink.dylib
0x00000001907e7000 	/System/Library/Frameworks/CFNetwork.framework/Versions/A/CFNetwork
0x000000019683c000 	/usr/lib/libarchive.2.dylib
0x0000000195218000 	/System/Library/PrivateFrameworks/AppleSystemInfo.framework/Versions/A/AppleSystemInfo
0x0000000195da2000 	/usr/lib/libbsm.0.dylib
0x000000018fd54000 	/usr/lib/libnetwork.dylib
0x0000000196690000 	/usr/lib/system/libkxld.dylib
0x00000001959bc000 	/System/Library/PrivateFrameworks/IOMobileFramebuffer.framework/Versions/A/IOMobileFramebuffer
0x000000020b6f1000 	/usr/lib/libCoreEntitlements.dylib
0x00000001963c6000 	/System/Library/PrivateFrameworks/AppleFSCompression.framework/Versions/A/AppleFSCompression
0x0000000195d8a000 	/usr/lib/libcoretls.dylib
0x0000000196f99000 	/usr/lib/libcoretls_cfhelpers.dylib
0x000000019698e000 	/usr/lib/libpam.2.dylib
0x0000000192088000 	/usr/lib/libsqlite3.dylib
0x0000000197002000 	/usr/lib/libxar.1.dylib
0x00000001963d7000 	/usr/lib/libbz2.1.0.dylib
0x00000001966fb000 	/usr/lib/libpcap.A.dylib
0x0000000192469000 	/usr/lib/libdns_services.dylib
0x0000000196961000 	/usr/lib/libapple_nghttp2.dylib
0x0000000196738000 	/usr/lib/libiconv.2.dylib
0x0000000196686000 	/usr/lib/libcharset.1.dylib
0x00000001930c8000 	/System/Library/Frameworks/CoreServices.framework/Versions/A/Frameworks/FSEvents.framework/Versions/A/FSEvents
0x000000018e2d2000 	/System/Library/Frameworks/CoreServices.framework/Versions/A/Frameworks/CarbonCore.framework/Versions/A/CarbonCore
0x00000001926a9000 	/System/Library/Frameworks/CoreServices.framework/Versions/A/Frameworks/Metadata.framework/Versions/A/Metadata
0x00000001963ea000 	/System/Library/Frameworks/CoreServices.framework/Versions/A/Frameworks/OSServices.framework/Versions/A/OSServices
0x00000001968c2000 	/System/Library/Frameworks/CoreServices.framework/Versions/A/Frameworks/SearchKit.framework/Versions/A/SearchKit
0x00000001923f7000 	/System/Library/Frameworks/CoreServices.framework/Versions/A/Frameworks/AE.framework/Versions/A/AE
0x000000018c11f000 	/System/Library/Frameworks/CoreServices.framework/Versions/A/Frameworks/LaunchServices.framework/Versions/A/LaunchServices
0x0000000196f29000 	/System/Library/Frameworks/CoreServices.framework/Versions/A/Frameworks/DictionaryServices.framework/Versions/A/DictionaryServices
0x00000001930d5000 	/System/Library/Frameworks/CoreServices.framework/Versions/A/Frameworks/SharedFileList.framework/Versions/A/SharedFileList
0x0000000195d7a000 	/usr/lib/libCheckFix.dylib
0x0000000190d26000 	/System/Library/PrivateFrameworks/TCC.framework/Versions/A/TCC
0x000000019521e000 	/System/Library/PrivateFrameworks/CoreNLP.framework/Versions/A/CoreNLP
0x0000000192658000 	/System/Library/PrivateFrameworks/MetadataUtilities.framework/Versions/A/MetadataUtilities
0x000000018c889000 	/usr/lib/libmecabra.dylib
0x0000000195db3000 	/usr/lib/libmecab.dylib
0x000000018c855000 	/usr/lib/libCRFSuite.dylib
0x0000000195e10000 	/usr/lib/libgermantok.dylib
0x000000019693a000 	/usr/lib/libThaiTokenizer.dylib
0x0000000192751000 	/System/Library/Frameworks/Accelerate.framework/Versions/A/Frameworks/vImage.framework/Versions/A/vImage
0x000000019cb49000 	/System/Library/Frameworks/Accelerate.framework/Versions/A/Frameworks/vecLib.framework/Versions/A/vecLib
0x0000000197047000 	/System/Library/Frameworks/Accelerate.framework/Versions/A/Frameworks/vecLib.framework/Versions/A/libvMisc.dylib
0x00000001958c3000 	/System/Library/Frameworks/Accelerate.framework/Versions/A/Frameworks/vecLib.framework/Versions/A/libvDSP.dylib
0x000000018c4aa000 	/System/Library/Frameworks/Accelerate.framework/Versions/A/Frameworks/vecLib.framework/Versions/A/libBLAS.dylib
0x0000000196a64000 	/System/Library/Frameworks/Accelerate.framework/Versions/A/Frameworks/vecLib.framework/Versions/A/libLAPACK.dylib
0x0000000195e13000 	/System/Library/Frameworks/Accelerate.framework/Versions/A/Frameworks/vecLib.framework/Versions/A/libLinearAlgebra.dylib
0x0000000196979000 	/System/Library/Frameworks/Accelerate.framework/Versions/A/Frameworks/vecLib.framework/Versions/A/libSparseBLAS.dylib
0x0000000196a5f000 	/System/Library/Frameworks/Accelerate.framework/Versions/A/Frameworks/vecLib.framework/Versions/A/libQuadrature.dylib
0x0000000195317000 	/System/Library/Frameworks/Accelerate.framework/Versions/A/Frameworks/vecLib.framework/Versions/A/libBNNS.dylib
0x000000018c768000 	/System/Library/Frameworks/Accelerate.framework/Versions/A/Frameworks/vecLib.framework/Versions/A/libSparse.dylib
0x000000019530f000 	/System/Library/PrivateFrameworks/LinguisticData.framework/Versions/A/LinguisticData
0x000000018c720000 	/System/Library/PrivateFrameworks/Lexicon.framework/Versions/A/Lexicon
0x000000019703f000 	/usr/lib/libChineseTokenizer.dylib
0x000000018cece000 	/System/Library/PrivateFrameworks/LanguageModeling.framework/Versions/A/LanguageModeling
0x000000019693c000 	/System/Library/PrivateFrameworks/AppleSauce.framework/Versions/A/AppleSauce
0x00000001959a9000 	/System/Library/PrivateFrameworks/CoreEmoji.framework/Versions/A/CoreEmoji
0x000000019682a000 	/usr/lib/libcmph.dylib
0x00000001930a8000 	/System/Library/Frameworks/OpenDirectory.framework/Versions/A/Frameworks/CFOpenDirectory.framework/Versions/A/CFOpenDirectory
0x0000000193098000 	/System/Library/Frameworks/OpenDirectory.framework/Versions/A/OpenDirectory
0x0000000196f9b000 	/System/Library/PrivateFrameworks/APFS.framework/Versions/A/APFS
0x0000000195cca000 	/System/Library/Frameworks/SecurityFoundation.framework/Versions/A/SecurityFoundation
0x0000000197011000 	/usr/lib/libutil.dylib
0x000000018e60b000 	/System/Library/PrivateFrameworks/CoreServicesStore.framework/Versions/A/CoreServicesStore
0x0000000197015000 	/usr/lib/libxslt.1.dylib
0x0000000195d5e000 	/System/Library/PrivateFrameworks/BackgroundTaskManagement.framework/Versions/A/BackgroundTaskManagement
0x00000001982b1000 	/System/Library/Frameworks/ImageIO.framework/Versions/A/Resources/libRadiance.dylib
0x00000001982ba000 	/System/Library/Frameworks/ImageIO.framework/Versions/A/Resources/libJPEG.dylib
0x000000019820d000 	/System/Library/Frameworks/ImageIO.framework/Versions/A/Resources/libPng.dylib
0x000000019822f000 	/System/Library/Frameworks/ImageIO.framework/Versions/A/Resources/libTIFF.dylib
0x0000000198315000 	/System/Library/Frameworks/ImageIO.framework/Versions/A/Resources/libGIF.dylib
0x0000000197c45000 	/System/Library/Frameworks/ImageIO.framework/Versions/A/Resources/libJP2.dylib
0x0000000197367000 	/usr/lib/libexpat.1.dylib
0x0000000197c00000 	/System/Library/PrivateFrameworks/AppleJPEG.framework/Versions/A/AppleJPEG
0x0000000194724000 	/System/Library/PrivateFrameworks/FontServices.framework/libFontParser.dylib
0x000000019239c000 	/System/Library/PrivateFrameworks/RunningBoardServices.framework/Versions/A/RunningBoardServices
0x00000001a2c4e000 	/System/Library/PrivateFrameworks/IOSurfaceAccelerator.framework/Versions/A/IOSurfaceAccelerator
0x0000000197d31000 	/System/Library/PrivateFrameworks/WatchdogClient.framework/Versions/A/WatchdogClient
0x000000018cfce000 	/System/Library/Frameworks/CoreDisplay.framework/Versions/A/CoreDisplay
0x000000019460e000 	/System/Library/Frameworks/CoreMedia.framework/Versions/A/CoreMedia
0x0000000194499000 	/System/Library/PrivateFrameworks/IOAccelerator.framework/Versions/A/IOAccelerator
0x0000000193238000 	/System/Library/Frameworks/CoreVideo.framework/Versions/A/CoreVideo
0x000000019698c000 	/System/Library/Frameworks/MetalPerformanceShaders.framework/Versions/A/MetalPerformanceShaders
0x0000000197d70000 	/System/Library/Frameworks/VideoToolbox.framework/Versions/A/VideoToolbox
0x00000001922e0000 	/System/Library/PrivateFrameworks/BaseBoard.framework/Versions/A/BaseBoard
0x000000019206e000 	/System/Library/PrivateFrameworks/ProtocolBuffer.framework/Versions/A/ProtocolBuffer
0x00000001982ac000 	/System/Library/PrivateFrameworks/GPUWrangler.framework/Versions/A/GPUWrangler
0x000000019828c000 	/System/Library/PrivateFrameworks/IOPresentment.framework/Versions/A/IOPresentment
0x00000001982b4000 	/System/Library/PrivateFrameworks/DSExternalDisplay.framework/Versions/A/DSExternalDisplay
0x00000001ed2fa000 	/System/Library/Frameworks/OpenGL.framework/Versions/A/Libraries/libCoreFSCache.dylib
0x00000001f81c4000 	/System/Library/PrivateFrameworks/GPUCompiler.framework/Versions/31001/Libraries/libGPUCompilerUtils.dylib
0x000000019831a000 	/System/Library/PrivateFrameworks/CMCaptureCore.framework/Versions/A/CMCaptureCore
0x0000000197918000 	/System/Library/PrivateFrameworks/AppServerSupport.framework/Versions/A/AppServerSupport
0x0000000199ba0000 	/System/Library/PrivateFrameworks/perfdata.framework/Versions/A/perfdata
0x000000018d0ee000 	/System/Library/PrivateFrameworks/AudioToolboxCore.framework/Versions/A/AudioToolboxCore
0x00000001945e7000 	/System/Library/PrivateFrameworks/caulk.framework/Versions/A/caulk
0x0000000199495000 	/usr/lib/libAudioStatistics.dylib
0x00000001ab4b3000 	/System/Library/PrivateFrameworks/SystemPolicy.framework/Versions/A/SystemPolicy
0x0000000199701000 	/usr/lib/libSMC.dylib
0x00000001a2455000 	/System/Library/Frameworks/CoreMIDI.framework/Versions/A/CoreMIDI
0x00000001981db000 	/usr/lib/libAudioToolboxUtility.dylib
0x00000001a7616000 	/System/Library/PrivateFrameworks/OSAServicesClient.framework/Versions/A/OSAServicesClient
0x0000000199bad000 	/usr/lib/libperfcheck.dylib
0x00000001abfd2000 	/usr/lib/libmis.dylib
0x00000001ed35c000 	/System/Library/Frameworks/OpenGL.framework/Versions/A/Libraries/libGLU.dylib
0x00000001ed31b000 	/System/Library/Frameworks/OpenGL.framework/Versions/A/Libraries/libGFXShared.dylib
0x00000001ed508000 	/System/Library/Frameworks/OpenGL.framework/Versions/A/Libraries/libGL.dylib
0x00000001ed324000 	/System/Library/Frameworks/OpenGL.framework/Versions/A/Libraries/libGLImage.dylib
0x00000001ed318000 	/System/Library/Frameworks/OpenGL.framework/Versions/A/Libraries/libCVMSPluginSupport.dylib
0x00000001ed301000 	/System/Library/Frameworks/OpenGL.framework/Versions/A/Libraries/libCoreVMClient.dylib
0x0000000195198000 	/System/Library/Frameworks/MetalPerformanceShaders.framework/Versions/A/Frameworks/MPSCore.framework/Versions/A/MPSCore
0x0000000196339000 	/System/Library/Frameworks/MetalPerformanceShaders.framework/Versions/A/Frameworks/MPSImage.framework/Versions/A/MPSImage
0x0000000195e28000 	/System/Library/Frameworks/MetalPerformanceShaders.framework/Versions/A/Frameworks/MPSNeuralNetwork.framework/Versions/A/MPSNeuralNetwork
0x0000000196261000 	/System/Library/Frameworks/MetalPerformanceShaders.framework/Versions/A/Frameworks/MPSMatrix.framework/Versions/A/MPSMatrix
0x000000019603a000 	/System/Library/Frameworks/MetalPerformanceShaders.framework/Versions/A/Frameworks/MPSRayIntersector.framework/Versions/A/MPSRayIntersector
0x0000000196292000 	/System/Library/Frameworks/MetalPerformanceShaders.framework/Versions/A/Frameworks/MPSNDArray.framework/Versions/A/MPSNDArray
0x00000001efe03000 	/System/Library/Frameworks/MetalPerformanceShaders.framework/Versions/A/Frameworks/MPSFunctions.framework/Versions/A/MPSFunctions
0x000000018c380000 	/System/Library/PrivateFrameworks/MetalTools.framework/Versions/A/MetalTools
0x0000000195216000 	/System/Library/PrivateFrameworks/AggregateDictionary.framework/Versions/A/AggregateDictionary
0x000000019714c000 	/usr/lib/libIOReport.dylib
0x00000001a146e000 	/System/Library/PrivateFrameworks/ASEProcessing.framework/Versions/A/ASEProcessing
0x00000001974c1000 	/System/Library/PrivateFrameworks/FaceCore.framework/Versions/A/FaceCore
0x00000001974b3000 	/System/Library/PrivateFrameworks/GraphVisualizer.framework/Versions/A/GraphVisualizer
0x00000001f80db000 	/System/Library/PrivateFrameworks/FontServices.framework/Versions/A/FontServices
0x00000001978d4000 	/System/Library/PrivateFrameworks/OTSVG.framework/Versions/A/OTSVG
0x0000000192e01000 	/System/Library/Frameworks/ApplicationServices.framework/Versions/A/Frameworks/ATS.framework/Versions/A/Resources/libFontRegistry.dylib
0x0000000197921000 	/System/Library/PrivateFrameworks/FontServices.framework/libhvf.dylib
0x00000001f80dc000 	/System/Library/PrivateFrameworks/FontServices.framework/libXTFontStaticRegistryData.dylib
0x00000001ed6a9000 	/System/Library/Frameworks/OpenCL.framework/Versions/A/OpenCL
0x000000019731b000 	/System/Library/PrivateFrameworks/AppleVA.framework/Versions/A/AppleVA
0x00000001994bd000 	/System/Library/Frameworks/ApplicationServices.framework/Versions/A/Frameworks/ATS.framework/Versions/A/ATS
0x000000019182b000 	/System/Library/Frameworks/ApplicationServices.framework/Versions/A/Frameworks/HIServices.framework/Versions/A/HIServices
0x0000000198324000 	/System/Library/Frameworks/ApplicationServices.framework/Versions/A/Frameworks/PrintCore.framework/Versions/A/PrintCore
0x0000000199854000 	/System/Library/Frameworks/ApplicationServices.framework/Versions/A/Frameworks/QD.framework/Versions/A/QD
0x000000019984c000 	/System/Library/Frameworks/ApplicationServices.framework/Versions/A/Frameworks/ColorSyncLegacy.framework/Versions/A/ColorSyncLegacy
0x00000001994a9000 	/System/Library/Frameworks/ApplicationServices.framework/Versions/A/Frameworks/SpeechSynthesis.framework/Versions/A/SpeechSynthesis
0x00000001982e5000 	/System/Library/Frameworks/ApplicationServices.framework/Versions/A/Frameworks/ATSUI.framework/Versions/A/ATSUI
0x00000001997e1000 	/usr/lib/libcups.2.dylib
0x0000000199bbb000 	/System/Library/Frameworks/Kerberos.framework/Versions/A/Kerberos
0x0000000199bcc000 	/System/Library/Frameworks/GSS.framework/Versions/A/GSS
0x000000019952d000 	/usr/lib/libresolv.9.dylib
0x0000000197930000 	/System/Library/PrivateFrameworks/Heimdal.framework/Versions/A/Heimdal
0x00000001a06a4000 	/System/Library/Frameworks/Kerberos.framework/Versions/A/Libraries/libHeimdalProxy.dylib
0x000000019247b000 	/System/Library/Frameworks/Network.framework/Versions/A/Network
0x0000000197382000 	/usr/lib/libheimdal-asn1.dylib
0x0000000199c1c000 	/System/Library/PrivateFrameworks/CommonAuth.framework/Versions/A/CommonAuth
0x0000000199423000 	/System/Library/PrivateFrameworks/AudioSession.framework/Versions/A/AudioSession
0x0000000197414000 	/System/Library/PrivateFrameworks/MediaExperience.framework/Versions/A/MediaExperience
0x00000001992a8000 	/System/Library/PrivateFrameworks/AudioSession.framework/libSessionUtility.dylib
0x0000000199860000 	/System/Library/PrivateFrameworks/AudioResourceArbitration.framework/Versions/A/AudioResourceArbitration
0x000000019da26000 	/System/Library/PrivateFrameworks/PowerLog.framework/Versions/A/PowerLog
0x000000019738c000 	/System/Library/PrivateFrameworks/IconFoundation.framework/Versions/A/IconFoundation
0x000000019c76f000 	/System/Library/PrivateFrameworks/SpeechRecognitionCore.framework/Versions/A/SpeechRecognitionCore
0x000000010a80c000 	/Library/Java/JavaVirtualMachines/temurin-17.jdk/Contents/Home/lib/server/libjvm.dylib
0x000000010514c000 	/Library/Java/JavaVirtualMachines/temurin-17.jdk/Contents/Home/lib/libjimage.dylib
0x00000001051d4000 	/Library/Java/JavaVirtualMachines/temurin-17.jdk/Contents/Home/lib/libjava.dylib
0x000000010552c000 	/Library/Java/JavaVirtualMachines/temurin-17.jdk/Contents/Home/lib/libnio.dylib
0x0000000105570000 	/Library/Java/JavaVirtualMachines/temurin-17.jdk/Contents/Home/lib/libnet.dylib
0x000000010550c000 	/Library/Java/JavaVirtualMachines/temurin-17.jdk/Contents/Home/lib/libzip.dylib
0x000000010554c000 	/Users/pattingkasit/.openjfx/cache/17/libprism_es2.dylib
0x000000018e5ce000 	/System/Library/PrivateFrameworks/CoreServicesInternal.framework/Versions/A/CoreServicesInternal
0x00000001ed512000 	/System/Library/Frameworks/OpenGL.framework/Versions/A/Resources/GLEngine.bundle/GLEngine
0x00000001ed39a000 	/System/Library/Frameworks/OpenGL.framework/Versions/A/Libraries/libGLProgrammability.dylib
0x00000001282a0000 	/System/Library/Extensions/AppleMetalOpenGLRenderer.bundle/Contents/MacOS/AppleMetalOpenGLRenderer
0x00000001ed681000 	/System/Library/Frameworks/OpenGL.framework/Versions/A/Resources/GLRendererFloat.bundle/GLRendererFloat
0x00000001ed781000 	/System/Library/Extensions/AGXMetal13_3.bundle/Contents/MacOS/AGXMetal13_3
0x00000001abfee000 	/System/Library/PrivateFrameworks/GPURawCounter.framework/Versions/A/GPURawCounter
0x00000001a677f000 	/System/Library/PrivateFrameworks/IOGPU.framework/Versions/A/IOGPU
0x000000012a900000 	/Users/pattingkasit/.openjfx/cache/17/libglass.dylib
0x000000019dc7e000 	/System/Library/Frameworks/FileProvider.framework/Versions/A/FileProvider
0x0000000192248000 	/System/Library/Frameworks/Accounts.framework/Versions/A/Accounts
0x000000019de02000 	/System/Library/PrivateFrameworks/GenerationalStorage.framework/Versions/A/GenerationalStorage
0x000000019e9c5000 	/System/Library/PrivateFrameworks/CoreSymbolication.framework/Versions/A/CoreSymbolication
0x000000019da1a000 	/System/Library/PrivateFrameworks/SymptomDiagnosticReporter.framework/Versions/A/SymptomDiagnosticReporter
0x000000018f8bf000 	/System/Library/PrivateFrameworks/DesktopServicesPriv.framework/Versions/A/DesktopServicesPriv
0x000000018e730000 	/usr/lib/libsandbox.1.dylib
0x00000001932c6000 	/System/Library/PrivateFrameworks/UserManagement.framework/Versions/A/UserManagement
0x000000019e982000 	/System/Library/PrivateFrameworks/DebugSymbols.framework/Versions/A/DebugSymbols
0x000000019983f000 	/System/Library/PrivateFrameworks/NetAuth.framework/Versions/A/NetAuth
0x000000019a760000 	/System/Library/PrivateFrameworks/Sharing.framework/Versions/A/Sharing
0x0000000193296000 	/System/Library/PrivateFrameworks/login.framework/Versions/A/Frameworks/loginsupport.framework/Versions/A/loginsupport
0x000000019fbb9000 	/System/Library/PrivateFrameworks/Apple80211.framework/Versions/A/Apple80211
0x000000019641d000 	/System/Library/PrivateFrameworks/AuthKit.framework/Versions/A/AuthKit
0x0000000195aa5000 	/System/Library/PrivateFrameworks/CoreUtils.framework/Versions/A/CoreUtils
0x00000001959c8000 	/System/Library/Frameworks/CoreWLAN.framework/Versions/A/CoreWLAN
0x000000019a8d0000 	/System/Library/Frameworks/IOBluetooth.framework/Versions/A/IOBluetooth
0x000000019fc19000 	/System/Library/PrivateFrameworks/CoreWiFi.framework/Versions/A/CoreWiFi
0x000000019e562000 	/System/Library/PrivateFrameworks/FrontBoardServices.framework/Versions/A/FrontBoardServices
0x000000019e5fa000 	/System/Library/PrivateFrameworks/BoardServices.framework/Versions/A/BoardServices
0x0000000195cb8000 	/System/Library/PrivateFrameworks/AssertionServices.framework/Versions/A/AssertionServices
0x000000019fd96000 	/System/Library/PrivateFrameworks/BackBoardServices.framework/Versions/A/BackBoardServices
0x0000000199cb3000 	/System/Library/PrivateFrameworks/CorePhoneNumbers.framework/Versions/A/CorePhoneNumbers
0x000000019955a000 	/System/Library/PrivateFrameworks/MultiverseSupport.framework/Versions/A/MultiverseSupport
0x00000001a0017000 	/System/Library/PrivateFrameworks/RemoteServiceDiscovery.framework/Versions/A/RemoteServiceDiscovery
0x000000019db4a000 	/System/Library/PrivateFrameworks/DiskManagement.framework/Versions/A/DiskManagement
0x000000019da4d000 	/System/Library/PrivateFrameworks/AppleIDAuthSupport.framework/Versions/A/AppleIDAuthSupport
0x00000001f2640000 	/System/Library/PrivateFrameworks/AAAFoundation.framework/Versions/A/AAAFoundation
0x0000000199c92000 	/System/Library/PrivateFrameworks/KeychainCircle.framework/Versions/A/KeychainCircle
0x00000001a0027000 	/System/Library/PrivateFrameworks/RemoteXPC.framework/Versions/A/RemoteXPC
0x000000019db16000 	/System/Library/PrivateFrameworks/MediaKit.framework/Versions/A/MediaKit
0x000000019da5a000 	/System/Library/Frameworks/DiscRecording.framework/Versions/A/DiscRecording
0x0000000197297000 	/usr/lib/libCoreStorage.dylib
0x00000001a0093000 	/usr/lib/libcsfde.dylib
0x000000019a9a5000 	/System/Library/PrivateFrameworks/ProtectedCloudStorage.framework/Versions/A/ProtectedCloudStorage
0x00000001a008b000 	/System/Library/PrivateFrameworks/EFILogin.framework/Versions/A/EFILogin
0x000000019de29000 	/System/Library/PrivateFrameworks/OctagonTrust.framework/Versions/A/OctagonTrust
0x00000001f7262000 	/System/Library/PrivateFrameworks/CoreUtilsExtras.framework/Versions/A/CoreUtilsExtras
0x000000019d97f000 	/System/Library/Frameworks/CoreBluetooth.framework/Versions/A/CoreBluetooth
0x00000001a0729000 	/System/Library/Frameworks/AudioUnit.framework/Versions/A/AudioUnit
0x000000019728f000 	/usr/lib/libMatch.1.dylib
0x00000001b04d6000 	/System/Library/Frameworks/Accelerate.framework/Versions/A/Frameworks/vImage.framework/Versions/A/Libraries/libCGInterfaces.dylib
0x000000012afd8000 	/usr/lib/libobjc-trampolines.dylib
0x000000020b84e000 	/usr/lib/libRosetta.dylib
0x0000000192f90000 	/System/Library/PrivateFrameworks/ViewBridge.framework/Versions/A/ViewBridge
0x0000000197155000 	/System/Library/PrivateFrameworks/CrashReporterSupport.framework/Versions/A/CrashReporterSupport
0x00000001b7f8d000 	/System/Library/PrivateFrameworks/OSAnalytics.framework/Versions/A/OSAnalytics
0x00000001c32fa000 	/System/Library/PrivateFrameworks/Symbolication.framework/Versions/A/Symbolication
0x00000001abfaf000 	/System/Library/PrivateFrameworks/MallocStackLogging.framework/Versions/A/MallocStackLogging
0x0000000139990000 	/Users/pattingkasit/.openjfx/cache/17/libjavafx_font.dylib
0x0000000139d00000 	/Users/pattingkasit/.openjfx/cache/17/libjavafx_iio.dylib
0x00000001979f3000 	/System/Library/PrivateFrameworks/login.framework/Versions/A/login


VM Arguments:
jvm_args: -XX:+ShowCodeDetailsInExceptionMessages --module-path=/Users/pattingkasit/Documents/Gitlab Directory/Edit 3/2059/GUI/target/classes:/Users/pattingkasit/.m2/repository/org/openjfx/javafx-controls/17/javafx-controls-17-mac-aarch64.jar:/Users/pattingkasit/.m2/repository/org/openjfx/javafx-graphics/17/javafx-graphics-17-mac-aarch64.jar:/Users/pattingkasit/.m2/repository/org/openjfx/javafx-base/17/javafx-base-17-mac-aarch64.jar:/Users/pattingkasit/.m2/repository/org/openjfx/javafx-fxml/17/javafx-fxml-17-mac-aarch64.jar -Djdk.module.main=com.example.demo6 
java_command: com.example.demo6/com.example.demo6.HelloApplication
java_class_path (initial): /Users/pattingkasit/.m2/repository/org/openjfx/javafx-controls/17/javafx-controls-17.jar:/Users/pattingkasit/.m2/repository/org/openjfx/javafx-graphics/17/javafx-graphics-17.jar:/Users/pattingkasit/.m2/repository/org/openjfx/javafx-base/17/javafx-base-17.jar:/Users/pattingkasit/.m2/repository/org/openjfx/javafx-fxml/17/javafx-fxml-17.jar
Launcher Type: SUN_STANDARD

[Global flags]
     intx CICompilerCount                          = 4                                         {product} {ergonomic}
     uint ConcGCThreads                            = 2                                         {product} {ergonomic}
     uint G1ConcRefinementThreads                  = 8                                         {product} {ergonomic}
   size_t G1HeapRegionSize                         = 1048576                                   {product} {ergonomic}
    uintx GCDrainStackTargetSize                   = 64                                        {product} {ergonomic}
   size_t InitialHeapSize                          = 134217728                                 {product} {ergonomic}
   size_t MarkStackSize                            = 4194304                                   {product} {ergonomic}
   size_t MaxHeapSize                              = 2147483648                                {product} {ergonomic}
   size_t MaxNewSize                               = 1287651328                                {product} {ergonomic}
   size_t MinHeapDeltaBytes                        = 1048576                                   {product} {ergonomic}
   size_t MinHeapSize                              = 8388608                                   {product} {ergonomic}
    uintx NonNMethodCodeHeapSize                   = 5839564                                {pd product} {ergonomic}
    uintx NonProfiledCodeHeapSize                  = 122909338                              {pd product} {ergonomic}
    uintx ProfiledCodeHeapSize                     = 122909338                              {pd product} {ergonomic}
    uintx ReservedCodeCacheSize                    = 251658240                              {pd product} {ergonomic}
     bool SegmentedCodeCache                       = true                                      {product} {ergonomic}
     bool ShowCodeDetailsInExceptionMessages       = true                                   {manageable} {command line}
   size_t SoftMaxHeapSize                          = 2147483648                             {manageable} {ergonomic}
     bool UseCompressedClassPointers               = true                           {product lp64_product} {ergonomic}
     bool UseCompressedOops                        = true                           {product lp64_product} {ergonomic}
     bool UseG1GC                                  = true                                      {product} {ergonomic}
     bool UseNUMA                                  = false                                     {product} {ergonomic}
     bool UseNUMAInterleaving                      = false                                     {product} {ergonomic}

Logging:
Log output configuration:
 #0: stdout all=warning uptime,level,tags
 #1: stderr all=off uptime,level,tags

Environment Variables:
PATH=/opt/local/bin:/opt/local/sbin:/opt/homebrew/bin:/opt/homebrew/sbin:/usr/local/bin:/usr/bin:/bin:/usr/sbin:/sbn:/opt/local/bin:/opt/local/sbin:/Library/Apple/usr/bin:/opt/homebrew/bin:/opt/homebrew/sbin:/sbin
SHELL=/bin/zsh
LANG=en_US.UTF-8
TERM=xterm-256color
TMPDIR=/var/folders/6v/j9wm255s79g__wxh1_zgjprh0000gn/T/

Signal Handlers:
   SIGSEGV: crash_handler in libjvm.dylib, mask=11100110000111110111111111111111, flags=SA_RESTART|SA_SIGINFO
    SIGBUS: crash_handler in libjvm.dylib, mask=11100110000111110111111111111111, flags=SA_RESTART|SA_SIGINFO
    SIGFPE: crash_handler in libjvm.dylib, mask=11100110000111110111111111111111, flags=SA_RESTART|SA_SIGINFO
   SIGPIPE: javaSignalHandler in libjvm.dylib, mask=11100110000111110111111111111111, flags=SA_RESTART|SA_SIGINFO
   SIGXFSZ: javaSignalHandler in libjvm.dylib, mask=11100110000111110111111111111111, flags=SA_RESTART|SA_SIGINFO
    SIGILL: crash_handler in libjvm.dylib, mask=11100110000111110111111111111111, flags=SA_RESTART|SA_SIGINFO
   SIGUSR2: SR_handler in libjvm.dylib, mask=00000000000000000000000000000000, flags=SA_RESTART|SA_SIGINFO
    SIGHUP: UserHandler in libjvm.dylib, mask=11100110000111110111111111111111, flags=SA_RESTART|SA_SIGINFO
    SIGINT: UserHandler in libjvm.dylib, mask=11100110000111110111111111111111, flags=SA_RESTART|SA_SIGINFO
   SIGTERM: UserHandler in libjvm.dylib, mask=11100110000111110111111111111111, flags=SA_RESTART|SA_SIGINFO
   SIGQUIT: UserHandler in libjvm.dylib, mask=11100110000111110111111111111111, flags=SA_RESTART|SA_SIGINFO
  *** Handler was modified!
  *** Expected: javaSignalHandler in libjvm.dylib, mask=11100110100111111111111111111111, flags=SA_RESTART|SA_SIGINFO
   SIGTRAP: crash_handler in libjvm.dylib, mask=11100110000111110111111111111111, flags=SA_RESTART|SA_SIGINFO


---------------  S Y S T E M  ---------------

OS:
uname: Darwin 21.6.0 Darwin Kernel Version 21.6.0: Sat Jun 18 17:05:47 PDT 2022; root:xnu-8020.140.41~1/RELEASE_ARM64_T8101 arm64
OS uptime: 0 days 3:57 hours
rlimit (soft/hard): STACK 8176k/65520k , CORE 0k/infinity , NPROC 1333/2000 , NOFILE 10240/infinity , AS infinity/infinity , CPU infinity/infinity , DATA infinity/infinity , FSIZE infinity/infinity , MEMLOCK infinity/infinity , RSS infinity/infinity
load average: 2.13 1.84 1.69

CPU: total 8 (initial active 8) 0x61:0x0:0x1b588bb3:0, fp, simd, crc, lse

Memory: 16k page, physical 8388608k(72848k free), swap 1048576k(806400k free)

vm_info: OpenJDK 64-Bit Server VM (17.0.5+8) for bsd-aarch64 JRE (17.0.5+8), built on Oct 19 2022 04:38:32 by "temurin" with clang Apple LLVM 12.0.0 (clang-1200.0.32.29)

END.
